PING aaaa::212:7409:9:909(aaaa::212:7409:9:909) 56 data bytes
64 bytes from aaaa::212:7409:9:909: icmp_seq=1 ttl=63 time=494 ms
64 bytes from aaaa::212:7409:9:909: icmp_seq=8 ttl=63 time=1486 ms
64 bytes from aaaa::212:7409:9:909: icmp_seq=10 ttl=63 time=2301 ms
64 bytes from aaaa::212:7409:9:909: icmp_seq=12 ttl=63 time=1902 ms
64 bytes from aaaa::212:7409:9:909: icmp_seq=13 ttl=63 time=403 ms
64 bytes from aaaa::212:7409:9:909: icmp_seq=21 ttl=63 time=1732 ms
64 bytes from aaaa::212:7409:9:909: icmp_seq=24 ttl=63 time=735 ms
64 bytes from aaaa::212:7409:9:909: icmp_seq=25 ttl=63 time=300 ms
64 bytes from aaaa::212:7409:9:909: icmp_seq=29 ttl=63 time=1176 ms
64 bytes from aaaa::212:7409:9:909: icmp_seq=31 ttl=63 time=661 ms
64 bytes from aaaa::212:7409:9:909: icmp_seq=32 ttl=63 time=2264 ms
64 bytes from aaaa::212:7409:9:909: icmp_seq=35 ttl=63 time=330 ms
64 bytes from aaaa::212:7409:9:909: icmp_seq=44 ttl=63 time=471 ms
64 bytes from aaaa::212:7409:9:909: icmp_seq=45 ttl=63 time=329 ms
64 bytes from aaaa::212:7409:9:909: icmp_seq=47 ttl=63 time=789 ms
64 bytes from aaaa::212:7409:9:909: icmp_seq=52 ttl=63 time=450 ms
64 bytes from aaaa::212:7409:9:909: icmp_seq=53 ttl=63 time=910 ms
64 bytes from aaaa::212:7409:9:909: icmp_seq=56 ttl=63 time=1229 ms
64 bytes from aaaa::212:7409:9:909: icmp_seq=64 ttl=63 time=314 ms
64 bytes from aaaa::212:7409:9:909: icmp_seq=66 ttl=63 time=400 ms
64 bytes from aaaa::212:7409:9:909: icmp_seq=67 ttl=63 time=666 ms
64 bytes from aaaa::212:7409:9:909: icmp_seq=69 ttl=63 time=419 ms
64 bytes from aaaa::212:7409:9:909: icmp_seq=71 ttl=63 time=1105 ms
64 bytes from aaaa::212:7409:9:909: icmp_seq=80 ttl=63 time=215 ms
64 bytes from aaaa::212:7409:9:909: icmp_seq=83 ttl=63 time=408 ms
64 bytes from aaaa::212:7409:9:909: icmp_seq=85 ttl=63 time=2040 ms
64 bytes from aaaa::212:7409:9:909: icmp_seq=87 ttl=63 time=2800 ms
64 bytes from aaaa::212:7409:9:909: icmp_seq=89 ttl=63 time=451 ms
64 bytes from aaaa::212:7409:9:909: icmp_seq=92 ttl=63 time=460 ms
64 bytes from aaaa::212:7409:9:909: icmp_seq=93 ttl=63 time=383 ms
64 bytes from aaaa::212:7409:9:909: icmp_seq=94 ttl=63 time=1022 ms

--- aaaa::212:7409:9:909 ping statistics ---
200 packets transmitted, 31 received, 84% packet loss, time 995460ms
rtt min/avg/max/mdev = 215.798/924.508/2800.045/699.205 ms
