PING aaaa::212:7402:2:202(aaaa::212:7402:2:202) 56 data bytes
64 bytes from aaaa::212:7402:2:202: icmp_seq=5 ttl=62 time=1331 ms
64 bytes from aaaa::212:7402:2:202: icmp_seq=17 ttl=62 time=2009 ms
64 bytes from aaaa::212:7402:2:202: icmp_seq=18 ttl=62 time=6627 ms
64 bytes from aaaa::212:7402:2:202: icmp_seq=22 ttl=62 time=571 ms
64 bytes from aaaa::212:7402:2:202: icmp_seq=23 ttl=62 time=705 ms
64 bytes from aaaa::212:7402:2:202: icmp_seq=27 ttl=62 time=5297 ms
64 bytes from aaaa::212:7402:2:202: icmp_seq=28 ttl=62 time=3795 ms
64 bytes from aaaa::212:7402:2:202: icmp_seq=49 ttl=62 time=3471 ms
64 bytes from aaaa::212:7402:2:202: icmp_seq=67 ttl=62 time=595 ms
64 bytes from aaaa::212:7402:2:202: icmp_seq=70 ttl=62 time=903 ms
64 bytes from aaaa::212:7402:2:202: icmp_seq=71 ttl=62 time=1487 ms
64 bytes from aaaa::212:7402:2:202: icmp_seq=76 ttl=62 time=2975 ms
64 bytes from aaaa::212:7402:2:202: icmp_seq=86 ttl=62 time=926 ms
64 bytes from aaaa::212:7402:2:202: icmp_seq=91 ttl=62 time=797 ms
64 bytes from aaaa::212:7402:2:202: icmp_seq=94 ttl=62 time=2800 ms
64 bytes from aaaa::212:7402:2:202: icmp_seq=100 ttl=62 time=631 ms

--- aaaa::212:7402:2:202 ping statistics ---
200 packets transmitted, 16 received, 92% packet loss, time 995302ms
rtt min/avg/max/mdev = 571.877/2183.127/6627.388/1781.886 ms, pipe 2
