PING aaaa::212:7406:6:606(aaaa::212:7406:6:606) 56 data bytes
64 bytes from aaaa::212:7406:6:606: icmp_seq=4 ttl=62 time=1354 ms
64 bytes from aaaa::212:7406:6:606: icmp_seq=5 ttl=62 time=746 ms
64 bytes from aaaa::212:7406:6:606: icmp_seq=9 ttl=62 time=2203 ms
64 bytes from aaaa::212:7406:6:606: icmp_seq=10 ttl=62 time=772 ms
64 bytes from aaaa::212:7406:6:606: icmp_seq=11 ttl=62 time=533 ms
64 bytes from aaaa::212:7406:6:606: icmp_seq=12 ttl=62 time=1373 ms
64 bytes from aaaa::212:7406:6:606: icmp_seq=14 ttl=62 time=772 ms
64 bytes from aaaa::212:7406:6:606: icmp_seq=15 ttl=62 time=387 ms
64 bytes from aaaa::212:7406:6:606: icmp_seq=16 ttl=62 time=3029 ms
64 bytes from aaaa::212:7406:6:606: icmp_seq=17 ttl=62 time=819 ms
64 bytes from aaaa::212:7406:6:606: icmp_seq=19 ttl=62 time=1526 ms
64 bytes from aaaa::212:7406:6:606: icmp_seq=20 ttl=62 time=1292 ms
64 bytes from aaaa::212:7406:6:606: icmp_seq=21 ttl=62 time=2454 ms
64 bytes from aaaa::212:7406:6:606: icmp_seq=22 ttl=62 time=768 ms
64 bytes from aaaa::212:7406:6:606: icmp_seq=24 ttl=62 time=1705 ms
64 bytes from aaaa::212:7406:6:606: icmp_seq=26 ttl=62 time=874 ms
64 bytes from aaaa::212:7406:6:606: icmp_seq=27 ttl=62 time=674 ms
64 bytes from aaaa::212:7406:6:606: icmp_seq=29 ttl=62 time=840 ms
64 bytes from aaaa::212:7406:6:606: icmp_seq=30 ttl=62 time=528 ms
64 bytes from aaaa::212:7406:6:606: icmp_seq=31 ttl=62 time=1510 ms
64 bytes from aaaa::212:7406:6:606: icmp_seq=32 ttl=62 time=1653 ms
64 bytes from aaaa::212:7406:6:606: icmp_seq=33 ttl=62 time=826 ms
64 bytes from aaaa::212:7406:6:606: icmp_seq=36 ttl=62 time=969 ms
64 bytes from aaaa::212:7406:6:606: icmp_seq=38 ttl=62 time=1301 ms
64 bytes from aaaa::212:7406:6:606: icmp_seq=39 ttl=62 time=429 ms
64 bytes from aaaa::212:7406:6:606: icmp_seq=40 ttl=62 time=962 ms
64 bytes from aaaa::212:7406:6:606: icmp_seq=41 ttl=62 time=960 ms
64 bytes from aaaa::212:7406:6:606: icmp_seq=42 ttl=62 time=355 ms
64 bytes from aaaa::212:7406:6:606: icmp_seq=43 ttl=62 time=404 ms
64 bytes from aaaa::212:7406:6:606: icmp_seq=44 ttl=62 time=973 ms
64 bytes from aaaa::212:7406:6:606: icmp_seq=45 ttl=62 time=432 ms
64 bytes from aaaa::212:7406:6:606: icmp_seq=46 ttl=62 time=802 ms
64 bytes from aaaa::212:7406:6:606: icmp_seq=47 ttl=62 time=1251 ms
64 bytes from aaaa::212:7406:6:606: icmp_seq=48 ttl=62 time=3523 ms
64 bytes from aaaa::212:7406:6:606: icmp_seq=51 ttl=62 time=2101 ms
64 bytes from aaaa::212:7406:6:606: icmp_seq=52 ttl=62 time=1025 ms
64 bytes from aaaa::212:7406:6:606: icmp_seq=55 ttl=62 time=696 ms
64 bytes from aaaa::212:7406:6:606: icmp_seq=57 ttl=62 time=896 ms
64 bytes from aaaa::212:7406:6:606: icmp_seq=58 ttl=62 time=2811 ms
64 bytes from aaaa::212:7406:6:606: icmp_seq=59 ttl=62 time=650 ms
64 bytes from aaaa::212:7406:6:606: icmp_seq=60 ttl=62 time=776 ms
64 bytes from aaaa::212:7406:6:606: icmp_seq=61 ttl=62 time=2197 ms
64 bytes from aaaa::212:7406:6:606: icmp_seq=64 ttl=62 time=1466 ms
64 bytes from aaaa::212:7406:6:606: icmp_seq=69 ttl=62 time=1032 ms
64 bytes from aaaa::212:7406:6:606: icmp_seq=70 ttl=62 time=900 ms
64 bytes from aaaa::212:7406:6:606: icmp_seq=71 ttl=62 time=1599 ms
64 bytes from aaaa::212:7406:6:606: icmp_seq=72 ttl=62 time=363 ms
64 bytes from aaaa::212:7406:6:606: icmp_seq=73 ttl=62 time=1238 ms
64 bytes from aaaa::212:7406:6:606: icmp_seq=75 ttl=62 time=1113 ms
64 bytes from aaaa::212:7406:6:606: icmp_seq=76 ttl=62 time=1489 ms
64 bytes from aaaa::212:7406:6:606: icmp_seq=77 ttl=62 time=882 ms
64 bytes from aaaa::212:7406:6:606: icmp_seq=78 ttl=62 time=280 ms
64 bytes from aaaa::212:7406:6:606: icmp_seq=79 ttl=62 time=390 ms
64 bytes from aaaa::212:7406:6:606: icmp_seq=80 ttl=62 time=518 ms
64 bytes from aaaa::212:7406:6:606: icmp_seq=81 ttl=62 time=781 ms
64 bytes from aaaa::212:7406:6:606: icmp_seq=82 ttl=62 time=616 ms
64 bytes from aaaa::212:7406:6:606: icmp_seq=83 ttl=62 time=392 ms
64 bytes from aaaa::212:7406:6:606: icmp_seq=87 ttl=62 time=1164 ms
64 bytes from aaaa::212:7406:6:606: icmp_seq=88 ttl=62 time=2762 ms
64 bytes from aaaa::212:7406:6:606: icmp_seq=89 ttl=62 time=2301 ms
64 bytes from aaaa::212:7406:6:606: icmp_seq=91 ttl=62 time=2245 ms
64 bytes from aaaa::212:7406:6:606: icmp_seq=95 ttl=62 time=511 ms
64 bytes from aaaa::212:7406:6:606: icmp_seq=97 ttl=62 time=1423 ms
64 bytes from aaaa::212:7406:6:606: icmp_seq=98 ttl=62 time=1716 ms
64 bytes from aaaa::212:7406:6:606: icmp_seq=99 ttl=62 time=952 ms
64 bytes from aaaa::212:7406:6:606: icmp_seq=100 ttl=62 time=2715 ms
64 bytes from aaaa::212:7406:6:606: icmp_seq=102 ttl=62 time=313 ms
64 bytes from aaaa::212:7406:6:606: icmp_seq=103 ttl=62 time=802 ms
64 bytes from aaaa::212:7406:6:606: icmp_seq=104 ttl=62 time=584 ms
64 bytes from aaaa::212:7406:6:606: icmp_seq=105 ttl=62 time=904 ms
64 bytes from aaaa::212:7406:6:606: icmp_seq=106 ttl=62 time=335 ms
64 bytes from aaaa::212:7406:6:606: icmp_seq=107 ttl=62 time=709 ms
64 bytes from aaaa::212:7406:6:606: icmp_seq=109 ttl=62 time=387 ms
64 bytes from aaaa::212:7406:6:606: icmp_seq=110 ttl=62 time=846 ms
64 bytes from aaaa::212:7406:6:606: icmp_seq=111 ttl=62 time=831 ms
64 bytes from aaaa::212:7406:6:606: icmp_seq=112 ttl=62 time=260 ms
64 bytes from aaaa::212:7406:6:606: icmp_seq=113 ttl=62 time=458 ms
64 bytes from aaaa::212:7406:6:606: icmp_seq=114 ttl=62 time=518 ms
64 bytes from aaaa::212:7406:6:606: icmp_seq=115 ttl=62 time=796 ms
64 bytes from aaaa::212:7406:6:606: icmp_seq=116 ttl=62 time=339 ms
64 bytes from aaaa::212:7406:6:606: icmp_seq=118 ttl=62 time=489 ms
64 bytes from aaaa::212:7406:6:606: icmp_seq=119 ttl=62 time=346 ms
64 bytes from aaaa::212:7406:6:606: icmp_seq=120 ttl=62 time=4430 ms
64 bytes from aaaa::212:7406:6:606: icmp_seq=121 ttl=62 time=2765 ms
64 bytes from aaaa::212:7406:6:606: icmp_seq=122 ttl=62 time=833 ms
64 bytes from aaaa::212:7406:6:606: icmp_seq=123 ttl=62 time=352 ms
64 bytes from aaaa::212:7406:6:606: icmp_seq=124 ttl=62 time=953 ms
64 bytes from aaaa::212:7406:6:606: icmp_seq=125 ttl=62 time=1535 ms
64 bytes from aaaa::212:7406:6:606: icmp_seq=126 ttl=62 time=414 ms
64 bytes from aaaa::212:7406:6:606: icmp_seq=127 ttl=62 time=1393 ms
64 bytes from aaaa::212:7406:6:606: icmp_seq=128 ttl=62 time=734 ms
64 bytes from aaaa::212:7406:6:606: icmp_seq=130 ttl=62 time=856 ms
64 bytes from aaaa::212:7406:6:606: icmp_seq=132 ttl=62 time=1285 ms
64 bytes from aaaa::212:7406:6:606: icmp_seq=135 ttl=62 time=663 ms
64 bytes from aaaa::212:7406:6:606: icmp_seq=136 ttl=62 time=312 ms
64 bytes from aaaa::212:7406:6:606: icmp_seq=137 ttl=62 time=870 ms
64 bytes from aaaa::212:7406:6:606: icmp_seq=138 ttl=62 time=378 ms
64 bytes from aaaa::212:7406:6:606: icmp_seq=139 ttl=62 time=993 ms
64 bytes from aaaa::212:7406:6:606: icmp_seq=141 ttl=62 time=403 ms
64 bytes from aaaa::212:7406:6:606: icmp_seq=142 ttl=62 time=351 ms
64 bytes from aaaa::212:7406:6:606: icmp_seq=143 ttl=62 time=459 ms
64 bytes from aaaa::212:7406:6:606: icmp_seq=144 ttl=62 time=757 ms
64 bytes from aaaa::212:7406:6:606: icmp_seq=145 ttl=62 time=370 ms
64 bytes from aaaa::212:7406:6:606: icmp_seq=146 ttl=62 time=1805 ms
64 bytes from aaaa::212:7406:6:606: icmp_seq=148 ttl=62 time=4561 ms
64 bytes from aaaa::212:7406:6:606: icmp_seq=149 ttl=62 time=1714 ms
64 bytes from aaaa::212:7406:6:606: icmp_seq=150 ttl=62 time=690 ms
64 bytes from aaaa::212:7406:6:606: icmp_seq=151 ttl=62 time=2510 ms
64 bytes from aaaa::212:7406:6:606: icmp_seq=152 ttl=62 time=316 ms
64 bytes from aaaa::212:7406:6:606: icmp_seq=154 ttl=62 time=602 ms
64 bytes from aaaa::212:7406:6:606: icmp_seq=155 ttl=62 time=1340 ms
64 bytes from aaaa::212:7406:6:606: icmp_seq=156 ttl=62 time=1480 ms
64 bytes from aaaa::212:7406:6:606: icmp_seq=157 ttl=62 time=377 ms
64 bytes from aaaa::212:7406:6:606: icmp_seq=158 ttl=62 time=1842 ms
64 bytes from aaaa::212:7406:6:606: icmp_seq=161 ttl=62 time=725 ms
64 bytes from aaaa::212:7406:6:606: icmp_seq=162 ttl=62 time=438 ms
64 bytes from aaaa::212:7406:6:606: icmp_seq=163 ttl=62 time=1217 ms
64 bytes from aaaa::212:7406:6:606: icmp_seq=164 ttl=62 time=3417 ms
64 bytes from aaaa::212:7406:6:606: icmp_seq=166 ttl=62 time=2007 ms
64 bytes from aaaa::212:7406:6:606: icmp_seq=167 ttl=62 time=1846 ms
64 bytes from aaaa::212:7406:6:606: icmp_seq=168 ttl=62 time=468 ms
64 bytes from aaaa::212:7406:6:606: icmp_seq=169 ttl=62 time=892 ms
64 bytes from aaaa::212:7406:6:606: icmp_seq=171 ttl=62 time=419 ms
64 bytes from aaaa::212:7406:6:606: icmp_seq=172 ttl=62 time=347 ms
64 bytes from aaaa::212:7406:6:606: icmp_seq=173 ttl=62 time=587 ms
64 bytes from aaaa::212:7406:6:606: icmp_seq=174 ttl=62 time=385 ms
64 bytes from aaaa::212:7406:6:606: icmp_seq=175 ttl=62 time=1810 ms
64 bytes from aaaa::212:7406:6:606: icmp_seq=177 ttl=62 time=4877 ms
64 bytes from aaaa::212:7406:6:606: icmp_seq=178 ttl=62 time=571 ms
64 bytes from aaaa::212:7406:6:606: icmp_seq=179 ttl=62 time=932 ms
64 bytes from aaaa::212:7406:6:606: icmp_seq=180 ttl=62 time=436 ms
64 bytes from aaaa::212:7406:6:606: icmp_seq=182 ttl=62 time=640 ms
64 bytes from aaaa::212:7406:6:606: icmp_seq=183 ttl=62 time=347 ms
64 bytes from aaaa::212:7406:6:606: icmp_seq=184 ttl=62 time=765 ms
64 bytes from aaaa::212:7406:6:606: icmp_seq=185 ttl=62 time=1012 ms
64 bytes from aaaa::212:7406:6:606: icmp_seq=186 ttl=62 time=1809 ms
64 bytes from aaaa::212:7406:6:606: icmp_seq=187 ttl=62 time=507 ms
64 bytes from aaaa::212:7406:6:606: icmp_seq=188 ttl=62 time=1187 ms
64 bytes from aaaa::212:7406:6:606: icmp_seq=189 ttl=62 time=337 ms
64 bytes from aaaa::212:7406:6:606: icmp_seq=190 ttl=62 time=869 ms
64 bytes from aaaa::212:7406:6:606: icmp_seq=191 ttl=62 time=327 ms
64 bytes from aaaa::212:7406:6:606: icmp_seq=192 ttl=62 time=819 ms
64 bytes from aaaa::212:7406:6:606: icmp_seq=193 ttl=62 time=785 ms
64 bytes from aaaa::212:7406:6:606: icmp_seq=194 ttl=62 time=3954 ms
64 bytes from aaaa::212:7406:6:606: icmp_seq=197 ttl=62 time=672 ms
64 bytes from aaaa::212:7406:6:606: icmp_seq=198 ttl=62 time=2911 ms
64 bytes from aaaa::212:7406:6:606: icmp_seq=199 ttl=62 time=3242 ms

--- aaaa::212:7406:6:606 ping statistics ---
200 packets transmitted, 147 received, 26% packet loss, time 996150ms
rtt min/avg/max/mdev = 260.108/1142.095/4877.276/911.205 ms
