PING aaaa::212:7404:4:404(aaaa::212:7404:4:404) 56 data bytes
64 bytes from aaaa::212:7404:4:404: icmp_seq=1 ttl=62 time=482 ms
64 bytes from aaaa::212:7404:4:404: icmp_seq=2 ttl=62 time=645 ms
64 bytes from aaaa::212:7404:4:404: icmp_seq=4 ttl=62 time=705 ms
64 bytes from aaaa::212:7404:4:404: icmp_seq=5 ttl=62 time=972 ms
64 bytes from aaaa::212:7404:4:404: icmp_seq=6 ttl=62 time=649 ms
64 bytes from aaaa::212:7404:4:404: icmp_seq=7 ttl=62 time=2020 ms
64 bytes from aaaa::212:7404:4:404: icmp_seq=8 ttl=62 time=1182 ms
64 bytes from aaaa::212:7404:4:404: icmp_seq=9 ttl=62 time=2372 ms
64 bytes from aaaa::212:7404:4:404: icmp_seq=10 ttl=62 time=966 ms
64 bytes from aaaa::212:7404:4:404: icmp_seq=11 ttl=62 time=834 ms
64 bytes from aaaa::212:7404:4:404: icmp_seq=12 ttl=62 time=1102 ms
64 bytes from aaaa::212:7404:4:404: icmp_seq=14 ttl=62 time=945 ms
64 bytes from aaaa::212:7404:4:404: icmp_seq=20 ttl=62 time=1044 ms
64 bytes from aaaa::212:7404:4:404: icmp_seq=23 ttl=62 time=1484 ms
64 bytes from aaaa::212:7404:4:404: icmp_seq=24 ttl=62 time=2559 ms
64 bytes from aaaa::212:7404:4:404: icmp_seq=25 ttl=62 time=2885 ms
64 bytes from aaaa::212:7404:4:404: icmp_seq=26 ttl=62 time=802 ms
64 bytes from aaaa::212:7404:4:404: icmp_seq=27 ttl=62 time=1212 ms
64 bytes from aaaa::212:7404:4:404: icmp_seq=28 ttl=62 time=727 ms
64 bytes from aaaa::212:7404:4:404: icmp_seq=29 ttl=62 time=1027 ms
64 bytes from aaaa::212:7404:4:404: icmp_seq=31 ttl=62 time=484 ms
64 bytes from aaaa::212:7404:4:404: icmp_seq=32 ttl=62 time=967 ms
64 bytes from aaaa::212:7404:4:404: icmp_seq=33 ttl=62 time=1331 ms
64 bytes from aaaa::212:7404:4:404: icmp_seq=34 ttl=62 time=888 ms
64 bytes from aaaa::212:7404:4:404: icmp_seq=38 ttl=62 time=674 ms
64 bytes from aaaa::212:7404:4:404: icmp_seq=39 ttl=62 time=934 ms
64 bytes from aaaa::212:7404:4:404: icmp_seq=40 ttl=62 time=900 ms
64 bytes from aaaa::212:7404:4:404: icmp_seq=41 ttl=62 time=912 ms
64 bytes from aaaa::212:7404:4:404: icmp_seq=42 ttl=62 time=699 ms
64 bytes from aaaa::212:7404:4:404: icmp_seq=43 ttl=62 time=454 ms
64 bytes from aaaa::212:7404:4:404: icmp_seq=44 ttl=62 time=1442 ms
64 bytes from aaaa::212:7404:4:404: icmp_seq=45 ttl=62 time=1513 ms
64 bytes from aaaa::212:7404:4:404: icmp_seq=48 ttl=62 time=1380 ms
64 bytes from aaaa::212:7404:4:404: icmp_seq=51 ttl=62 time=1640 ms
64 bytes from aaaa::212:7404:4:404: icmp_seq=52 ttl=62 time=881 ms
64 bytes from aaaa::212:7404:4:404: icmp_seq=54 ttl=62 time=2362 ms
64 bytes from aaaa::212:7404:4:404: icmp_seq=55 ttl=62 time=1563 ms
64 bytes from aaaa::212:7404:4:404: icmp_seq=56 ttl=62 time=653 ms
64 bytes from aaaa::212:7404:4:404: icmp_seq=59 ttl=62 time=1530 ms
64 bytes from aaaa::212:7404:4:404: icmp_seq=62 ttl=62 time=2102 ms
64 bytes from aaaa::212:7404:4:404: icmp_seq=63 ttl=62 time=548 ms
64 bytes from aaaa::212:7404:4:404: icmp_seq=67 ttl=62 time=1208 ms
64 bytes from aaaa::212:7404:4:404: icmp_seq=68 ttl=62 time=1558 ms
64 bytes from aaaa::212:7404:4:404: icmp_seq=70 ttl=62 time=832 ms
64 bytes from aaaa::212:7404:4:404: icmp_seq=71 ttl=62 time=1320 ms
64 bytes from aaaa::212:7404:4:404: icmp_seq=72 ttl=62 time=681 ms
64 bytes from aaaa::212:7404:4:404: icmp_seq=75 ttl=62 time=1114 ms
64 bytes from aaaa::212:7404:4:404: icmp_seq=76 ttl=62 time=502 ms
64 bytes from aaaa::212:7404:4:404: icmp_seq=77 ttl=62 time=2283 ms
64 bytes from aaaa::212:7404:4:404: icmp_seq=78 ttl=62 time=865 ms
64 bytes from aaaa::212:7404:4:404: icmp_seq=79 ttl=62 time=611 ms
64 bytes from aaaa::212:7404:4:404: icmp_seq=80 ttl=62 time=887 ms
64 bytes from aaaa::212:7404:4:404: icmp_seq=81 ttl=62 time=1256 ms
64 bytes from aaaa::212:7404:4:404: icmp_seq=82 ttl=62 time=1089 ms
64 bytes from aaaa::212:7404:4:404: icmp_seq=83 ttl=62 time=725 ms
64 bytes from aaaa::212:7404:4:404: icmp_seq=84 ttl=62 time=1248 ms
64 bytes from aaaa::212:7404:4:404: icmp_seq=85 ttl=62 time=2568 ms
64 bytes from aaaa::212:7404:4:404: icmp_seq=87 ttl=62 time=730 ms
64 bytes from aaaa::212:7404:4:404: icmp_seq=90 ttl=62 time=635 ms
64 bytes from aaaa::212:7404:4:404: icmp_seq=91 ttl=62 time=725 ms
64 bytes from aaaa::212:7404:4:404: icmp_seq=92 ttl=62 time=960 ms
64 bytes from aaaa::212:7404:4:404: icmp_seq=93 ttl=62 time=418 ms
64 bytes from aaaa::212:7404:4:404: icmp_seq=95 ttl=62 time=883 ms
64 bytes from aaaa::212:7404:4:404: icmp_seq=98 ttl=62 time=1626 ms
64 bytes from aaaa::212:7404:4:404: icmp_seq=99 ttl=62 time=620 ms
64 bytes from aaaa::212:7404:4:404: icmp_seq=100 ttl=62 time=720 ms
64 bytes from aaaa::212:7404:4:404: icmp_seq=102 ttl=62 time=1015 ms
64 bytes from aaaa::212:7404:4:404: icmp_seq=103 ttl=62 time=1579 ms
64 bytes from aaaa::212:7404:4:404: icmp_seq=104 ttl=62 time=694 ms
64 bytes from aaaa::212:7404:4:404: icmp_seq=106 ttl=62 time=770 ms
64 bytes from aaaa::212:7404:4:404: icmp_seq=108 ttl=62 time=924 ms
64 bytes from aaaa::212:7404:4:404: icmp_seq=109 ttl=62 time=1740 ms
64 bytes from aaaa::212:7404:4:404: icmp_seq=111 ttl=62 time=610 ms
64 bytes from aaaa::212:7404:4:404: icmp_seq=112 ttl=62 time=1069 ms
64 bytes from aaaa::212:7404:4:404: icmp_seq=113 ttl=62 time=786 ms
64 bytes from aaaa::212:7404:4:404: icmp_seq=114 ttl=62 time=776 ms
64 bytes from aaaa::212:7404:4:404: icmp_seq=115 ttl=62 time=1081 ms
64 bytes from aaaa::212:7404:4:404: icmp_seq=116 ttl=62 time=401 ms
64 bytes from aaaa::212:7404:4:404: icmp_seq=117 ttl=62 time=949 ms
64 bytes from aaaa::212:7404:4:404: icmp_seq=118 ttl=62 time=488 ms
64 bytes from aaaa::212:7404:4:404: icmp_seq=119 ttl=62 time=1356 ms
64 bytes from aaaa::212:7404:4:404: icmp_seq=122 ttl=62 time=1724 ms
64 bytes from aaaa::212:7404:4:404: icmp_seq=123 ttl=62 time=1193 ms
64 bytes from aaaa::212:7404:4:404: icmp_seq=124 ttl=62 time=1845 ms
64 bytes from aaaa::212:7404:4:404: icmp_seq=125 ttl=62 time=1209 ms
64 bytes from aaaa::212:7404:4:404: icmp_seq=126 ttl=62 time=1033 ms
64 bytes from aaaa::212:7404:4:404: icmp_seq=127 ttl=62 time=729 ms
64 bytes from aaaa::212:7404:4:404: icmp_seq=128 ttl=62 time=566 ms
64 bytes from aaaa::212:7404:4:404: icmp_seq=129 ttl=62 time=1029 ms
64 bytes from aaaa::212:7404:4:404: icmp_seq=131 ttl=62 time=953 ms
64 bytes from aaaa::212:7404:4:404: icmp_seq=133 ttl=62 time=743 ms
64 bytes from aaaa::212:7404:4:404: icmp_seq=134 ttl=62 time=2293 ms
64 bytes from aaaa::212:7404:4:404: icmp_seq=135 ttl=62 time=1856 ms
64 bytes from aaaa::212:7404:4:404: icmp_seq=136 ttl=62 time=1298 ms
64 bytes from aaaa::212:7404:4:404: icmp_seq=137 ttl=62 time=2342 ms
64 bytes from aaaa::212:7404:4:404: icmp_seq=138 ttl=62 time=656 ms
64 bytes from aaaa::212:7404:4:404: icmp_seq=139 ttl=62 time=1236 ms
64 bytes from aaaa::212:7404:4:404: icmp_seq=140 ttl=62 time=1512 ms
64 bytes from aaaa::212:7404:4:404: icmp_seq=142 ttl=62 time=1639 ms
64 bytes from aaaa::212:7404:4:404: icmp_seq=143 ttl=62 time=2813 ms
64 bytes from aaaa::212:7404:4:404: icmp_seq=144 ttl=62 time=890 ms
64 bytes from aaaa::212:7404:4:404: icmp_seq=145 ttl=62 time=847 ms
64 bytes from aaaa::212:7404:4:404: icmp_seq=146 ttl=62 time=1547 ms
64 bytes from aaaa::212:7404:4:404: icmp_seq=150 ttl=62 time=676 ms
64 bytes from aaaa::212:7404:4:404: icmp_seq=151 ttl=62 time=968 ms
64 bytes from aaaa::212:7404:4:404: icmp_seq=152 ttl=62 time=647 ms
64 bytes from aaaa::212:7404:4:404: icmp_seq=153 ttl=62 time=1367 ms
64 bytes from aaaa::212:7404:4:404: icmp_seq=154 ttl=62 time=1516 ms
64 bytes from aaaa::212:7404:4:404: icmp_seq=155 ttl=62 time=1376 ms
64 bytes from aaaa::212:7404:4:404: icmp_seq=156 ttl=62 time=782 ms
64 bytes from aaaa::212:7404:4:404: icmp_seq=157 ttl=62 time=818 ms
64 bytes from aaaa::212:7404:4:404: icmp_seq=158 ttl=62 time=2673 ms
64 bytes from aaaa::212:7404:4:404: icmp_seq=159 ttl=62 time=780 ms
64 bytes from aaaa::212:7404:4:404: icmp_seq=161 ttl=62 time=1078 ms
64 bytes from aaaa::212:7404:4:404: icmp_seq=162 ttl=62 time=2750 ms
64 bytes from aaaa::212:7404:4:404: icmp_seq=164 ttl=62 time=1522 ms
64 bytes from aaaa::212:7404:4:404: icmp_seq=167 ttl=62 time=659 ms
64 bytes from aaaa::212:7404:4:404: icmp_seq=168 ttl=62 time=1165 ms
64 bytes from aaaa::212:7404:4:404: icmp_seq=169 ttl=62 time=1492 ms
64 bytes from aaaa::212:7404:4:404: icmp_seq=170 ttl=62 time=666 ms
64 bytes from aaaa::212:7404:4:404: icmp_seq=171 ttl=62 time=777 ms
64 bytes from aaaa::212:7404:4:404: icmp_seq=172 ttl=62 time=1182 ms
64 bytes from aaaa::212:7404:4:404: icmp_seq=173 ttl=62 time=727 ms
64 bytes from aaaa::212:7404:4:404: icmp_seq=174 ttl=62 time=742 ms
64 bytes from aaaa::212:7404:4:404: icmp_seq=176 ttl=62 time=1868 ms
64 bytes from aaaa::212:7404:4:404: icmp_seq=177 ttl=62 time=2275 ms
64 bytes from aaaa::212:7404:4:404: icmp_seq=179 ttl=62 time=1371 ms
64 bytes from aaaa::212:7404:4:404: icmp_seq=182 ttl=62 time=704 ms
64 bytes from aaaa::212:7404:4:404: icmp_seq=183 ttl=62 time=464 ms
64 bytes from aaaa::212:7404:4:404: icmp_seq=184 ttl=62 time=1493 ms
64 bytes from aaaa::212:7404:4:404: icmp_seq=186 ttl=62 time=1099 ms
64 bytes from aaaa::212:7404:4:404: icmp_seq=188 ttl=62 time=1778 ms
64 bytes from aaaa::212:7404:4:404: icmp_seq=189 ttl=62 time=1210 ms
64 bytes from aaaa::212:7404:4:404: icmp_seq=190 ttl=62 time=1677 ms
64 bytes from aaaa::212:7404:4:404: icmp_seq=191 ttl=62 time=1513 ms
64 bytes from aaaa::212:7404:4:404: icmp_seq=192 ttl=62 time=1471 ms
64 bytes from aaaa::212:7404:4:404: icmp_seq=193 ttl=62 time=1252 ms
64 bytes from aaaa::212:7404:4:404: icmp_seq=195 ttl=62 time=3832 ms
64 bytes from aaaa::212:7404:4:404: icmp_seq=196 ttl=62 time=2154 ms
64 bytes from aaaa::212:7404:4:404: icmp_seq=197 ttl=62 time=1003 ms
64 bytes from aaaa::212:7404:4:404: icmp_seq=199 ttl=62 time=1408 ms

--- aaaa::212:7404:4:404 ping statistics ---
200 packets transmitted, 141 received, 29% packet loss, time 995972ms
rtt min/avg/max/mdev = 401.355/1203.787/3832.138/602.669 ms
