PING aaaa::212:7406:6:606(aaaa::212:7406:6:606) 56 data bytes
64 bytes from aaaa::212:7406:6:606: icmp_seq=1 ttl=62 time=452 ms
64 bytes from aaaa::212:7406:6:606: icmp_seq=3 ttl=62 time=1050 ms
64 bytes from aaaa::212:7406:6:606: icmp_seq=5 ttl=62 time=1759 ms
64 bytes from aaaa::212:7406:6:606: icmp_seq=8 ttl=62 time=935 ms
64 bytes from aaaa::212:7406:6:606: icmp_seq=9 ttl=62 time=698 ms
64 bytes from aaaa::212:7406:6:606: icmp_seq=10 ttl=62 time=489 ms
64 bytes from aaaa::212:7406:6:606: icmp_seq=13 ttl=62 time=339 ms
64 bytes from aaaa::212:7406:6:606: icmp_seq=14 ttl=62 time=714 ms
64 bytes from aaaa::212:7406:6:606: icmp_seq=15 ttl=62 time=776 ms
64 bytes from aaaa::212:7406:6:606: icmp_seq=16 ttl=62 time=326 ms
64 bytes from aaaa::212:7406:6:606: icmp_seq=17 ttl=62 time=434 ms
64 bytes from aaaa::212:7406:6:606: icmp_seq=25 ttl=62 time=1306 ms
64 bytes from aaaa::212:7406:6:606: icmp_seq=27 ttl=62 time=603 ms
64 bytes from aaaa::212:7406:6:606: icmp_seq=28 ttl=62 time=1968 ms
64 bytes from aaaa::212:7406:6:606: icmp_seq=29 ttl=62 time=751 ms
64 bytes from aaaa::212:7406:6:606: icmp_seq=31 ttl=62 time=424 ms
64 bytes from aaaa::212:7406:6:606: icmp_seq=32 ttl=62 time=1362 ms
64 bytes from aaaa::212:7406:6:606: icmp_seq=33 ttl=62 time=699 ms
64 bytes from aaaa::212:7406:6:606: icmp_seq=34 ttl=62 time=400 ms
64 bytes from aaaa::212:7406:6:606: icmp_seq=35 ttl=62 time=1296 ms
64 bytes from aaaa::212:7406:6:606: icmp_seq=36 ttl=62 time=329 ms
64 bytes from aaaa::212:7406:6:606: icmp_seq=37 ttl=62 time=781 ms
64 bytes from aaaa::212:7406:6:606: icmp_seq=38 ttl=62 time=353 ms
64 bytes from aaaa::212:7406:6:606: icmp_seq=39 ttl=62 time=1835 ms
64 bytes from aaaa::212:7406:6:606: icmp_seq=40 ttl=62 time=1777 ms
64 bytes from aaaa::212:7406:6:606: icmp_seq=41 ttl=62 time=533 ms
64 bytes from aaaa::212:7406:6:606: icmp_seq=42 ttl=62 time=1190 ms
64 bytes from aaaa::212:7406:6:606: icmp_seq=44 ttl=62 time=770 ms
64 bytes from aaaa::212:7406:6:606: icmp_seq=47 ttl=62 time=1642 ms
64 bytes from aaaa::212:7406:6:606: icmp_seq=48 ttl=62 time=800 ms
64 bytes from aaaa::212:7406:6:606: icmp_seq=51 ttl=62 time=2641 ms
64 bytes from aaaa::212:7406:6:606: icmp_seq=52 ttl=62 time=679 ms
64 bytes from aaaa::212:7406:6:606: icmp_seq=53 ttl=62 time=644 ms
64 bytes from aaaa::212:7406:6:606: icmp_seq=54 ttl=62 time=3438 ms
64 bytes from aaaa::212:7406:6:606: icmp_seq=55 ttl=62 time=814 ms
64 bytes from aaaa::212:7406:6:606: icmp_seq=56 ttl=62 time=764 ms
64 bytes from aaaa::212:7406:6:606: icmp_seq=57 ttl=62 time=2605 ms
64 bytes from aaaa::212:7406:6:606: icmp_seq=58 ttl=62 time=2239 ms
64 bytes from aaaa::212:7406:6:606: icmp_seq=59 ttl=62 time=1668 ms
64 bytes from aaaa::212:7406:6:606: icmp_seq=60 ttl=62 time=721 ms
64 bytes from aaaa::212:7406:6:606: icmp_seq=61 ttl=62 time=2028 ms
64 bytes from aaaa::212:7406:6:606: icmp_seq=62 ttl=62 time=567 ms
64 bytes from aaaa::212:7406:6:606: icmp_seq=63 ttl=62 time=821 ms
64 bytes from aaaa::212:7406:6:606: icmp_seq=64 ttl=62 time=1843 ms
64 bytes from aaaa::212:7406:6:606: icmp_seq=65 ttl=62 time=3134 ms
64 bytes from aaaa::212:7406:6:606: icmp_seq=66 ttl=62 time=341 ms
64 bytes from aaaa::212:7406:6:606: icmp_seq=67 ttl=62 time=852 ms
64 bytes from aaaa::212:7406:6:606: icmp_seq=70 ttl=62 time=2317 ms
64 bytes from aaaa::212:7406:6:606: icmp_seq=71 ttl=62 time=1098 ms
64 bytes from aaaa::212:7406:6:606: icmp_seq=75 ttl=62 time=1438 ms
64 bytes from aaaa::212:7406:6:606: icmp_seq=76 ttl=62 time=981 ms
64 bytes from aaaa::212:7406:6:606: icmp_seq=77 ttl=62 time=1094 ms
64 bytes from aaaa::212:7406:6:606: icmp_seq=78 ttl=62 time=1035 ms
64 bytes from aaaa::212:7406:6:606: icmp_seq=80 ttl=62 time=430 ms
64 bytes from aaaa::212:7406:6:606: icmp_seq=81 ttl=62 time=545 ms
64 bytes from aaaa::212:7406:6:606: icmp_seq=82 ttl=62 time=3990 ms
64 bytes from aaaa::212:7406:6:606: icmp_seq=83 ttl=62 time=1933 ms
64 bytes from aaaa::212:7406:6:606: icmp_seq=86 ttl=62 time=585 ms
64 bytes from aaaa::212:7406:6:606: icmp_seq=87 ttl=62 time=1000 ms
64 bytes from aaaa::212:7406:6:606: icmp_seq=88 ttl=62 time=427 ms
64 bytes from aaaa::212:7406:6:606: icmp_seq=89 ttl=62 time=980 ms
64 bytes from aaaa::212:7406:6:606: icmp_seq=90 ttl=62 time=989 ms
64 bytes from aaaa::212:7406:6:606: icmp_seq=93 ttl=62 time=780 ms
64 bytes from aaaa::212:7406:6:606: icmp_seq=94 ttl=62 time=833 ms
64 bytes from aaaa::212:7406:6:606: icmp_seq=95 ttl=62 time=775 ms
64 bytes from aaaa::212:7406:6:606: icmp_seq=99 ttl=62 time=3258 ms
64 bytes from aaaa::212:7406:6:606: icmp_seq=100 ttl=62 time=483 ms
64 bytes from aaaa::212:7406:6:606: icmp_seq=101 ttl=62 time=907 ms
64 bytes from aaaa::212:7406:6:606: icmp_seq=102 ttl=62 time=1724 ms
64 bytes from aaaa::212:7406:6:606: icmp_seq=103 ttl=62 time=673 ms
64 bytes from aaaa::212:7406:6:606: icmp_seq=104 ttl=62 time=2091 ms
64 bytes from aaaa::212:7406:6:606: icmp_seq=105 ttl=62 time=685 ms
64 bytes from aaaa::212:7406:6:606: icmp_seq=106 ttl=62 time=392 ms
64 bytes from aaaa::212:7406:6:606: icmp_seq=108 ttl=62 time=381 ms
64 bytes from aaaa::212:7406:6:606: icmp_seq=110 ttl=62 time=2555 ms
64 bytes from aaaa::212:7406:6:606: icmp_seq=111 ttl=62 time=435 ms
64 bytes from aaaa::212:7406:6:606: icmp_seq=112 ttl=62 time=3697 ms
64 bytes from aaaa::212:7406:6:606: icmp_seq=113 ttl=62 time=922 ms
64 bytes from aaaa::212:7406:6:606: icmp_seq=114 ttl=62 time=1025 ms
64 bytes from aaaa::212:7406:6:606: icmp_seq=119 ttl=62 time=335 ms
64 bytes from aaaa::212:7406:6:606: icmp_seq=120 ttl=62 time=451 ms
64 bytes from aaaa::212:7406:6:606: icmp_seq=122 ttl=62 time=1234 ms
64 bytes from aaaa::212:7406:6:606: icmp_seq=123 ttl=62 time=719 ms
64 bytes from aaaa::212:7406:6:606: icmp_seq=124 ttl=62 time=768 ms
64 bytes from aaaa::212:7406:6:606: icmp_seq=126 ttl=62 time=462 ms
64 bytes from aaaa::212:7406:6:606: icmp_seq=127 ttl=62 time=682 ms
64 bytes from aaaa::212:7406:6:606: icmp_seq=128 ttl=62 time=309 ms
64 bytes from aaaa::212:7406:6:606: icmp_seq=130 ttl=62 time=2239 ms
64 bytes from aaaa::212:7406:6:606: icmp_seq=131 ttl=62 time=1879 ms
64 bytes from aaaa::212:7406:6:606: icmp_seq=132 ttl=62 time=2392 ms
64 bytes from aaaa::212:7406:6:606: icmp_seq=133 ttl=62 time=1763 ms
64 bytes from aaaa::212:7406:6:606: icmp_seq=134 ttl=62 time=394 ms
64 bytes from aaaa::212:7406:6:606: icmp_seq=135 ttl=62 time=496 ms
64 bytes from aaaa::212:7406:6:606: icmp_seq=136 ttl=62 time=332 ms
64 bytes from aaaa::212:7406:6:606: icmp_seq=137 ttl=62 time=549 ms
64 bytes from aaaa::212:7406:6:606: icmp_seq=138 ttl=62 time=395 ms
64 bytes from aaaa::212:7406:6:606: icmp_seq=139 ttl=62 time=542 ms
64 bytes from aaaa::212:7406:6:606: icmp_seq=142 ttl=62 time=395 ms
64 bytes from aaaa::212:7406:6:606: icmp_seq=143 ttl=62 time=494 ms
64 bytes from aaaa::212:7406:6:606: icmp_seq=144 ttl=62 time=450 ms
64 bytes from aaaa::212:7406:6:606: icmp_seq=145 ttl=62 time=1351 ms
64 bytes from aaaa::212:7406:6:606: icmp_seq=146 ttl=62 time=1395 ms
64 bytes from aaaa::212:7406:6:606: icmp_seq=147 ttl=62 time=341 ms
64 bytes from aaaa::212:7406:6:606: icmp_seq=148 ttl=62 time=1210 ms
64 bytes from aaaa::212:7406:6:606: icmp_seq=149 ttl=62 time=369 ms
64 bytes from aaaa::212:7406:6:606: icmp_seq=150 ttl=62 time=314 ms
64 bytes from aaaa::212:7406:6:606: icmp_seq=151 ttl=62 time=333 ms
64 bytes from aaaa::212:7406:6:606: icmp_seq=152 ttl=62 time=488 ms
64 bytes from aaaa::212:7406:6:606: icmp_seq=153 ttl=62 time=442 ms
64 bytes from aaaa::212:7406:6:606: icmp_seq=154 ttl=62 time=400 ms
64 bytes from aaaa::212:7406:6:606: icmp_seq=155 ttl=62 time=820 ms
64 bytes from aaaa::212:7406:6:606: icmp_seq=156 ttl=62 time=353 ms
64 bytes from aaaa::212:7406:6:606: icmp_seq=157 ttl=62 time=378 ms
64 bytes from aaaa::212:7406:6:606: icmp_seq=158 ttl=62 time=439 ms
64 bytes from aaaa::212:7406:6:606: icmp_seq=159 ttl=62 time=450 ms
64 bytes from aaaa::212:7406:6:606: icmp_seq=160 ttl=62 time=395 ms
64 bytes from aaaa::212:7406:6:606: icmp_seq=161 ttl=62 time=415 ms
64 bytes from aaaa::212:7406:6:606: icmp_seq=162 ttl=62 time=1633 ms
64 bytes from aaaa::212:7406:6:606: icmp_seq=163 ttl=62 time=491 ms
64 bytes from aaaa::212:7406:6:606: icmp_seq=164 ttl=62 time=424 ms
64 bytes from aaaa::212:7406:6:606: icmp_seq=165 ttl=62 time=755 ms
64 bytes from aaaa::212:7406:6:606: icmp_seq=166 ttl=62 time=1618 ms
64 bytes from aaaa::212:7406:6:606: icmp_seq=167 ttl=62 time=433 ms
64 bytes from aaaa::212:7406:6:606: icmp_seq=168 ttl=62 time=363 ms
64 bytes from aaaa::212:7406:6:606: icmp_seq=169 ttl=62 time=459 ms
64 bytes from aaaa::212:7406:6:606: icmp_seq=170 ttl=62 time=1610 ms
64 bytes from aaaa::212:7406:6:606: icmp_seq=171 ttl=62 time=450 ms
64 bytes from aaaa::212:7406:6:606: icmp_seq=172 ttl=62 time=513 ms
64 bytes from aaaa::212:7406:6:606: icmp_seq=173 ttl=62 time=381 ms
64 bytes from aaaa::212:7406:6:606: icmp_seq=174 ttl=62 time=1761 ms
64 bytes from aaaa::212:7406:6:606: icmp_seq=175 ttl=62 time=364 ms
64 bytes from aaaa::212:7406:6:606: icmp_seq=176 ttl=62 time=712 ms
64 bytes from aaaa::212:7406:6:606: icmp_seq=178 ttl=62 time=411 ms
64 bytes from aaaa::212:7406:6:606: icmp_seq=179 ttl=62 time=336 ms
64 bytes from aaaa::212:7406:6:606: icmp_seq=180 ttl=62 time=448 ms
64 bytes from aaaa::212:7406:6:606: icmp_seq=181 ttl=62 time=309 ms
64 bytes from aaaa::212:7406:6:606: icmp_seq=182 ttl=62 time=643 ms
64 bytes from aaaa::212:7406:6:606: icmp_seq=183 ttl=62 time=573 ms
64 bytes from aaaa::212:7406:6:606: icmp_seq=186 ttl=62 time=428 ms
64 bytes from aaaa::212:7406:6:606: icmp_seq=187 ttl=62 time=360 ms
64 bytes from aaaa::212:7406:6:606: icmp_seq=188 ttl=62 time=2938 ms
64 bytes from aaaa::212:7406:6:606: icmp_seq=189 ttl=62 time=432 ms
64 bytes from aaaa::212:7406:6:606: icmp_seq=190 ttl=62 time=736 ms
64 bytes from aaaa::212:7406:6:606: icmp_seq=191 ttl=62 time=405 ms
64 bytes from aaaa::212:7406:6:606: icmp_seq=192 ttl=62 time=391 ms
64 bytes from aaaa::212:7406:6:606: icmp_seq=193 ttl=62 time=446 ms
64 bytes from aaaa::212:7406:6:606: icmp_seq=194 ttl=62 time=404 ms
64 bytes from aaaa::212:7406:6:606: icmp_seq=195 ttl=62 time=369 ms
64 bytes from aaaa::212:7406:6:606: icmp_seq=196 ttl=62 time=444 ms
64 bytes from aaaa::212:7406:6:606: icmp_seq=197 ttl=62 time=342 ms
64 bytes from aaaa::212:7406:6:606: icmp_seq=198 ttl=62 time=505 ms
64 bytes from aaaa::212:7406:6:606: icmp_seq=199 ttl=62 time=334 ms
64 bytes from aaaa::212:7406:6:606: icmp_seq=200 ttl=62 time=425 ms

--- aaaa::212:7406:6:606 ping statistics ---
200 packets transmitted, 153 received, 23% packet loss, time 996158ms
rtt min/avg/max/mdev = 309.334/940.815/3990.027/760.622 ms
