PING aaaa::212:7408:8:808(aaaa::212:7408:8:808) 56 data bytes
64 bytes from aaaa::212:7408:8:808: icmp_seq=71 ttl=60 time=1274 ms
64 bytes from aaaa::212:7408:8:808: icmp_seq=73 ttl=60 time=5904 ms
64 bytes from aaaa::212:7408:8:808: icmp_seq=76 ttl=60 time=878 ms
64 bytes from aaaa::212:7408:8:808: icmp_seq=77 ttl=60 time=2305 ms
64 bytes from aaaa::212:7408:8:808: icmp_seq=78 ttl=60 time=1083 ms
64 bytes from aaaa::212:7408:8:808: icmp_seq=79 ttl=60 time=2535 ms
64 bytes from aaaa::212:7408:8:808: icmp_seq=80 ttl=60 time=934 ms
64 bytes from aaaa::212:7408:8:808: icmp_seq=81 ttl=60 time=842 ms
64 bytes from aaaa::212:7408:8:808: icmp_seq=84 ttl=60 time=1690 ms
64 bytes from aaaa::212:7408:8:808: icmp_seq=86 ttl=60 time=1108 ms
64 bytes from aaaa::212:7408:8:808: icmp_seq=87 ttl=60 time=843 ms
64 bytes from aaaa::212:7408:8:808: icmp_seq=88 ttl=60 time=907 ms
64 bytes from aaaa::212:7408:8:808: icmp_seq=89 ttl=60 time=772 ms
64 bytes from aaaa::212:7408:8:808: icmp_seq=90 ttl=60 time=1298 ms
64 bytes from aaaa::212:7408:8:808: icmp_seq=91 ttl=60 time=2897 ms
64 bytes from aaaa::212:7408:8:808: icmp_seq=92 ttl=60 time=2243 ms
64 bytes from aaaa::212:7408:8:808: icmp_seq=93 ttl=60 time=1642 ms
64 bytes from aaaa::212:7408:8:808: icmp_seq=95 ttl=60 time=2712 ms
64 bytes from aaaa::212:7408:8:808: icmp_seq=97 ttl=60 time=1651 ms
64 bytes from aaaa::212:7408:8:808: icmp_seq=98 ttl=58 time=7865 ms
64 bytes from aaaa::212:7408:8:808: icmp_seq=101 ttl=60 time=1115 ms
64 bytes from aaaa::212:7408:8:808: icmp_seq=102 ttl=60 time=1464 ms
64 bytes from aaaa::212:7408:8:808: icmp_seq=104 ttl=60 time=1708 ms
64 bytes from aaaa::212:7408:8:808: icmp_seq=108 ttl=60 time=2648 ms
64 bytes from aaaa::212:7408:8:808: icmp_seq=109 ttl=60 time=1051 ms
64 bytes from aaaa::212:7408:8:808: icmp_seq=110 ttl=60 time=2592 ms
64 bytes from aaaa::212:7408:8:808: icmp_seq=111 ttl=60 time=4891 ms
64 bytes from aaaa::212:7408:8:808: icmp_seq=112 ttl=60 time=3183 ms
64 bytes from aaaa::212:7408:8:808: icmp_seq=113 ttl=60 time=1050 ms
64 bytes from aaaa::212:7408:8:808: icmp_seq=114 ttl=60 time=3121 ms
64 bytes from aaaa::212:7408:8:808: icmp_seq=116 ttl=60 time=2366 ms
64 bytes from aaaa::212:7408:8:808: icmp_seq=121 ttl=60 time=1299 ms
64 bytes from aaaa::212:7408:8:808: icmp_seq=122 ttl=60 time=716 ms
64 bytes from aaaa::212:7408:8:808: icmp_seq=123 ttl=60 time=3121 ms
64 bytes from aaaa::212:7408:8:808: icmp_seq=126 ttl=60 time=802 ms
64 bytes from aaaa::212:7408:8:808: icmp_seq=127 ttl=60 time=844 ms
64 bytes from aaaa::212:7408:8:808: icmp_seq=130 ttl=60 time=4002 ms
64 bytes from aaaa::212:7408:8:808: icmp_seq=131 ttl=60 time=2413 ms
64 bytes from aaaa::212:7408:8:808: icmp_seq=134 ttl=60 time=2313 ms
64 bytes from aaaa::212:7408:8:808: icmp_seq=135 ttl=60 time=1293 ms
64 bytes from aaaa::212:7408:8:808: icmp_seq=136 ttl=60 time=1114 ms
64 bytes from aaaa::212:7408:8:808: icmp_seq=137 ttl=60 time=808 ms
64 bytes from aaaa::212:7408:8:808: icmp_seq=138 ttl=60 time=1110 ms
64 bytes from aaaa::212:7408:8:808: icmp_seq=139 ttl=60 time=891 ms
64 bytes from aaaa::212:7408:8:808: icmp_seq=140 ttl=60 time=3384 ms
64 bytes from aaaa::212:7408:8:808: icmp_seq=141 ttl=60 time=805 ms
64 bytes from aaaa::212:7408:8:808: icmp_seq=142 ttl=60 time=869 ms
64 bytes from aaaa::212:7408:8:808: icmp_seq=143 ttl=60 time=809 ms
64 bytes from aaaa::212:7408:8:808: icmp_seq=144 ttl=60 time=714 ms
64 bytes from aaaa::212:7408:8:808: icmp_seq=146 ttl=60 time=824 ms
64 bytes from aaaa::212:7408:8:808: icmp_seq=147 ttl=60 time=1108 ms
64 bytes from aaaa::212:7408:8:808: icmp_seq=148 ttl=60 time=809 ms
64 bytes from aaaa::212:7408:8:808: icmp_seq=149 ttl=60 time=778 ms
64 bytes from aaaa::212:7408:8:808: icmp_seq=150 ttl=60 time=840 ms
64 bytes from aaaa::212:7408:8:808: icmp_seq=151 ttl=60 time=842 ms
64 bytes from aaaa::212:7408:8:808: icmp_seq=152 ttl=60 time=839 ms
64 bytes from aaaa::212:7408:8:808: icmp_seq=153 ttl=60 time=941 ms
64 bytes from aaaa::212:7408:8:808: icmp_seq=154 ttl=60 time=793 ms
64 bytes from aaaa::212:7408:8:808: icmp_seq=155 ttl=60 time=1491 ms
64 bytes from aaaa::212:7408:8:808: icmp_seq=156 ttl=60 time=904 ms
64 bytes from aaaa::212:7408:8:808: icmp_seq=157 ttl=60 time=1668 ms
64 bytes from aaaa::212:7408:8:808: icmp_seq=158 ttl=60 time=1040 ms
64 bytes from aaaa::212:7408:8:808: icmp_seq=159 ttl=60 time=852 ms
64 bytes from aaaa::212:7408:8:808: icmp_seq=160 ttl=60 time=1396 ms
64 bytes from aaaa::212:7408:8:808: icmp_seq=161 ttl=60 time=966 ms
64 bytes from aaaa::212:7408:8:808: icmp_seq=162 ttl=60 time=920 ms
64 bytes from aaaa::212:7408:8:808: icmp_seq=163 ttl=60 time=904 ms
64 bytes from aaaa::212:7408:8:808: icmp_seq=164 ttl=60 time=2881 ms
64 bytes from aaaa::212:7408:8:808: icmp_seq=165 ttl=60 time=1090 ms
64 bytes from aaaa::212:7408:8:808: icmp_seq=166 ttl=60 time=1391 ms
64 bytes from aaaa::212:7408:8:808: icmp_seq=167 ttl=60 time=852 ms
64 bytes from aaaa::212:7408:8:808: icmp_seq=168 ttl=60 time=871 ms
64 bytes from aaaa::212:7408:8:808: icmp_seq=169 ttl=60 time=884 ms
64 bytes from aaaa::212:7408:8:808: icmp_seq=170 ttl=60 time=885 ms
64 bytes from aaaa::212:7408:8:808: icmp_seq=171 ttl=60 time=1178 ms
64 bytes from aaaa::212:7408:8:808: icmp_seq=172 ttl=60 time=990 ms
64 bytes from aaaa::212:7408:8:808: icmp_seq=173 ttl=60 time=3807 ms
64 bytes from aaaa::212:7408:8:808: icmp_seq=174 ttl=60 time=1807 ms
64 bytes from aaaa::212:7408:8:808: icmp_seq=175 ttl=60 time=821 ms
64 bytes from aaaa::212:7408:8:808: icmp_seq=177 ttl=60 time=1391 ms
64 bytes from aaaa::212:7408:8:808: icmp_seq=178 ttl=60 time=728 ms
64 bytes from aaaa::212:7408:8:808: icmp_seq=179 ttl=60 time=797 ms
64 bytes from aaaa::212:7408:8:808: icmp_seq=180 ttl=60 time=995 ms
64 bytes from aaaa::212:7408:8:808: icmp_seq=181 ttl=60 time=861 ms
64 bytes from aaaa::212:7408:8:808: icmp_seq=182 ttl=60 time=858 ms
64 bytes from aaaa::212:7408:8:808: icmp_seq=183 ttl=60 time=887 ms
64 bytes from aaaa::212:7408:8:808: icmp_seq=184 ttl=60 time=3054 ms
64 bytes from aaaa::212:7408:8:808: icmp_seq=185 ttl=60 time=1609 ms
64 bytes from aaaa::212:7408:8:808: icmp_seq=186 ttl=60 time=920 ms
64 bytes from aaaa::212:7408:8:808: icmp_seq=187 ttl=60 time=838 ms
64 bytes from aaaa::212:7408:8:808: icmp_seq=188 ttl=60 time=3053 ms
64 bytes from aaaa::212:7408:8:808: icmp_seq=189 ttl=60 time=804 ms
64 bytes from aaaa::212:7408:8:808: icmp_seq=190 ttl=60 time=1142 ms
64 bytes from aaaa::212:7408:8:808: icmp_seq=191 ttl=60 time=901 ms
64 bytes from aaaa::212:7408:8:808: icmp_seq=192 ttl=60 time=1334 ms
64 bytes from aaaa::212:7408:8:808: icmp_seq=193 ttl=60 time=819 ms
64 bytes from aaaa::212:7408:8:808: icmp_seq=194 ttl=60 time=773 ms
64 bytes from aaaa::212:7408:8:808: icmp_seq=195 ttl=60 time=979 ms
64 bytes from aaaa::212:7408:8:808: icmp_seq=196 ttl=60 time=1036 ms
64 bytes from aaaa::212:7408:8:808: icmp_seq=197 ttl=60 time=1173 ms
64 bytes from aaaa::212:7408:8:808: icmp_seq=198 ttl=60 time=829 ms
64 bytes from aaaa::212:7408:8:808: icmp_seq=199 ttl=60 time=1027 ms
64 bytes from aaaa::212:7408:8:808: icmp_seq=200 ttl=60 time=791 ms

--- aaaa::212:7408:8:808 ping statistics ---
200 packets transmitted, 103 received, 48% packet loss, time 995967ms
rtt min/avg/max/mdev = 714.122/1523.284/7865.572/1147.168 ms, pipe 2
