PING aaaa::212:7409:9:909(aaaa::212:7409:9:909) 56 data bytes
64 bytes from aaaa::212:7409:9:909: icmp_seq=1 ttl=61 time=1130 ms
64 bytes from aaaa::212:7409:9:909: icmp_seq=4 ttl=61 time=1217 ms
64 bytes from aaaa::212:7409:9:909: icmp_seq=6 ttl=61 time=966 ms
64 bytes from aaaa::212:7409:9:909: icmp_seq=8 ttl=61 time=1966 ms
64 bytes from aaaa::212:7409:9:909: icmp_seq=10 ttl=61 time=2928 ms
64 bytes from aaaa::212:7409:9:909: icmp_seq=11 ttl=61 time=6138 ms
64 bytes from aaaa::212:7409:9:909: icmp_seq=13 ttl=61 time=730 ms
64 bytes from aaaa::212:7409:9:909: icmp_seq=15 ttl=61 time=1197 ms
64 bytes from aaaa::212:7409:9:909: icmp_seq=16 ttl=61 time=993 ms
64 bytes from aaaa::212:7409:9:909: icmp_seq=17 ttl=61 time=632 ms
64 bytes from aaaa::212:7409:9:909: icmp_seq=23 ttl=61 time=688 ms
64 bytes from aaaa::212:7409:9:909: icmp_seq=24 ttl=61 time=1030 ms
64 bytes from aaaa::212:7409:9:909: icmp_seq=26 ttl=61 time=588 ms
64 bytes from aaaa::212:7409:9:909: icmp_seq=29 ttl=61 time=4539 ms
64 bytes from aaaa::212:7409:9:909: icmp_seq=31 ttl=61 time=1129 ms
64 bytes from aaaa::212:7409:9:909: icmp_seq=33 ttl=61 time=903 ms
64 bytes from aaaa::212:7409:9:909: icmp_seq=34 ttl=61 time=1538 ms
64 bytes from aaaa::212:7409:9:909: icmp_seq=35 ttl=61 time=881 ms
64 bytes from aaaa::212:7409:9:909: icmp_seq=36 ttl=61 time=1070 ms
64 bytes from aaaa::212:7409:9:909: icmp_seq=37 ttl=61 time=1212 ms
64 bytes from aaaa::212:7409:9:909: icmp_seq=39 ttl=61 time=2580 ms
64 bytes from aaaa::212:7409:9:909: icmp_seq=41 ttl=61 time=1263 ms
64 bytes from aaaa::212:7409:9:909: icmp_seq=43 ttl=61 time=2446 ms
64 bytes from aaaa::212:7409:9:909: icmp_seq=44 ttl=61 time=2308 ms
64 bytes from aaaa::212:7409:9:909: icmp_seq=45 ttl=61 time=1146 ms
64 bytes from aaaa::212:7409:9:909: icmp_seq=46 ttl=61 time=930 ms
64 bytes from aaaa::212:7409:9:909: icmp_seq=47 ttl=61 time=919 ms
64 bytes from aaaa::212:7409:9:909: icmp_seq=53 ttl=61 time=872 ms
64 bytes from aaaa::212:7409:9:909: icmp_seq=55 ttl=61 time=1620 ms
64 bytes from aaaa::212:7409:9:909: icmp_seq=59 ttl=61 time=2055 ms
64 bytes from aaaa::212:7409:9:909: icmp_seq=61 ttl=61 time=819 ms
64 bytes from aaaa::212:7409:9:909: icmp_seq=63 ttl=61 time=1472 ms
64 bytes from aaaa::212:7409:9:909: icmp_seq=64 ttl=61 time=1404 ms
64 bytes from aaaa::212:7409:9:909: icmp_seq=66 ttl=61 time=2159 ms
64 bytes from aaaa::212:7409:9:909: icmp_seq=76 ttl=61 time=760 ms
64 bytes from aaaa::212:7409:9:909: icmp_seq=77 ttl=61 time=2702 ms
64 bytes from aaaa::212:7409:9:909: icmp_seq=79 ttl=61 time=2036 ms
64 bytes from aaaa::212:7409:9:909: icmp_seq=80 ttl=61 time=768 ms
64 bytes from aaaa::212:7409:9:909: icmp_seq=92 ttl=61 time=2776 ms
64 bytes from aaaa::212:7409:9:909: icmp_seq=101 ttl=61 time=1657 ms
64 bytes from aaaa::212:7409:9:909: icmp_seq=104 ttl=61 time=2005 ms
64 bytes from aaaa::212:7409:9:909: icmp_seq=108 ttl=61 time=3083 ms
64 bytes from aaaa::212:7409:9:909: icmp_seq=110 ttl=61 time=1626 ms
64 bytes from aaaa::212:7409:9:909: icmp_seq=111 ttl=61 time=3755 ms
64 bytes from aaaa::212:7409:9:909: icmp_seq=113 ttl=61 time=897 ms
64 bytes from aaaa::212:7409:9:909: icmp_seq=117 ttl=61 time=6216 ms
64 bytes from aaaa::212:7409:9:909: icmp_seq=118 ttl=61 time=1452 ms
64 bytes from aaaa::212:7409:9:909: icmp_seq=122 ttl=61 time=1404 ms
64 bytes from aaaa::212:7409:9:909: icmp_seq=123 ttl=61 time=2071 ms
64 bytes from aaaa::212:7409:9:909: icmp_seq=126 ttl=61 time=1403 ms
64 bytes from aaaa::212:7409:9:909: icmp_seq=127 ttl=61 time=758 ms
64 bytes from aaaa::212:7409:9:909: icmp_seq=129 ttl=61 time=1180 ms
64 bytes from aaaa::212:7409:9:909: icmp_seq=132 ttl=61 time=878 ms
64 bytes from aaaa::212:7409:9:909: icmp_seq=136 ttl=61 time=1500 ms
64 bytes from aaaa::212:7409:9:909: icmp_seq=139 ttl=61 time=4167 ms
64 bytes from aaaa::212:7409:9:909: icmp_seq=143 ttl=61 time=704 ms
64 bytes from aaaa::212:7409:9:909: icmp_seq=146 ttl=61 time=1170 ms
64 bytes from aaaa::212:7409:9:909: icmp_seq=158 ttl=61 time=730 ms
64 bytes from aaaa::212:7409:9:909: icmp_seq=159 ttl=61 time=1312 ms
64 bytes from aaaa::212:7409:9:909: icmp_seq=161 ttl=61 time=527 ms
64 bytes from aaaa::212:7409:9:909: icmp_seq=162 ttl=61 time=2153 ms
64 bytes from aaaa::212:7409:9:909: icmp_seq=163 ttl=61 time=1339 ms
64 bytes from aaaa::212:7409:9:909: icmp_seq=164 ttl=61 time=2175 ms
64 bytes from aaaa::212:7409:9:909: icmp_seq=165 ttl=61 time=1487 ms
64 bytes from aaaa::212:7409:9:909: icmp_seq=167 ttl=61 time=2101 ms
64 bytes from aaaa::212:7409:9:909: icmp_seq=168 ttl=61 time=755 ms
64 bytes from aaaa::212:7409:9:909: icmp_seq=169 ttl=61 time=2394 ms
64 bytes from aaaa::212:7409:9:909: icmp_seq=170 ttl=61 time=744 ms
64 bytes from aaaa::212:7409:9:909: icmp_seq=172 ttl=61 time=1103 ms
64 bytes from aaaa::212:7409:9:909: icmp_seq=173 ttl=61 time=2830 ms
64 bytes from aaaa::212:7409:9:909: icmp_seq=175 ttl=61 time=2058 ms
64 bytes from aaaa::212:7409:9:909: icmp_seq=176 ttl=61 time=3485 ms
64 bytes from aaaa::212:7409:9:909: icmp_seq=178 ttl=61 time=526 ms
64 bytes from aaaa::212:7409:9:909: icmp_seq=181 ttl=61 time=1154 ms
64 bytes from aaaa::212:7409:9:909: icmp_seq=182 ttl=61 time=1114 ms
64 bytes from aaaa::212:7409:9:909: icmp_seq=184 ttl=61 time=4330 ms
64 bytes from aaaa::212:7409:9:909: icmp_seq=185 ttl=61 time=1328 ms
64 bytes from aaaa::212:7409:9:909: icmp_seq=186 ttl=61 time=1880 ms
64 bytes from aaaa::212:7409:9:909: icmp_seq=187 ttl=61 time=1607 ms
64 bytes from aaaa::212:7409:9:909: icmp_seq=191 ttl=61 time=580 ms
64 bytes from aaaa::212:7409:9:909: icmp_seq=196 ttl=61 time=903 ms
64 bytes from aaaa::212:7409:9:909: icmp_seq=200 ttl=61 time=709 ms

--- aaaa::212:7409:9:909 ping statistics ---
200 packets transmitted, 82 received, 59% packet loss, time 995882ms
rtt min/avg/max/mdev = 526.030/1680.454/6216.488/1142.051 ms, pipe 2
