PING aaaa::212:7403:3:303(aaaa::212:7403:3:303) 56 data bytes
64 bytes from aaaa::212:7403:3:303: icmp_seq=1 ttl=63 time=370 ms
64 bytes from aaaa::212:7403:3:303: icmp_seq=2 ttl=63 time=565 ms
64 bytes from aaaa::212:7403:3:303: icmp_seq=5 ttl=63 time=802 ms
64 bytes from aaaa::212:7403:3:303: icmp_seq=7 ttl=63 time=697 ms
64 bytes from aaaa::212:7403:3:303: icmp_seq=8 ttl=63 time=769 ms
64 bytes from aaaa::212:7403:3:303: icmp_seq=9 ttl=63 time=481 ms
64 bytes from aaaa::212:7403:3:303: icmp_seq=10 ttl=63 time=1139 ms
64 bytes from aaaa::212:7403:3:303: icmp_seq=11 ttl=63 time=312 ms
64 bytes from aaaa::212:7403:3:303: icmp_seq=12 ttl=63 time=539 ms
64 bytes from aaaa::212:7403:3:303: icmp_seq=13 ttl=63 time=594 ms
64 bytes from aaaa::212:7403:3:303: icmp_seq=14 ttl=63 time=354 ms
64 bytes from aaaa::212:7403:3:303: icmp_seq=15 ttl=63 time=489 ms
64 bytes from aaaa::212:7403:3:303: icmp_seq=16 ttl=63 time=1414 ms
64 bytes from aaaa::212:7403:3:303: icmp_seq=17 ttl=63 time=2942 ms
64 bytes from aaaa::212:7403:3:303: icmp_seq=18 ttl=63 time=1354 ms
64 bytes from aaaa::212:7403:3:303: icmp_seq=19 ttl=63 time=2234 ms
64 bytes from aaaa::212:7403:3:303: icmp_seq=20 ttl=63 time=562 ms
64 bytes from aaaa::212:7403:3:303: icmp_seq=21 ttl=63 time=631 ms
64 bytes from aaaa::212:7403:3:303: icmp_seq=23 ttl=63 time=1029 ms
64 bytes from aaaa::212:7403:3:303: icmp_seq=24 ttl=63 time=212 ms
64 bytes from aaaa::212:7403:3:303: icmp_seq=25 ttl=63 time=422 ms
64 bytes from aaaa::212:7403:3:303: icmp_seq=26 ttl=63 time=721 ms
64 bytes from aaaa::212:7403:3:303: icmp_seq=28 ttl=63 time=783 ms
64 bytes from aaaa::212:7403:3:303: icmp_seq=30 ttl=63 time=244 ms
64 bytes from aaaa::212:7403:3:303: icmp_seq=31 ttl=63 time=262 ms
64 bytes from aaaa::212:7403:3:303: icmp_seq=35 ttl=63 time=710 ms
64 bytes from aaaa::212:7403:3:303: icmp_seq=40 ttl=63 time=537 ms
64 bytes from aaaa::212:7403:3:303: icmp_seq=42 ttl=63 time=362 ms
64 bytes from aaaa::212:7403:3:303: icmp_seq=44 ttl=63 time=544 ms
64 bytes from aaaa::212:7403:3:303: icmp_seq=45 ttl=63 time=163 ms
64 bytes from aaaa::212:7403:3:303: icmp_seq=46 ttl=63 time=191 ms
64 bytes from aaaa::212:7403:3:303: icmp_seq=47 ttl=63 time=242 ms
64 bytes from aaaa::212:7403:3:303: icmp_seq=48 ttl=63 time=802 ms
64 bytes from aaaa::212:7403:3:303: icmp_seq=49 ttl=63 time=1197 ms
64 bytes from aaaa::212:7403:3:303: icmp_seq=52 ttl=63 time=252 ms
64 bytes from aaaa::212:7403:3:303: icmp_seq=53 ttl=63 time=1288 ms
64 bytes from aaaa::212:7403:3:303: icmp_seq=56 ttl=63 time=398 ms
64 bytes from aaaa::212:7403:3:303: icmp_seq=57 ttl=63 time=924 ms
64 bytes from aaaa::212:7403:3:303: icmp_seq=58 ttl=63 time=1495 ms
64 bytes from aaaa::212:7403:3:303: icmp_seq=60 ttl=63 time=360 ms
64 bytes from aaaa::212:7403:3:303: icmp_seq=61 ttl=63 time=758 ms
64 bytes from aaaa::212:7403:3:303: icmp_seq=62 ttl=63 time=915 ms
64 bytes from aaaa::212:7403:3:303: icmp_seq=63 ttl=63 time=691 ms
64 bytes from aaaa::212:7403:3:303: icmp_seq=64 ttl=63 time=409 ms
64 bytes from aaaa::212:7403:3:303: icmp_seq=65 ttl=63 time=1215 ms
64 bytes from aaaa::212:7403:3:303: icmp_seq=66 ttl=63 time=669 ms
64 bytes from aaaa::212:7403:3:303: icmp_seq=67 ttl=63 time=694 ms
64 bytes from aaaa::212:7403:3:303: icmp_seq=69 ttl=63 time=311 ms
64 bytes from aaaa::212:7403:3:303: icmp_seq=70 ttl=63 time=212 ms
64 bytes from aaaa::212:7403:3:303: icmp_seq=71 ttl=63 time=510 ms
64 bytes from aaaa::212:7403:3:303: icmp_seq=72 ttl=63 time=452 ms
64 bytes from aaaa::212:7403:3:303: icmp_seq=73 ttl=63 time=695 ms
64 bytes from aaaa::212:7403:3:303: icmp_seq=74 ttl=63 time=406 ms
64 bytes from aaaa::212:7403:3:303: icmp_seq=76 ttl=63 time=329 ms
64 bytes from aaaa::212:7403:3:303: icmp_seq=77 ttl=63 time=306 ms
64 bytes from aaaa::212:7403:3:303: icmp_seq=78 ttl=63 time=251 ms
64 bytes from aaaa::212:7403:3:303: icmp_seq=79 ttl=63 time=493 ms
64 bytes from aaaa::212:7403:3:303: icmp_seq=80 ttl=63 time=1085 ms
64 bytes from aaaa::212:7403:3:303: icmp_seq=81 ttl=63 time=819 ms
64 bytes from aaaa::212:7403:3:303: icmp_seq=82 ttl=63 time=934 ms
64 bytes from aaaa::212:7403:3:303: icmp_seq=83 ttl=63 time=504 ms
64 bytes from aaaa::212:7403:3:303: icmp_seq=84 ttl=63 time=553 ms
64 bytes from aaaa::212:7403:3:303: icmp_seq=85 ttl=63 time=254 ms
64 bytes from aaaa::212:7403:3:303: icmp_seq=88 ttl=63 time=545 ms
64 bytes from aaaa::212:7403:3:303: icmp_seq=89 ttl=63 time=298 ms
64 bytes from aaaa::212:7403:3:303: icmp_seq=90 ttl=63 time=283 ms
64 bytes from aaaa::212:7403:3:303: icmp_seq=91 ttl=63 time=591 ms
64 bytes from aaaa::212:7403:3:303: icmp_seq=93 ttl=63 time=234 ms
64 bytes from aaaa::212:7403:3:303: icmp_seq=94 ttl=63 time=3501 ms
64 bytes from aaaa::212:7403:3:303: icmp_seq=95 ttl=63 time=967 ms
64 bytes from aaaa::212:7403:3:303: icmp_seq=96 ttl=63 time=206 ms
64 bytes from aaaa::212:7403:3:303: icmp_seq=97 ttl=63 time=2344 ms
64 bytes from aaaa::212:7403:3:303: icmp_seq=99 ttl=63 time=180 ms
64 bytes from aaaa::212:7403:3:303: icmp_seq=100 ttl=63 time=311 ms
64 bytes from aaaa::212:7403:3:303: icmp_seq=102 ttl=63 time=1695 ms
64 bytes from aaaa::212:7403:3:303: icmp_seq=103 ttl=63 time=679 ms
64 bytes from aaaa::212:7403:3:303: icmp_seq=104 ttl=63 time=501 ms
64 bytes from aaaa::212:7403:3:303: icmp_seq=105 ttl=63 time=762 ms
64 bytes from aaaa::212:7403:3:303: icmp_seq=106 ttl=63 time=252 ms
64 bytes from aaaa::212:7403:3:303: icmp_seq=107 ttl=63 time=221 ms
64 bytes from aaaa::212:7403:3:303: icmp_seq=108 ttl=63 time=169 ms
64 bytes from aaaa::212:7403:3:303: icmp_seq=109 ttl=63 time=268 ms
64 bytes from aaaa::212:7403:3:303: icmp_seq=110 ttl=63 time=242 ms
64 bytes from aaaa::212:7403:3:303: icmp_seq=111 ttl=63 time=777 ms
64 bytes from aaaa::212:7403:3:303: icmp_seq=112 ttl=63 time=217 ms
64 bytes from aaaa::212:7403:3:303: icmp_seq=113 ttl=63 time=279 ms
64 bytes from aaaa::212:7403:3:303: icmp_seq=114 ttl=63 time=274 ms
64 bytes from aaaa::212:7403:3:303: icmp_seq=115 ttl=63 time=283 ms
64 bytes from aaaa::212:7403:3:303: icmp_seq=116 ttl=63 time=214 ms
64 bytes from aaaa::212:7403:3:303: icmp_seq=117 ttl=63 time=280 ms
64 bytes from aaaa::212:7403:3:303: icmp_seq=118 ttl=63 time=285 ms
64 bytes from aaaa::212:7403:3:303: icmp_seq=119 ttl=63 time=447 ms
64 bytes from aaaa::212:7403:3:303: icmp_seq=120 ttl=63 time=188 ms
64 bytes from aaaa::212:7403:3:303: icmp_seq=121 ttl=63 time=255 ms
64 bytes from aaaa::212:7403:3:303: icmp_seq=124 ttl=63 time=541 ms
64 bytes from aaaa::212:7403:3:303: icmp_seq=125 ttl=63 time=422 ms
64 bytes from aaaa::212:7403:3:303: icmp_seq=126 ttl=63 time=254 ms
64 bytes from aaaa::212:7403:3:303: icmp_seq=127 ttl=63 time=219 ms
64 bytes from aaaa::212:7403:3:303: icmp_seq=128 ttl=63 time=567 ms
64 bytes from aaaa::212:7403:3:303: icmp_seq=129 ttl=63 time=301 ms
64 bytes from aaaa::212:7403:3:303: icmp_seq=130 ttl=63 time=261 ms
64 bytes from aaaa::212:7403:3:303: icmp_seq=131 ttl=63 time=214 ms
64 bytes from aaaa::212:7403:3:303: icmp_seq=132 ttl=63 time=269 ms
64 bytes from aaaa::212:7403:3:303: icmp_seq=133 ttl=63 time=729 ms
64 bytes from aaaa::212:7403:3:303: icmp_seq=134 ttl=63 time=281 ms
64 bytes from aaaa::212:7403:3:303: icmp_seq=136 ttl=63 time=605 ms
64 bytes from aaaa::212:7403:3:303: icmp_seq=137 ttl=63 time=316 ms
64 bytes from aaaa::212:7403:3:303: icmp_seq=138 ttl=63 time=388 ms
64 bytes from aaaa::212:7403:3:303: icmp_seq=139 ttl=63 time=324 ms
64 bytes from aaaa::212:7403:3:303: icmp_seq=140 ttl=63 time=394 ms
64 bytes from aaaa::212:7403:3:303: icmp_seq=141 ttl=63 time=2087 ms
64 bytes from aaaa::212:7403:3:303: icmp_seq=143 ttl=63 time=447 ms
64 bytes from aaaa::212:7403:3:303: icmp_seq=144 ttl=63 time=390 ms
64 bytes from aaaa::212:7403:3:303: icmp_seq=145 ttl=63 time=398 ms
64 bytes from aaaa::212:7403:3:303: icmp_seq=146 ttl=63 time=351 ms
64 bytes from aaaa::212:7403:3:303: icmp_seq=147 ttl=63 time=529 ms
64 bytes from aaaa::212:7403:3:303: icmp_seq=148 ttl=63 time=212 ms
64 bytes from aaaa::212:7403:3:303: icmp_seq=149 ttl=63 time=2450 ms
64 bytes from aaaa::212:7403:3:303: icmp_seq=150 ttl=63 time=490 ms
64 bytes from aaaa::212:7403:3:303: icmp_seq=151 ttl=63 time=304 ms
64 bytes from aaaa::212:7403:3:303: icmp_seq=153 ttl=63 time=1981 ms
64 bytes from aaaa::212:7403:3:303: icmp_seq=154 ttl=63 time=311 ms
64 bytes from aaaa::212:7403:3:303: icmp_seq=155 ttl=63 time=255 ms
64 bytes from aaaa::212:7403:3:303: icmp_seq=156 ttl=63 time=281 ms
64 bytes from aaaa::212:7403:3:303: icmp_seq=157 ttl=63 time=296 ms
64 bytes from aaaa::212:7403:3:303: icmp_seq=158 ttl=63 time=559 ms
64 bytes from aaaa::212:7403:3:303: icmp_seq=159 ttl=63 time=168 ms
64 bytes from aaaa::212:7403:3:303: icmp_seq=160 ttl=63 time=1562 ms
64 bytes from aaaa::212:7403:3:303: icmp_seq=163 ttl=63 time=415 ms
64 bytes from aaaa::212:7403:3:303: icmp_seq=164 ttl=63 time=314 ms
64 bytes from aaaa::212:7403:3:303: icmp_seq=167 ttl=63 time=830 ms
64 bytes from aaaa::212:7403:3:303: icmp_seq=168 ttl=63 time=185 ms
64 bytes from aaaa::212:7403:3:303: icmp_seq=169 ttl=63 time=219 ms
64 bytes from aaaa::212:7403:3:303: icmp_seq=170 ttl=63 time=591 ms
64 bytes from aaaa::212:7403:3:303: icmp_seq=171 ttl=63 time=135 ms
64 bytes from aaaa::212:7403:3:303: icmp_seq=172 ttl=63 time=322 ms
64 bytes from aaaa::212:7403:3:303: icmp_seq=173 ttl=63 time=233 ms
64 bytes from aaaa::212:7403:3:303: icmp_seq=174 ttl=63 time=371 ms
64 bytes from aaaa::212:7403:3:303: icmp_seq=175 ttl=63 time=201 ms
64 bytes from aaaa::212:7403:3:303: icmp_seq=176 ttl=63 time=249 ms
64 bytes from aaaa::212:7403:3:303: icmp_seq=177 ttl=63 time=419 ms
64 bytes from aaaa::212:7403:3:303: icmp_seq=179 ttl=63 time=220 ms
64 bytes from aaaa::212:7403:3:303: icmp_seq=180 ttl=63 time=757 ms
64 bytes from aaaa::212:7403:3:303: icmp_seq=182 ttl=63 time=601 ms
64 bytes from aaaa::212:7403:3:303: icmp_seq=183 ttl=63 time=211 ms
64 bytes from aaaa::212:7403:3:303: icmp_seq=184 ttl=63 time=246 ms
64 bytes from aaaa::212:7403:3:303: icmp_seq=185 ttl=63 time=238 ms
64 bytes from aaaa::212:7403:3:303: icmp_seq=186 ttl=63 time=874 ms
64 bytes from aaaa::212:7403:3:303: icmp_seq=187 ttl=63 time=355 ms
64 bytes from aaaa::212:7403:3:303: icmp_seq=188 ttl=63 time=448 ms
64 bytes from aaaa::212:7403:3:303: icmp_seq=189 ttl=63 time=271 ms
64 bytes from aaaa::212:7403:3:303: icmp_seq=190 ttl=63 time=212 ms
64 bytes from aaaa::212:7403:3:303: icmp_seq=191 ttl=63 time=1943 ms
64 bytes from aaaa::212:7403:3:303: icmp_seq=192 ttl=63 time=212 ms
64 bytes from aaaa::212:7403:3:303: icmp_seq=193 ttl=63 time=233 ms
64 bytes from aaaa::212:7403:3:303: icmp_seq=196 ttl=63 time=354 ms
64 bytes from aaaa::212:7403:3:303: icmp_seq=197 ttl=63 time=787 ms
64 bytes from aaaa::212:7403:3:303: icmp_seq=199 ttl=63 time=741 ms
64 bytes from aaaa::212:7403:3:303: icmp_seq=200 ttl=63 time=1999 ms

--- aaaa::212:7403:3:303 ping statistics ---
200 packets transmitted, 159 received, 20% packet loss, time 996302ms
rtt min/avg/max/mdev = 135.247/597.636/3501.923/545.685 ms
