PING aaaa::212:7404:4:404(aaaa::212:7404:4:404) 56 data bytes
64 bytes from aaaa::212:7404:4:404: icmp_seq=1 ttl=62 time=559 ms
64 bytes from aaaa::212:7404:4:404: icmp_seq=8 ttl=62 time=727 ms
64 bytes from aaaa::212:7404:4:404: icmp_seq=9 ttl=62 time=651 ms
64 bytes from aaaa::212:7404:4:404: icmp_seq=10 ttl=62 time=870 ms
64 bytes from aaaa::212:7404:4:404: icmp_seq=11 ttl=62 time=2443 ms
64 bytes from aaaa::212:7404:4:404: icmp_seq=13 ttl=62 time=1090 ms
64 bytes from aaaa::212:7404:4:404: icmp_seq=14 ttl=62 time=787 ms
64 bytes from aaaa::212:7404:4:404: icmp_seq=15 ttl=62 time=842 ms
64 bytes from aaaa::212:7404:4:404: icmp_seq=16 ttl=62 time=971 ms
64 bytes from aaaa::212:7404:4:404: icmp_seq=17 ttl=62 time=798 ms
64 bytes from aaaa::212:7404:4:404: icmp_seq=18 ttl=62 time=694 ms
64 bytes from aaaa::212:7404:4:404: icmp_seq=22 ttl=62 time=1090 ms
64 bytes from aaaa::212:7404:4:404: icmp_seq=24 ttl=62 time=719 ms
64 bytes from aaaa::212:7404:4:404: icmp_seq=25 ttl=62 time=1001 ms
64 bytes from aaaa::212:7404:4:404: icmp_seq=27 ttl=62 time=836 ms
64 bytes from aaaa::212:7404:4:404: icmp_seq=28 ttl=62 time=2822 ms
64 bytes from aaaa::212:7404:4:404: icmp_seq=30 ttl=62 time=1902 ms
64 bytes from aaaa::212:7404:4:404: icmp_seq=31 ttl=62 time=2008 ms
64 bytes from aaaa::212:7404:4:404: icmp_seq=32 ttl=62 time=1171 ms
64 bytes from aaaa::212:7404:4:404: icmp_seq=34 ttl=62 time=1142 ms
64 bytes from aaaa::212:7404:4:404: icmp_seq=35 ttl=62 time=1260 ms
64 bytes from aaaa::212:7404:4:404: icmp_seq=36 ttl=62 time=718 ms
64 bytes from aaaa::212:7404:4:404: icmp_seq=37 ttl=62 time=780 ms
64 bytes from aaaa::212:7404:4:404: icmp_seq=38 ttl=62 time=1198 ms
64 bytes from aaaa::212:7404:4:404: icmp_seq=40 ttl=62 time=2623 ms
64 bytes from aaaa::212:7404:4:404: icmp_seq=42 ttl=62 time=1264 ms
64 bytes from aaaa::212:7404:4:404: icmp_seq=47 ttl=62 time=742 ms
64 bytes from aaaa::212:7404:4:404: icmp_seq=48 ttl=62 time=792 ms
64 bytes from aaaa::212:7404:4:404: icmp_seq=49 ttl=62 time=1752 ms
64 bytes from aaaa::212:7404:4:404: icmp_seq=54 ttl=62 time=415 ms
64 bytes from aaaa::212:7404:4:404: icmp_seq=56 ttl=62 time=1239 ms
64 bytes from aaaa::212:7404:4:404: icmp_seq=60 ttl=62 time=1837 ms
64 bytes from aaaa::212:7404:4:404: icmp_seq=64 ttl=62 time=662 ms
64 bytes from aaaa::212:7404:4:404: icmp_seq=67 ttl=62 time=1023 ms
64 bytes from aaaa::212:7404:4:404: icmp_seq=77 ttl=62 time=509 ms
64 bytes from aaaa::212:7404:4:404: icmp_seq=78 ttl=62 time=758 ms
64 bytes from aaaa::212:7404:4:404: icmp_seq=79 ttl=62 time=2461 ms
64 bytes from aaaa::212:7404:4:404: icmp_seq=80 ttl=62 time=1261 ms
64 bytes from aaaa::212:7404:4:404: icmp_seq=81 ttl=62 time=366 ms
64 bytes from aaaa::212:7404:4:404: icmp_seq=92 ttl=62 time=2060 ms
64 bytes from aaaa::212:7404:4:404: icmp_seq=102 ttl=62 time=1142 ms
64 bytes from aaaa::212:7404:4:404: icmp_seq=105 ttl=62 time=2060 ms
64 bytes from aaaa::212:7404:4:404: icmp_seq=109 ttl=62 time=2420 ms
64 bytes from aaaa::212:7404:4:404: icmp_seq=111 ttl=62 time=1084 ms
64 bytes from aaaa::212:7404:4:404: icmp_seq=112 ttl=62 time=561 ms
64 bytes from aaaa::212:7404:4:404: icmp_seq=114 ttl=62 time=444 ms
64 bytes from aaaa::212:7404:4:404: icmp_seq=121 ttl=62 time=446 ms
64 bytes from aaaa::212:7404:4:404: icmp_seq=123 ttl=62 time=310 ms
64 bytes from aaaa::212:7404:4:404: icmp_seq=124 ttl=62 time=559 ms
64 bytes from aaaa::212:7404:4:404: icmp_seq=125 ttl=62 time=799 ms
64 bytes from aaaa::212:7404:4:404: icmp_seq=127 ttl=62 time=594 ms
64 bytes from aaaa::212:7404:4:404: icmp_seq=128 ttl=62 time=719 ms
64 bytes from aaaa::212:7404:4:404: icmp_seq=131 ttl=62 time=432 ms
64 bytes from aaaa::212:7404:4:404: icmp_seq=133 ttl=62 time=403 ms
64 bytes from aaaa::212:7404:4:404: icmp_seq=140 ttl=62 time=1255 ms
64 bytes from aaaa::212:7404:4:404: icmp_seq=141 ttl=62 time=811 ms
64 bytes from aaaa::212:7404:4:404: icmp_seq=144 ttl=62 time=1566 ms
64 bytes from aaaa::212:7404:4:404: icmp_seq=147 ttl=62 time=766 ms
64 bytes from aaaa::212:7404:4:404: icmp_seq=159 ttl=62 time=840 ms
64 bytes from aaaa::212:7404:4:404: icmp_seq=160 ttl=62 time=652 ms
64 bytes from aaaa::212:7404:4:404: icmp_seq=162 ttl=62 time=690 ms
64 bytes from aaaa::212:7404:4:404: icmp_seq=163 ttl=62 time=2052 ms
64 bytes from aaaa::212:7404:4:404: icmp_seq=164 ttl=62 time=984 ms
64 bytes from aaaa::212:7404:4:404: icmp_seq=165 ttl=62 time=800 ms
64 bytes from aaaa::212:7404:4:404: icmp_seq=166 ttl=62 time=1809 ms
64 bytes from aaaa::212:7404:4:404: icmp_seq=168 ttl=62 time=1276 ms
64 bytes from aaaa::212:7404:4:404: icmp_seq=169 ttl=62 time=746 ms
64 bytes from aaaa::212:7404:4:404: icmp_seq=171 ttl=62 time=805 ms
64 bytes from aaaa::212:7404:4:404: icmp_seq=172 ttl=62 time=442 ms
64 bytes from aaaa::212:7404:4:404: icmp_seq=173 ttl=62 time=661 ms
64 bytes from aaaa::212:7404:4:404: icmp_seq=174 ttl=62 time=879 ms
64 bytes from aaaa::212:7404:4:404: icmp_seq=175 ttl=62 time=600 ms
64 bytes from aaaa::212:7404:4:404: icmp_seq=176 ttl=62 time=683 ms
64 bytes from aaaa::212:7404:4:404: icmp_seq=179 ttl=62 time=878 ms
64 bytes from aaaa::212:7404:4:404: icmp_seq=182 ttl=62 time=399 ms
64 bytes from aaaa::212:7404:4:404: icmp_seq=183 ttl=62 time=2241 ms
64 bytes from aaaa::212:7404:4:404: icmp_seq=186 ttl=62 time=1638 ms
64 bytes from aaaa::212:7404:4:404: icmp_seq=187 ttl=62 time=780 ms
64 bytes from aaaa::212:7404:4:404: icmp_seq=188 ttl=62 time=462 ms
64 bytes from aaaa::212:7404:4:404: icmp_seq=192 ttl=62 time=891 ms
64 bytes from aaaa::212:7404:4:404: icmp_seq=197 ttl=62 time=925 ms

--- aaaa::212:7404:4:404 ping statistics ---
200 packets transmitted, 81 received, 59% packet loss, time 995929ms
rtt min/avg/max/mdev = 310.493/1054.172/2822.024/591.333 ms
