PING aaaa::212:7402:2:202(aaaa::212:7402:2:202) 56 data bytes
64 bytes from aaaa::212:7402:2:202: icmp_seq=1 ttl=62 time=615 ms
64 bytes from aaaa::212:7402:2:202: icmp_seq=3 ttl=62 time=2593 ms
64 bytes from aaaa::212:7402:2:202: icmp_seq=4 ttl=62 time=1363 ms
64 bytes from aaaa::212:7402:2:202: icmp_seq=6 ttl=62 time=1352 ms
64 bytes from aaaa::212:7402:2:202: icmp_seq=7 ttl=62 time=967 ms
64 bytes from aaaa::212:7402:2:202: icmp_seq=8 ttl=62 time=1805 ms
64 bytes from aaaa::212:7402:2:202: icmp_seq=9 ttl=62 time=663 ms
64 bytes from aaaa::212:7402:2:202: icmp_seq=10 ttl=62 time=1639 ms
64 bytes from aaaa::212:7402:2:202: icmp_seq=11 ttl=62 time=651 ms
64 bytes from aaaa::212:7402:2:202: icmp_seq=12 ttl=62 time=1850 ms
64 bytes from aaaa::212:7402:2:202: icmp_seq=13 ttl=62 time=2506 ms
64 bytes from aaaa::212:7402:2:202: icmp_seq=14 ttl=62 time=518 ms
64 bytes from aaaa::212:7402:2:202: icmp_seq=15 ttl=62 time=580 ms
64 bytes from aaaa::212:7402:2:202: icmp_seq=17 ttl=62 time=2049 ms
64 bytes from aaaa::212:7402:2:202: icmp_seq=18 ttl=62 time=3877 ms
64 bytes from aaaa::212:7402:2:202: icmp_seq=19 ttl=62 time=2685 ms
64 bytes from aaaa::212:7402:2:202: icmp_seq=20 ttl=62 time=1623 ms
64 bytes from aaaa::212:7402:2:202: icmp_seq=21 ttl=62 time=1048 ms
64 bytes from aaaa::212:7402:2:202: icmp_seq=25 ttl=62 time=495 ms
64 bytes from aaaa::212:7402:2:202: icmp_seq=27 ttl=62 time=670 ms
64 bytes from aaaa::212:7402:2:202: icmp_seq=28 ttl=62 time=1782 ms
64 bytes from aaaa::212:7402:2:202: icmp_seq=29 ttl=62 time=1169 ms
64 bytes from aaaa::212:7402:2:202: icmp_seq=30 ttl=62 time=610 ms
64 bytes from aaaa::212:7402:2:202: icmp_seq=31 ttl=62 time=759 ms
64 bytes from aaaa::212:7402:2:202: icmp_seq=32 ttl=62 time=802 ms
64 bytes from aaaa::212:7402:2:202: icmp_seq=33 ttl=62 time=1831 ms
64 bytes from aaaa::212:7402:2:202: icmp_seq=35 ttl=62 time=2272 ms
64 bytes from aaaa::212:7402:2:202: icmp_seq=37 ttl=62 time=5474 ms
64 bytes from aaaa::212:7402:2:202: icmp_seq=40 ttl=62 time=694 ms
64 bytes from aaaa::212:7402:2:202: icmp_seq=43 ttl=62 time=776 ms
64 bytes from aaaa::212:7402:2:202: icmp_seq=44 ttl=62 time=1246 ms
64 bytes from aaaa::212:7402:2:202: icmp_seq=45 ttl=62 time=750 ms
64 bytes from aaaa::212:7402:2:202: icmp_seq=46 ttl=62 time=341 ms
64 bytes from aaaa::212:7402:2:202: icmp_seq=47 ttl=62 time=750 ms
64 bytes from aaaa::212:7402:2:202: icmp_seq=55 ttl=62 time=3558 ms
64 bytes from aaaa::212:7402:2:202: icmp_seq=56 ttl=62 time=441 ms
64 bytes from aaaa::212:7402:2:202: icmp_seq=60 ttl=62 time=1658 ms
64 bytes from aaaa::212:7402:2:202: icmp_seq=62 ttl=62 time=1294 ms
64 bytes from aaaa::212:7402:2:202: icmp_seq=64 ttl=62 time=842 ms
64 bytes from aaaa::212:7402:2:202: icmp_seq=65 ttl=62 time=287 ms
64 bytes from aaaa::212:7402:2:202: icmp_seq=70 ttl=62 time=883 ms
64 bytes from aaaa::212:7402:2:202: icmp_seq=71 ttl=62 time=739 ms
64 bytes from aaaa::212:7402:2:202: icmp_seq=73 ttl=62 time=1462 ms
64 bytes from aaaa::212:7402:2:202: icmp_seq=74 ttl=62 time=665 ms
64 bytes from aaaa::212:7402:2:202: icmp_seq=76 ttl=62 time=1030 ms
64 bytes from aaaa::212:7402:2:202: icmp_seq=78 ttl=62 time=710 ms
64 bytes from aaaa::212:7402:2:202: icmp_seq=79 ttl=62 time=943 ms
64 bytes from aaaa::212:7402:2:202: icmp_seq=80 ttl=62 time=2033 ms
64 bytes from aaaa::212:7402:2:202: icmp_seq=81 ttl=62 time=960 ms
64 bytes from aaaa::212:7402:2:202: icmp_seq=82 ttl=62 time=1723 ms
64 bytes from aaaa::212:7402:2:202: icmp_seq=84 ttl=62 time=820 ms
64 bytes from aaaa::212:7402:2:202: icmp_seq=86 ttl=62 time=2454 ms
64 bytes from aaaa::212:7402:2:202: icmp_seq=92 ttl=62 time=510 ms
64 bytes from aaaa::212:7402:2:202: icmp_seq=95 ttl=62 time=512 ms
64 bytes from aaaa::212:7402:2:202: icmp_seq=96 ttl=62 time=640 ms
64 bytes from aaaa::212:7402:2:202: icmp_seq=98 ttl=62 time=1463 ms
64 bytes from aaaa::212:7402:2:202: icmp_seq=101 ttl=62 time=1544 ms
64 bytes from aaaa::212:7402:2:202: icmp_seq=102 ttl=62 time=899 ms
64 bytes from aaaa::212:7402:2:202: icmp_seq=103 ttl=62 time=511 ms
64 bytes from aaaa::212:7402:2:202: icmp_seq=104 ttl=62 time=781 ms
64 bytes from aaaa::212:7402:2:202: icmp_seq=105 ttl=62 time=798 ms
64 bytes from aaaa::212:7402:2:202: icmp_seq=106 ttl=62 time=1233 ms
64 bytes from aaaa::212:7402:2:202: icmp_seq=109 ttl=62 time=1151 ms
64 bytes from aaaa::212:7402:2:202: icmp_seq=110 ttl=62 time=902 ms
64 bytes from aaaa::212:7402:2:202: icmp_seq=113 ttl=62 time=368 ms
64 bytes from aaaa::212:7402:2:202: icmp_seq=115 ttl=62 time=714 ms
64 bytes from aaaa::212:7402:2:202: icmp_seq=116 ttl=62 time=789 ms
64 bytes from aaaa::212:7402:2:202: icmp_seq=117 ttl=62 time=378 ms
64 bytes from aaaa::212:7402:2:202: icmp_seq=118 ttl=62 time=321 ms
64 bytes from aaaa::212:7402:2:202: icmp_seq=119 ttl=62 time=845 ms
64 bytes from aaaa::212:7402:2:202: icmp_seq=122 ttl=62 time=2574 ms
64 bytes from aaaa::212:7402:2:202: icmp_seq=123 ttl=62 time=730 ms
64 bytes from aaaa::212:7402:2:202: icmp_seq=131 ttl=62 time=1902 ms
64 bytes from aaaa::212:7402:2:202: icmp_seq=134 ttl=62 time=668 ms
64 bytes from aaaa::212:7402:2:202: icmp_seq=146 ttl=62 time=1290 ms
64 bytes from aaaa::212:7402:2:202: icmp_seq=150 ttl=62 time=494 ms
64 bytes from aaaa::212:7402:2:202: icmp_seq=151 ttl=62 time=1179 ms
64 bytes from aaaa::212:7402:2:202: icmp_seq=154 ttl=62 time=317 ms
64 bytes from aaaa::212:7402:2:202: icmp_seq=155 ttl=62 time=408 ms
64 bytes from aaaa::212:7402:2:202: icmp_seq=158 ttl=62 time=617 ms
64 bytes from aaaa::212:7402:2:202: icmp_seq=159 ttl=62 time=706 ms
64 bytes from aaaa::212:7402:2:202: icmp_seq=160 ttl=62 time=273 ms
64 bytes from aaaa::212:7402:2:202: icmp_seq=162 ttl=62 time=711 ms
64 bytes from aaaa::212:7402:2:202: icmp_seq=176 ttl=62 time=1985 ms
64 bytes from aaaa::212:7402:2:202: icmp_seq=178 ttl=62 time=1500 ms
64 bytes from aaaa::212:7402:2:202: icmp_seq=180 ttl=62 time=790 ms
64 bytes from aaaa::212:7402:2:202: icmp_seq=181 ttl=62 time=3019 ms
64 bytes from aaaa::212:7402:2:202: icmp_seq=190 ttl=62 time=289 ms

--- aaaa::212:7402:2:202 ping statistics ---
200 packets transmitted, 88 received, 56% packet loss, time 995878ms
rtt min/avg/max/mdev = 273.522/1195.010/5474.840/877.075 ms, pipe 2
