PING aaaa::212:7402:2:202(aaaa::212:7402:2:202) 56 data bytes
64 bytes from aaaa::212:7402:2:202: icmp_seq=1 ttl=62 time=333 ms
64 bytes from aaaa::212:7402:2:202: icmp_seq=2 ttl=62 time=1414 ms
64 bytes from aaaa::212:7402:2:202: icmp_seq=4 ttl=62 time=2871 ms
64 bytes from aaaa::212:7402:2:202: icmp_seq=8 ttl=62 time=2042 ms
64 bytes from aaaa::212:7402:2:202: icmp_seq=9 ttl=62 time=1766 ms
64 bytes from aaaa::212:7402:2:202: icmp_seq=10 ttl=62 time=1331 ms
64 bytes from aaaa::212:7402:2:202: icmp_seq=12 ttl=62 time=934 ms
64 bytes from aaaa::212:7402:2:202: icmp_seq=13 ttl=62 time=2804 ms
64 bytes from aaaa::212:7402:2:202: icmp_seq=14 ttl=62 time=522 ms
64 bytes from aaaa::212:7402:2:202: icmp_seq=16 ttl=62 time=792 ms
64 bytes from aaaa::212:7402:2:202: icmp_seq=17 ttl=62 time=419 ms
64 bytes from aaaa::212:7402:2:202: icmp_seq=18 ttl=62 time=1874 ms
64 bytes from aaaa::212:7402:2:202: icmp_seq=24 ttl=62 time=911 ms
64 bytes from aaaa::212:7402:2:202: icmp_seq=25 ttl=62 time=910 ms
64 bytes from aaaa::212:7402:2:202: icmp_seq=26 ttl=62 time=740 ms
64 bytes from aaaa::212:7402:2:202: icmp_seq=27 ttl=62 time=752 ms
64 bytes from aaaa::212:7402:2:202: icmp_seq=28 ttl=62 time=1719 ms
64 bytes from aaaa::212:7402:2:202: icmp_seq=29 ttl=62 time=2847 ms
64 bytes from aaaa::212:7402:2:202: icmp_seq=30 ttl=62 time=2745 ms
64 bytes from aaaa::212:7402:2:202: icmp_seq=31 ttl=62 time=1605 ms
64 bytes from aaaa::212:7402:2:202: icmp_seq=32 ttl=62 time=413 ms
64 bytes from aaaa::212:7402:2:202: icmp_seq=34 ttl=62 time=581 ms
64 bytes from aaaa::212:7402:2:202: icmp_seq=35 ttl=62 time=345 ms
64 bytes from aaaa::212:7402:2:202: icmp_seq=36 ttl=62 time=607 ms
64 bytes from aaaa::212:7402:2:202: icmp_seq=37 ttl=62 time=573 ms
64 bytes from aaaa::212:7402:2:202: icmp_seq=39 ttl=62 time=2096 ms
64 bytes from aaaa::212:7402:2:202: icmp_seq=40 ttl=62 time=3657 ms
64 bytes from aaaa::212:7402:2:202: icmp_seq=41 ttl=62 time=2832 ms
64 bytes from aaaa::212:7402:2:202: icmp_seq=42 ttl=62 time=684 ms
64 bytes from aaaa::212:7402:2:202: icmp_seq=44 ttl=62 time=808 ms
64 bytes from aaaa::212:7402:2:202: icmp_seq=45 ttl=62 time=711 ms
64 bytes from aaaa::212:7402:2:202: icmp_seq=46 ttl=62 time=1532 ms
64 bytes from aaaa::212:7402:2:202: icmp_seq=47 ttl=62 time=892 ms
64 bytes from aaaa::212:7402:2:202: icmp_seq=48 ttl=62 time=1094 ms
64 bytes from aaaa::212:7402:2:202: icmp_seq=50 ttl=62 time=810 ms
64 bytes from aaaa::212:7402:2:202: icmp_seq=52 ttl=62 time=2574 ms
64 bytes from aaaa::212:7402:2:202: icmp_seq=53 ttl=62 time=2204 ms
64 bytes from aaaa::212:7402:2:202: icmp_seq=54 ttl=62 time=608 ms
64 bytes from aaaa::212:7402:2:202: icmp_seq=55 ttl=62 time=3040 ms
64 bytes from aaaa::212:7402:2:202: icmp_seq=57 ttl=62 time=948 ms
64 bytes from aaaa::212:7402:2:202: icmp_seq=58 ttl=62 time=4342 ms
64 bytes from aaaa::212:7402:2:202: icmp_seq=59 ttl=62 time=2609 ms
64 bytes from aaaa::212:7402:2:202: icmp_seq=61 ttl=62 time=2771 ms
64 bytes from aaaa::212:7402:2:202: icmp_seq=62 ttl=62 time=1474 ms
64 bytes from aaaa::212:7402:2:202: icmp_seq=67 ttl=62 time=575 ms
64 bytes from aaaa::212:7402:2:202: icmp_seq=68 ttl=62 time=1942 ms
64 bytes from aaaa::212:7402:2:202: icmp_seq=71 ttl=62 time=2122 ms
64 bytes from aaaa::212:7402:2:202: icmp_seq=77 ttl=62 time=935 ms
64 bytes from aaaa::212:7402:2:202: icmp_seq=81 ttl=62 time=397 ms
64 bytes from aaaa::212:7402:2:202: icmp_seq=85 ttl=62 time=642 ms
64 bytes from aaaa::212:7402:2:202: icmp_seq=91 ttl=62 time=924 ms
64 bytes from aaaa::212:7402:2:202: icmp_seq=93 ttl=62 time=1173 ms
64 bytes from aaaa::212:7402:2:202: icmp_seq=95 ttl=62 time=1293 ms
64 bytes from aaaa::212:7402:2:202: icmp_seq=95 ttl=62 time=1413 ms (DUP!)
64 bytes from aaaa::212:7402:2:202: icmp_seq=96 ttl=62 time=843 ms
64 bytes from aaaa::212:7402:2:202: icmp_seq=98 ttl=62 time=290 ms
64 bytes from aaaa::212:7402:2:202: icmp_seq=101 ttl=62 time=728 ms
64 bytes from aaaa::212:7402:2:202: icmp_seq=102 ttl=62 time=780 ms
64 bytes from aaaa::212:7402:2:202: icmp_seq=104 ttl=62 time=2513 ms
64 bytes from aaaa::212:7402:2:202: icmp_seq=105 ttl=62 time=660 ms
64 bytes from aaaa::212:7402:2:202: icmp_seq=106 ttl=62 time=993 ms
64 bytes from aaaa::212:7402:2:202: icmp_seq=107 ttl=62 time=1044 ms
64 bytes from aaaa::212:7402:2:202: icmp_seq=112 ttl=62 time=1118 ms
64 bytes from aaaa::212:7402:2:202: icmp_seq=114 ttl=62 time=960 ms
64 bytes from aaaa::212:7402:2:202: icmp_seq=115 ttl=62 time=374 ms
64 bytes from aaaa::212:7402:2:202: icmp_seq=120 ttl=62 time=1130 ms
64 bytes from aaaa::212:7402:2:202: icmp_seq=121 ttl=62 time=341 ms
64 bytes from aaaa::212:7402:2:202: icmp_seq=122 ttl=62 time=825 ms
64 bytes from aaaa::212:7402:2:202: icmp_seq=125 ttl=62 time=678 ms
64 bytes from aaaa::212:7402:2:202: icmp_seq=127 ttl=62 time=909 ms
64 bytes from aaaa::212:7402:2:202: icmp_seq=128 ttl=62 time=632 ms
64 bytes from aaaa::212:7402:2:202: icmp_seq=131 ttl=62 time=620 ms
64 bytes from aaaa::212:7402:2:202: icmp_seq=135 ttl=62 time=1000 ms
64 bytes from aaaa::212:7402:2:202: icmp_seq=136 ttl=62 time=374 ms
64 bytes from aaaa::212:7402:2:202: icmp_seq=137 ttl=62 time=501 ms
64 bytes from aaaa::212:7402:2:202: icmp_seq=138 ttl=62 time=488 ms
64 bytes from aaaa::212:7402:2:202: icmp_seq=139 ttl=62 time=563 ms
64 bytes from aaaa::212:7402:2:202: icmp_seq=140 ttl=62 time=427 ms
64 bytes from aaaa::212:7402:2:202: icmp_seq=141 ttl=62 time=1289 ms
64 bytes from aaaa::212:7402:2:202: icmp_seq=142 ttl=62 time=648 ms
64 bytes from aaaa::212:7402:2:202: icmp_seq=143 ttl=62 time=733 ms
64 bytes from aaaa::212:7402:2:202: icmp_seq=144 ttl=62 time=522 ms
64 bytes from aaaa::212:7402:2:202: icmp_seq=145 ttl=62 time=323 ms
64 bytes from aaaa::212:7402:2:202: icmp_seq=146 ttl=62 time=991 ms
64 bytes from aaaa::212:7402:2:202: icmp_seq=148 ttl=62 time=614 ms
64 bytes from aaaa::212:7402:2:202: icmp_seq=150 ttl=62 time=780 ms
64 bytes from aaaa::212:7402:2:202: icmp_seq=151 ttl=62 time=627 ms
64 bytes from aaaa::212:7402:2:202: icmp_seq=152 ttl=62 time=672 ms
64 bytes from aaaa::212:7402:2:202: icmp_seq=153 ttl=62 time=774 ms
64 bytes from aaaa::212:7402:2:202: icmp_seq=154 ttl=62 time=694 ms
64 bytes from aaaa::212:7402:2:202: icmp_seq=155 ttl=62 time=535 ms
64 bytes from aaaa::212:7402:2:202: icmp_seq=156 ttl=62 time=1791 ms
64 bytes from aaaa::212:7402:2:202: icmp_seq=157 ttl=62 time=523 ms
64 bytes from aaaa::212:7402:2:202: icmp_seq=158 ttl=62 time=1787 ms
64 bytes from aaaa::212:7402:2:202: icmp_seq=159 ttl=62 time=619 ms
64 bytes from aaaa::212:7402:2:202: icmp_seq=160 ttl=62 time=685 ms
64 bytes from aaaa::212:7402:2:202: icmp_seq=161 ttl=62 time=821 ms
64 bytes from aaaa::212:7402:2:202: icmp_seq=162 ttl=62 time=993 ms
64 bytes from aaaa::212:7402:2:202: icmp_seq=163 ttl=62 time=693 ms
64 bytes from aaaa::212:7402:2:202: icmp_seq=164 ttl=62 time=639 ms
64 bytes from aaaa::212:7402:2:202: icmp_seq=165 ttl=62 time=1622 ms
64 bytes from aaaa::212:7402:2:202: icmp_seq=166 ttl=62 time=489 ms
64 bytes from aaaa::212:7402:2:202: icmp_seq=167 ttl=62 time=721 ms
64 bytes from aaaa::212:7402:2:202: icmp_seq=168 ttl=62 time=961 ms
64 bytes from aaaa::212:7402:2:202: icmp_seq=169 ttl=62 time=497 ms
64 bytes from aaaa::212:7402:2:202: icmp_seq=170 ttl=62 time=535 ms
64 bytes from aaaa::212:7402:2:202: icmp_seq=171 ttl=62 time=978 ms
64 bytes from aaaa::212:7402:2:202: icmp_seq=172 ttl=62 time=1084 ms
64 bytes from aaaa::212:7402:2:202: icmp_seq=173 ttl=62 time=410 ms
64 bytes from aaaa::212:7402:2:202: icmp_seq=174 ttl=62 time=2942 ms
64 bytes from aaaa::212:7402:2:202: icmp_seq=175 ttl=62 time=2209 ms
64 bytes from aaaa::212:7402:2:202: icmp_seq=176 ttl=62 time=532 ms
64 bytes from aaaa::212:7402:2:202: icmp_seq=177 ttl=62 time=737 ms
64 bytes from aaaa::212:7402:2:202: icmp_seq=178 ttl=62 time=845 ms
64 bytes from aaaa::212:7402:2:202: icmp_seq=179 ttl=62 time=454 ms
64 bytes from aaaa::212:7402:2:202: icmp_seq=180 ttl=62 time=443 ms
64 bytes from aaaa::212:7402:2:202: icmp_seq=181 ttl=62 time=503 ms
64 bytes from aaaa::212:7402:2:202: icmp_seq=182 ttl=62 time=497 ms
64 bytes from aaaa::212:7402:2:202: icmp_seq=183 ttl=62 time=930 ms
64 bytes from aaaa::212:7402:2:202: icmp_seq=184 ttl=62 time=523 ms
64 bytes from aaaa::212:7402:2:202: icmp_seq=186 ttl=62 time=731 ms
64 bytes from aaaa::212:7402:2:202: icmp_seq=187 ttl=62 time=414 ms
64 bytes from aaaa::212:7402:2:202: icmp_seq=188 ttl=62 time=521 ms
64 bytes from aaaa::212:7402:2:202: icmp_seq=189 ttl=62 time=1053 ms
64 bytes from aaaa::212:7402:2:202: icmp_seq=190 ttl=62 time=425 ms
64 bytes from aaaa::212:7402:2:202: icmp_seq=191 ttl=62 time=491 ms
64 bytes from aaaa::212:7402:2:202: icmp_seq=192 ttl=62 time=470 ms
64 bytes from aaaa::212:7402:2:202: icmp_seq=193 ttl=62 time=391 ms
64 bytes from aaaa::212:7402:2:202: icmp_seq=194 ttl=62 time=357 ms
64 bytes from aaaa::212:7402:2:202: icmp_seq=195 ttl=62 time=440 ms
64 bytes from aaaa::212:7402:2:202: icmp_seq=196 ttl=62 time=532 ms
64 bytes from aaaa::212:7402:2:202: icmp_seq=197 ttl=62 time=378 ms
64 bytes from aaaa::212:7402:2:202: icmp_seq=198 ttl=62 time=451 ms
64 bytes from aaaa::212:7402:2:202: icmp_seq=199 ttl=62 time=323 ms
64 bytes from aaaa::212:7402:2:202: icmp_seq=200 ttl=62 time=479 ms

--- aaaa::212:7402:2:202 ping statistics ---
200 packets transmitted, 134 received, +1 duplicates, 33% packet loss, time 996078ms
rtt min/avg/max/mdev = 290.859/1043.983/4342.758/778.925 ms
