PING aaaa::212:7405:5:505(aaaa::212:7405:5:505) 56 data bytes
64 bytes from aaaa::212:7405:5:505: icmp_seq=4 ttl=61 time=690 ms
64 bytes from aaaa::212:7405:5:505: icmp_seq=5 ttl=61 time=959 ms
64 bytes from aaaa::212:7405:5:505: icmp_seq=6 ttl=61 time=1491 ms
64 bytes from aaaa::212:7405:5:505: icmp_seq=8 ttl=61 time=1899 ms
64 bytes from aaaa::212:7405:5:505: icmp_seq=9 ttl=61 time=1580 ms
64 bytes from aaaa::212:7405:5:505: icmp_seq=10 ttl=61 time=1324 ms
64 bytes from aaaa::212:7405:5:505: icmp_seq=11 ttl=61 time=1082 ms
64 bytes from aaaa::212:7405:5:505: icmp_seq=12 ttl=61 time=4455 ms
64 bytes from aaaa::212:7405:5:505: icmp_seq=13 ttl=61 time=1892 ms
64 bytes from aaaa::212:7405:5:505: icmp_seq=14 ttl=61 time=1497 ms
64 bytes from aaaa::212:7405:5:505: icmp_seq=15 ttl=61 time=920 ms
64 bytes from aaaa::212:7405:5:505: icmp_seq=16 ttl=61 time=545 ms
64 bytes from aaaa::212:7405:5:505: icmp_seq=20 ttl=61 time=1552 ms
64 bytes from aaaa::212:7405:5:505: icmp_seq=21 ttl=61 time=4112 ms
64 bytes from aaaa::212:7405:5:505: icmp_seq=23 ttl=61 time=4490 ms
64 bytes from aaaa::212:7405:5:505: icmp_seq=25 ttl=61 time=1913 ms
64 bytes from aaaa::212:7405:5:505: icmp_seq=27 ttl=61 time=4046 ms
64 bytes from aaaa::212:7405:5:505: icmp_seq=29 ttl=61 time=1601 ms
64 bytes from aaaa::212:7405:5:505: icmp_seq=30 ttl=61 time=2559 ms
64 bytes from aaaa::212:7405:5:505: icmp_seq=31 ttl=61 time=860 ms
64 bytes from aaaa::212:7405:5:505: icmp_seq=32 ttl=61 time=1251 ms
64 bytes from aaaa::212:7405:5:505: icmp_seq=33 ttl=61 time=2333 ms
64 bytes from aaaa::212:7405:5:505: icmp_seq=34 ttl=61 time=2052 ms
64 bytes from aaaa::212:7405:5:505: icmp_seq=35 ttl=61 time=3114 ms
64 bytes from aaaa::212:7405:5:505: icmp_seq=36 ttl=61 time=3392 ms
64 bytes from aaaa::212:7405:5:505: icmp_seq=38 ttl=61 time=2314 ms
64 bytes from aaaa::212:7405:5:505: icmp_seq=43 ttl=61 time=840 ms
64 bytes from aaaa::212:7405:5:505: icmp_seq=45 ttl=61 time=1110 ms
64 bytes from aaaa::212:7405:5:505: icmp_seq=46 ttl=61 time=1853 ms
64 bytes from aaaa::212:7405:5:505: icmp_seq=52 ttl=61 time=2781 ms
64 bytes from aaaa::212:7405:5:505: icmp_seq=57 ttl=61 time=1449 ms
64 bytes from aaaa::212:7405:5:505: icmp_seq=58 ttl=61 time=3007 ms
64 bytes from aaaa::212:7405:5:505: icmp_seq=59 ttl=61 time=1460 ms
64 bytes from aaaa::212:7405:5:505: icmp_seq=60 ttl=61 time=769 ms
64 bytes from aaaa::212:7405:5:505: icmp_seq=61 ttl=61 time=7299 ms
64 bytes from aaaa::212:7405:5:505: icmp_seq=63 ttl=61 time=2021 ms
64 bytes from aaaa::212:7405:5:505: icmp_seq=66 ttl=61 time=4255 ms
64 bytes from aaaa::212:7405:5:505: icmp_seq=68 ttl=61 time=2929 ms
64 bytes from aaaa::212:7405:5:505: icmp_seq=69 ttl=61 time=1719 ms
64 bytes from aaaa::212:7405:5:505: icmp_seq=70 ttl=61 time=1101 ms
64 bytes from aaaa::212:7405:5:505: icmp_seq=71 ttl=61 time=1694 ms
64 bytes from aaaa::212:7405:5:505: icmp_seq=72 ttl=61 time=1090 ms
64 bytes from aaaa::212:7405:5:505: icmp_seq=73 ttl=61 time=3919 ms
64 bytes from aaaa::212:7405:5:505: icmp_seq=75 ttl=61 time=2187 ms
64 bytes from aaaa::212:7405:5:505: icmp_seq=76 ttl=61 time=1031 ms
64 bytes from aaaa::212:7405:5:505: icmp_seq=77 ttl=61 time=1542 ms
64 bytes from aaaa::212:7405:5:505: icmp_seq=79 ttl=61 time=1892 ms
64 bytes from aaaa::212:7405:5:505: icmp_seq=80 ttl=61 time=3780 ms
64 bytes from aaaa::212:7405:5:505: icmp_seq=81 ttl=61 time=1920 ms
64 bytes from aaaa::212:7405:5:505: icmp_seq=82 ttl=61 time=1711 ms
64 bytes from aaaa::212:7405:5:505: icmp_seq=83 ttl=61 time=2338 ms
64 bytes from aaaa::212:7405:5:505: icmp_seq=84 ttl=61 time=1598 ms
64 bytes from aaaa::212:7405:5:505: icmp_seq=85 ttl=61 time=7500 ms
64 bytes from aaaa::212:7405:5:505: icmp_seq=88 ttl=61 time=890 ms
64 bytes from aaaa::212:7405:5:505: icmp_seq=89 ttl=61 time=1674 ms
64 bytes from aaaa::212:7405:5:505: icmp_seq=91 ttl=61 time=1674 ms
64 bytes from aaaa::212:7405:5:505: icmp_seq=92 ttl=61 time=2296 ms
64 bytes from aaaa::212:7405:5:505: icmp_seq=93 ttl=61 time=2197 ms
64 bytes from aaaa::212:7405:5:505: icmp_seq=95 ttl=61 time=1224 ms
64 bytes from aaaa::212:7405:5:505: icmp_seq=103 ttl=61 time=1977 ms
64 bytes from aaaa::212:7405:5:505: icmp_seq=105 ttl=61 time=2038 ms
64 bytes from aaaa::212:7405:5:505: icmp_seq=106 ttl=61 time=910 ms
64 bytes from aaaa::212:7405:5:505: icmp_seq=107 ttl=61 time=1512 ms
64 bytes from aaaa::212:7405:5:505: icmp_seq=108 ttl=61 time=1968 ms
64 bytes from aaaa::212:7405:5:505: icmp_seq=109 ttl=61 time=1220 ms
64 bytes from aaaa::212:7405:5:505: icmp_seq=110 ttl=61 time=2210 ms
64 bytes from aaaa::212:7405:5:505: icmp_seq=111 ttl=61 time=1788 ms
64 bytes from aaaa::212:7405:5:505: icmp_seq=112 ttl=61 time=760 ms
64 bytes from aaaa::212:7405:5:505: icmp_seq=113 ttl=61 time=1261 ms
64 bytes from aaaa::212:7405:5:505: icmp_seq=114 ttl=61 time=1694 ms
64 bytes from aaaa::212:7405:5:505: icmp_seq=115 ttl=61 time=1624 ms
64 bytes from aaaa::212:7405:5:505: icmp_seq=116 ttl=61 time=940 ms
64 bytes from aaaa::212:7405:5:505: icmp_seq=117 ttl=61 time=1767 ms
64 bytes from aaaa::212:7405:5:505: icmp_seq=118 ttl=61 time=1060 ms
64 bytes from aaaa::212:7405:5:505: icmp_seq=124 ttl=61 time=2214 ms
64 bytes from aaaa::212:7405:5:505: icmp_seq=125 ttl=61 time=2751 ms
64 bytes from aaaa::212:7405:5:505: icmp_seq=126 ttl=61 time=1184 ms
64 bytes from aaaa::212:7405:5:505: icmp_seq=128 ttl=61 time=1321 ms
64 bytes from aaaa::212:7405:5:505: icmp_seq=129 ttl=61 time=1483 ms
64 bytes from aaaa::212:7405:5:505: icmp_seq=130 ttl=61 time=1632 ms
64 bytes from aaaa::212:7405:5:505: icmp_seq=131 ttl=61 time=2364 ms
64 bytes from aaaa::212:7405:5:505: icmp_seq=132 ttl=61 time=2499 ms
64 bytes from aaaa::212:7405:5:505: icmp_seq=133 ttl=61 time=1804 ms
64 bytes from aaaa::212:7405:5:505: icmp_seq=134 ttl=61 time=2930 ms
64 bytes from aaaa::212:7405:5:505: icmp_seq=136 ttl=61 time=1150 ms
64 bytes from aaaa::212:7405:5:505: icmp_seq=138 ttl=61 time=2190 ms
64 bytes from aaaa::212:7405:5:505: icmp_seq=139 ttl=61 time=2215 ms
64 bytes from aaaa::212:7405:5:505: icmp_seq=140 ttl=61 time=3366 ms
64 bytes from aaaa::212:7405:5:505: icmp_seq=142 ttl=61 time=1127 ms
64 bytes from aaaa::212:7405:5:505: icmp_seq=143 ttl=61 time=1179 ms
64 bytes from aaaa::212:7405:5:505: icmp_seq=145 ttl=61 time=1340 ms
64 bytes from aaaa::212:7405:5:505: icmp_seq=155 ttl=61 time=1652 ms
64 bytes from aaaa::212:7405:5:505: icmp_seq=157 ttl=61 time=1205 ms
64 bytes from aaaa::212:7405:5:505: icmp_seq=158 ttl=61 time=3203 ms
64 bytes from aaaa::212:7405:5:505: icmp_seq=163 ttl=61 time=2320 ms
64 bytes from aaaa::212:7405:5:505: icmp_seq=171 ttl=61 time=2333 ms
64 bytes from aaaa::212:7405:5:505: icmp_seq=181 ttl=61 time=3363 ms
64 bytes from aaaa::212:7405:5:505: icmp_seq=182 ttl=61 time=864 ms

--- aaaa::212:7405:5:505 ping statistics ---
200 packets transmitted, 98 received, 51% packet loss, time 995733ms
rtt min/avg/max/mdev = 545.861/2032.011/7500.118/1184.055 ms, pipe 2
