PING aaaa::212:7403:3:303(aaaa::212:7403:3:303) 56 data bytes
64 bytes from aaaa::212:7403:3:303: icmp_seq=1 ttl=63 time=1075 ms
64 bytes from aaaa::212:7403:3:303: icmp_seq=4 ttl=63 time=2423 ms
64 bytes from aaaa::212:7403:3:303: icmp_seq=5 ttl=63 time=387 ms
64 bytes from aaaa::212:7403:3:303: icmp_seq=6 ttl=63 time=651 ms
64 bytes from aaaa::212:7403:3:303: icmp_seq=7 ttl=63 time=799 ms
64 bytes from aaaa::212:7403:3:303: icmp_seq=10 ttl=63 time=1012 ms
64 bytes from aaaa::212:7403:3:303: icmp_seq=11 ttl=63 time=202 ms
64 bytes from aaaa::212:7403:3:303: icmp_seq=13 ttl=63 time=523 ms
64 bytes from aaaa::212:7403:3:303: icmp_seq=14 ttl=63 time=170 ms
64 bytes from aaaa::212:7403:3:303: icmp_seq=15 ttl=63 time=1040 ms
64 bytes from aaaa::212:7403:3:303: icmp_seq=17 ttl=63 time=462 ms
64 bytes from aaaa::212:7403:3:303: icmp_seq=18 ttl=63 time=580 ms
64 bytes from aaaa::212:7403:3:303: icmp_seq=24 ttl=63 time=389 ms
64 bytes from aaaa::212:7403:3:303: icmp_seq=25 ttl=63 time=990 ms
64 bytes from aaaa::212:7403:3:303: icmp_seq=26 ttl=63 time=372 ms
64 bytes from aaaa::212:7403:3:303: icmp_seq=28 ttl=63 time=390 ms
64 bytes from aaaa::212:7403:3:303: icmp_seq=29 ttl=63 time=1900 ms
64 bytes from aaaa::212:7403:3:303: icmp_seq=32 ttl=63 time=215 ms
64 bytes from aaaa::212:7403:3:303: icmp_seq=33 ttl=63 time=210 ms
64 bytes from aaaa::212:7403:3:303: icmp_seq=37 ttl=63 time=184 ms
64 bytes from aaaa::212:7403:3:303: icmp_seq=38 ttl=63 time=963 ms
64 bytes from aaaa::212:7403:3:303: icmp_seq=42 ttl=63 time=241 ms
64 bytes from aaaa::212:7403:3:303: icmp_seq=44 ttl=63 time=261 ms
64 bytes from aaaa::212:7403:3:303: icmp_seq=45 ttl=63 time=631 ms
64 bytes from aaaa::212:7403:3:303: icmp_seq=47 ttl=63 time=214 ms
64 bytes from aaaa::212:7403:3:303: icmp_seq=48 ttl=63 time=1090 ms
64 bytes from aaaa::212:7403:3:303: icmp_seq=49 ttl=63 time=182 ms
64 bytes from aaaa::212:7403:3:303: icmp_seq=50 ttl=63 time=359 ms
64 bytes from aaaa::212:7403:3:303: icmp_seq=51 ttl=63 time=739 ms
64 bytes from aaaa::212:7403:3:303: icmp_seq=54 ttl=63 time=286 ms
64 bytes from aaaa::212:7403:3:303: icmp_seq=56 ttl=63 time=1577 ms
64 bytes from aaaa::212:7403:3:303: icmp_seq=61 ttl=63 time=1404 ms
64 bytes from aaaa::212:7403:3:303: icmp_seq=64 ttl=63 time=377 ms
64 bytes from aaaa::212:7403:3:303: icmp_seq=65 ttl=63 time=453 ms
64 bytes from aaaa::212:7403:3:303: icmp_seq=67 ttl=63 time=1150 ms
64 bytes from aaaa::212:7403:3:303: icmp_seq=70 ttl=63 time=2764 ms
64 bytes from aaaa::212:7403:3:303: icmp_seq=72 ttl=63 time=435 ms
64 bytes from aaaa::212:7403:3:303: icmp_seq=76 ttl=63 time=986 ms
64 bytes from aaaa::212:7403:3:303: icmp_seq=77 ttl=63 time=236 ms
64 bytes from aaaa::212:7403:3:303: icmp_seq=79 ttl=63 time=284 ms
64 bytes from aaaa::212:7403:3:303: icmp_seq=80 ttl=63 time=893 ms
64 bytes from aaaa::212:7403:3:303: icmp_seq=82 ttl=63 time=415 ms
64 bytes from aaaa::212:7403:3:303: icmp_seq=83 ttl=63 time=1946 ms
64 bytes from aaaa::212:7403:3:303: icmp_seq=84 ttl=63 time=620 ms
64 bytes from aaaa::212:7403:3:303: icmp_seq=85 ttl=63 time=441 ms
64 bytes from aaaa::212:7403:3:303: icmp_seq=87 ttl=63 time=362 ms
64 bytes from aaaa::212:7403:3:303: icmp_seq=88 ttl=63 time=366 ms
64 bytes from aaaa::212:7403:3:303: icmp_seq=89 ttl=63 time=179 ms
64 bytes from aaaa::212:7403:3:303: icmp_seq=90 ttl=63 time=517 ms
64 bytes from aaaa::212:7403:3:303: icmp_seq=91 ttl=63 time=252 ms
64 bytes from aaaa::212:7403:3:303: icmp_seq=92 ttl=63 time=739 ms
64 bytes from aaaa::212:7403:3:303: icmp_seq=93 ttl=63 time=670 ms
64 bytes from aaaa::212:7403:3:303: icmp_seq=94 ttl=63 time=853 ms
64 bytes from aaaa::212:7403:3:303: icmp_seq=95 ttl=63 time=735 ms
64 bytes from aaaa::212:7403:3:303: icmp_seq=97 ttl=63 time=2173 ms
64 bytes from aaaa::212:7403:3:303: icmp_seq=98 ttl=63 time=462 ms
64 bytes from aaaa::212:7403:3:303: icmp_seq=99 ttl=63 time=1544 ms
64 bytes from aaaa::212:7403:3:303: icmp_seq=101 ttl=63 time=1637 ms
64 bytes from aaaa::212:7403:3:303: icmp_seq=102 ttl=63 time=395 ms
64 bytes from aaaa::212:7403:3:303: icmp_seq=103 ttl=63 time=1281 ms
64 bytes from aaaa::212:7403:3:303: icmp_seq=104 ttl=63 time=2781 ms
64 bytes from aaaa::212:7403:3:303: icmp_seq=105 ttl=63 time=244 ms
64 bytes from aaaa::212:7403:3:303: icmp_seq=106 ttl=63 time=980 ms
64 bytes from aaaa::212:7403:3:303: icmp_seq=107 ttl=63 time=1172 ms
64 bytes from aaaa::212:7403:3:303: icmp_seq=109 ttl=63 time=953 ms
64 bytes from aaaa::212:7403:3:303: icmp_seq=110 ttl=63 time=532 ms
64 bytes from aaaa::212:7403:3:303: icmp_seq=112 ttl=63 time=742 ms
64 bytes from aaaa::212:7403:3:303: icmp_seq=113 ttl=63 time=2951 ms
64 bytes from aaaa::212:7403:3:303: icmp_seq=114 ttl=63 time=661 ms
64 bytes from aaaa::212:7403:3:303: icmp_seq=115 ttl=63 time=401 ms
64 bytes from aaaa::212:7403:3:303: icmp_seq=117 ttl=63 time=621 ms
64 bytes from aaaa::212:7403:3:303: icmp_seq=118 ttl=63 time=4627 ms
64 bytes from aaaa::212:7403:3:303: icmp_seq=119 ttl=63 time=1368 ms
64 bytes from aaaa::212:7403:3:303: icmp_seq=120 ttl=63 time=392 ms
64 bytes from aaaa::212:7403:3:303: icmp_seq=121 ttl=63 time=513 ms
64 bytes from aaaa::212:7403:3:303: icmp_seq=122 ttl=63 time=714 ms
64 bytes from aaaa::212:7403:3:303: icmp_seq=123 ttl=63 time=231 ms
64 bytes from aaaa::212:7403:3:303: icmp_seq=125 ttl=63 time=375 ms
64 bytes from aaaa::212:7403:3:303: icmp_seq=127 ttl=63 time=600 ms
64 bytes from aaaa::212:7403:3:303: icmp_seq=128 ttl=63 time=281 ms
64 bytes from aaaa::212:7403:3:303: icmp_seq=129 ttl=63 time=1270 ms
64 bytes from aaaa::212:7403:3:303: icmp_seq=131 ttl=63 time=592 ms
64 bytes from aaaa::212:7403:3:303: icmp_seq=134 ttl=63 time=1390 ms
64 bytes from aaaa::212:7403:3:303: icmp_seq=135 ttl=63 time=791 ms
64 bytes from aaaa::212:7403:3:303: icmp_seq=136 ttl=63 time=240 ms
64 bytes from aaaa::212:7403:3:303: icmp_seq=137 ttl=63 time=966 ms
64 bytes from aaaa::212:7403:3:303: icmp_seq=138 ttl=63 time=270 ms
64 bytes from aaaa::212:7403:3:303: icmp_seq=139 ttl=63 time=242 ms
64 bytes from aaaa::212:7403:3:303: icmp_seq=140 ttl=63 time=222 ms
64 bytes from aaaa::212:7403:3:303: icmp_seq=141 ttl=63 time=716 ms
64 bytes from aaaa::212:7403:3:303: icmp_seq=142 ttl=63 time=283 ms
64 bytes from aaaa::212:7403:3:303: icmp_seq=143 ttl=63 time=150 ms
64 bytes from aaaa::212:7403:3:303: icmp_seq=144 ttl=63 time=242 ms
64 bytes from aaaa::212:7403:3:303: icmp_seq=145 ttl=63 time=231 ms
64 bytes from aaaa::212:7403:3:303: icmp_seq=146 ttl=63 time=263 ms
64 bytes from aaaa::212:7403:3:303: icmp_seq=147 ttl=63 time=277 ms
64 bytes from aaaa::212:7403:3:303: icmp_seq=148 ttl=63 time=253 ms
64 bytes from aaaa::212:7403:3:303: icmp_seq=149 ttl=63 time=302 ms
64 bytes from aaaa::212:7403:3:303: icmp_seq=150 ttl=63 time=249 ms
64 bytes from aaaa::212:7403:3:303: icmp_seq=151 ttl=63 time=299 ms
64 bytes from aaaa::212:7403:3:303: icmp_seq=152 ttl=63 time=268 ms
64 bytes from aaaa::212:7403:3:303: icmp_seq=153 ttl=63 time=383 ms
64 bytes from aaaa::212:7403:3:303: icmp_seq=154 ttl=63 time=317 ms
64 bytes from aaaa::212:7403:3:303: icmp_seq=155 ttl=63 time=253 ms
64 bytes from aaaa::212:7403:3:303: icmp_seq=156 ttl=63 time=492 ms
64 bytes from aaaa::212:7403:3:303: icmp_seq=157 ttl=63 time=329 ms
64 bytes from aaaa::212:7403:3:303: icmp_seq=158 ttl=63 time=775 ms
64 bytes from aaaa::212:7403:3:303: icmp_seq=159 ttl=63 time=220 ms
64 bytes from aaaa::212:7403:3:303: icmp_seq=160 ttl=63 time=446 ms
64 bytes from aaaa::212:7403:3:303: icmp_seq=161 ttl=63 time=433 ms
64 bytes from aaaa::212:7403:3:303: icmp_seq=162 ttl=63 time=225 ms
64 bytes from aaaa::212:7403:3:303: icmp_seq=163 ttl=63 time=249 ms
64 bytes from aaaa::212:7403:3:303: icmp_seq=164 ttl=63 time=299 ms
64 bytes from aaaa::212:7403:3:303: icmp_seq=166 ttl=63 time=264 ms
64 bytes from aaaa::212:7403:3:303: icmp_seq=167 ttl=63 time=652 ms
64 bytes from aaaa::212:7403:3:303: icmp_seq=168 ttl=63 time=272 ms
64 bytes from aaaa::212:7403:3:303: icmp_seq=169 ttl=63 time=282 ms
64 bytes from aaaa::212:7403:3:303: icmp_seq=170 ttl=63 time=218 ms
64 bytes from aaaa::212:7403:3:303: icmp_seq=171 ttl=63 time=358 ms
64 bytes from aaaa::212:7403:3:303: icmp_seq=172 ttl=63 time=239 ms
64 bytes from aaaa::212:7403:3:303: icmp_seq=173 ttl=63 time=553 ms
64 bytes from aaaa::212:7403:3:303: icmp_seq=174 ttl=63 time=381 ms
64 bytes from aaaa::212:7403:3:303: icmp_seq=176 ttl=63 time=207 ms
64 bytes from aaaa::212:7403:3:303: icmp_seq=177 ttl=63 time=369 ms
64 bytes from aaaa::212:7403:3:303: icmp_seq=178 ttl=63 time=338 ms
64 bytes from aaaa::212:7403:3:303: icmp_seq=179 ttl=63 time=268 ms
64 bytes from aaaa::212:7403:3:303: icmp_seq=180 ttl=63 time=313 ms
64 bytes from aaaa::212:7403:3:303: icmp_seq=181 ttl=63 time=350 ms
64 bytes from aaaa::212:7403:3:303: icmp_seq=182 ttl=63 time=472 ms
64 bytes from aaaa::212:7403:3:303: icmp_seq=183 ttl=63 time=274 ms
64 bytes from aaaa::212:7403:3:303: icmp_seq=184 ttl=63 time=267 ms
64 bytes from aaaa::212:7403:3:303: icmp_seq=187 ttl=63 time=158 ms
64 bytes from aaaa::212:7403:3:303: icmp_seq=188 ttl=63 time=363 ms
64 bytes from aaaa::212:7403:3:303: icmp_seq=190 ttl=63 time=302 ms
64 bytes from aaaa::212:7403:3:303: icmp_seq=191 ttl=63 time=251 ms
64 bytes from aaaa::212:7403:3:303: icmp_seq=192 ttl=63 time=221 ms
64 bytes from aaaa::212:7403:3:303: icmp_seq=193 ttl=63 time=768 ms
64 bytes from aaaa::212:7403:3:303: icmp_seq=194 ttl=63 time=326 ms
64 bytes from aaaa::212:7403:3:303: icmp_seq=195 ttl=63 time=287 ms
64 bytes from aaaa::212:7403:3:303: icmp_seq=196 ttl=63 time=242 ms
64 bytes from aaaa::212:7403:3:303: icmp_seq=197 ttl=63 time=296 ms
64 bytes from aaaa::212:7403:3:303: icmp_seq=198 ttl=63 time=798 ms
64 bytes from aaaa::212:7403:3:303: icmp_seq=199 ttl=63 time=393 ms
64 bytes from aaaa::212:7403:3:303: icmp_seq=200 ttl=63 time=524 ms

--- aaaa::212:7403:3:303 ping statistics ---
200 packets transmitted, 144 received, 28% packet loss, time 996268ms
rtt min/avg/max/mdev = 150.312/633.610/4627.008/629.784 ms
