PING aaaa::212:7409:9:909(aaaa::212:7409:9:909) 56 data bytes
64 bytes from aaaa::212:7409:9:909: icmp_seq=1 ttl=61 time=2484 ms
64 bytes from aaaa::212:7409:9:909: icmp_seq=3 ttl=61 time=781 ms
64 bytes from aaaa::212:7409:9:909: icmp_seq=4 ttl=61 time=2895 ms
64 bytes from aaaa::212:7409:9:909: icmp_seq=5 ttl=61 time=1032 ms
64 bytes from aaaa::212:7409:9:909: icmp_seq=6 ttl=61 time=869 ms
64 bytes from aaaa::212:7409:9:909: icmp_seq=7 ttl=61 time=856 ms
64 bytes from aaaa::212:7409:9:909: icmp_seq=8 ttl=61 time=4103 ms
64 bytes from aaaa::212:7409:9:909: icmp_seq=9 ttl=61 time=764 ms
64 bytes from aaaa::212:7409:9:909: icmp_seq=10 ttl=61 time=1752 ms
64 bytes from aaaa::212:7409:9:909: icmp_seq=11 ttl=61 time=3279 ms
64 bytes from aaaa::212:7409:9:909: icmp_seq=12 ttl=61 time=895 ms
64 bytes from aaaa::212:7409:9:909: icmp_seq=13 ttl=61 time=1869 ms
64 bytes from aaaa::212:7409:9:909: icmp_seq=14 ttl=61 time=811 ms
64 bytes from aaaa::212:7409:9:909: icmp_seq=19 ttl=61 time=3177 ms
64 bytes from aaaa::212:7409:9:909: icmp_seq=20 ttl=61 time=789 ms
64 bytes from aaaa::212:7409:9:909: icmp_seq=22 ttl=61 time=3047 ms
64 bytes from aaaa::212:7409:9:909: icmp_seq=23 ttl=61 time=2995 ms
64 bytes from aaaa::212:7409:9:909: icmp_seq=24 ttl=61 time=1616 ms
64 bytes from aaaa::212:7409:9:909: icmp_seq=25 ttl=61 time=879 ms
64 bytes from aaaa::212:7409:9:909: icmp_seq=26 ttl=61 time=1749 ms
64 bytes from aaaa::212:7409:9:909: icmp_seq=28 ttl=61 time=754 ms
64 bytes from aaaa::212:7409:9:909: icmp_seq=30 ttl=61 time=923 ms
64 bytes from aaaa::212:7409:9:909: icmp_seq=32 ttl=61 time=1275 ms
64 bytes from aaaa::212:7409:9:909: icmp_seq=34 ttl=61 time=862 ms
64 bytes from aaaa::212:7409:9:909: icmp_seq=35 ttl=61 time=1409 ms
64 bytes from aaaa::212:7409:9:909: icmp_seq=38 ttl=61 time=871 ms
64 bytes from aaaa::212:7409:9:909: icmp_seq=39 ttl=61 time=1182 ms
64 bytes from aaaa::212:7409:9:909: icmp_seq=41 ttl=61 time=1182 ms
64 bytes from aaaa::212:7409:9:909: icmp_seq=42 ttl=61 time=902 ms
64 bytes from aaaa::212:7409:9:909: icmp_seq=43 ttl=61 time=1990 ms
64 bytes from aaaa::212:7409:9:909: icmp_seq=46 ttl=61 time=1113 ms
64 bytes from aaaa::212:7409:9:909: icmp_seq=47 ttl=61 time=1859 ms
64 bytes from aaaa::212:7409:9:909: icmp_seq=48 ttl=61 time=5290 ms
64 bytes from aaaa::212:7409:9:909: icmp_seq=50 ttl=61 time=4100 ms
64 bytes from aaaa::212:7409:9:909: icmp_seq=51 ttl=61 time=701 ms
64 bytes from aaaa::212:7409:9:909: icmp_seq=53 ttl=61 time=675 ms
64 bytes from aaaa::212:7409:9:909: icmp_seq=56 ttl=61 time=840 ms
64 bytes from aaaa::212:7409:9:909: icmp_seq=58 ttl=61 time=1628 ms
64 bytes from aaaa::212:7409:9:909: icmp_seq=60 ttl=61 time=1318 ms
64 bytes from aaaa::212:7409:9:909: icmp_seq=62 ttl=61 time=2680 ms
64 bytes from aaaa::212:7409:9:909: icmp_seq=63 ttl=61 time=755 ms
64 bytes from aaaa::212:7409:9:909: icmp_seq=65 ttl=61 time=3824 ms
64 bytes from aaaa::212:7409:9:909: icmp_seq=66 ttl=61 time=1805 ms
64 bytes from aaaa::212:7409:9:909: icmp_seq=68 ttl=61 time=2364 ms
64 bytes from aaaa::212:7409:9:909: icmp_seq=70 ttl=61 time=963 ms
64 bytes from aaaa::212:7409:9:909: icmp_seq=71 ttl=61 time=1121 ms
64 bytes from aaaa::212:7409:9:909: icmp_seq=72 ttl=61 time=1161 ms
64 bytes from aaaa::212:7409:9:909: icmp_seq=75 ttl=61 time=1123 ms
64 bytes from aaaa::212:7409:9:909: icmp_seq=76 ttl=61 time=2182 ms
64 bytes from aaaa::212:7409:9:909: icmp_seq=77 ttl=61 time=631 ms
64 bytes from aaaa::212:7409:9:909: icmp_seq=79 ttl=61 time=677 ms
64 bytes from aaaa::212:7409:9:909: icmp_seq=80 ttl=61 time=974 ms
64 bytes from aaaa::212:7409:9:909: icmp_seq=81 ttl=61 time=1015 ms
64 bytes from aaaa::212:7409:9:909: icmp_seq=82 ttl=61 time=910 ms
64 bytes from aaaa::212:7409:9:909: icmp_seq=83 ttl=61 time=750 ms
64 bytes from aaaa::212:7409:9:909: icmp_seq=84 ttl=61 time=1321 ms
64 bytes from aaaa::212:7409:9:909: icmp_seq=86 ttl=61 time=1914 ms
64 bytes from aaaa::212:7409:9:909: icmp_seq=88 ttl=61 time=1669 ms
64 bytes from aaaa::212:7409:9:909: icmp_seq=90 ttl=61 time=4241 ms
64 bytes from aaaa::212:7409:9:909: icmp_seq=91 ttl=61 time=849 ms
64 bytes from aaaa::212:7409:9:909: icmp_seq=92 ttl=61 time=1511 ms
64 bytes from aaaa::212:7409:9:909: icmp_seq=94 ttl=61 time=597 ms
64 bytes from aaaa::212:7409:9:909: icmp_seq=95 ttl=61 time=1074 ms
64 bytes from aaaa::212:7409:9:909: icmp_seq=97 ttl=61 time=1747 ms
64 bytes from aaaa::212:7409:9:909: icmp_seq=99 ttl=61 time=1765 ms
64 bytes from aaaa::212:7409:9:909: icmp_seq=100 ttl=61 time=2423 ms
64 bytes from aaaa::212:7409:9:909: icmp_seq=103 ttl=61 time=900 ms
64 bytes from aaaa::212:7409:9:909: icmp_seq=105 ttl=61 time=713 ms
64 bytes from aaaa::212:7409:9:909: icmp_seq=106 ttl=61 time=2371 ms
64 bytes from aaaa::212:7409:9:909: icmp_seq=107 ttl=61 time=890 ms
64 bytes from aaaa::212:7409:9:909: icmp_seq=108 ttl=61 time=2044 ms
64 bytes from aaaa::212:7409:9:909: icmp_seq=109 ttl=61 time=633 ms
64 bytes from aaaa::212:7409:9:909: icmp_seq=110 ttl=61 time=3258 ms
64 bytes from aaaa::212:7409:9:909: icmp_seq=111 ttl=61 time=1158 ms
64 bytes from aaaa::212:7409:9:909: icmp_seq=112 ttl=61 time=2025 ms
64 bytes from aaaa::212:7409:9:909: icmp_seq=113 ttl=61 time=756 ms
64 bytes from aaaa::212:7409:9:909: icmp_seq=115 ttl=61 time=800 ms
64 bytes from aaaa::212:7409:9:909: icmp_seq=117 ttl=61 time=802 ms
64 bytes from aaaa::212:7409:9:909: icmp_seq=118 ttl=61 time=1918 ms
64 bytes from aaaa::212:7409:9:909: icmp_seq=119 ttl=61 time=6391 ms
64 bytes from aaaa::212:7409:9:909: icmp_seq=122 ttl=61 time=675 ms
64 bytes from aaaa::212:7409:9:909: icmp_seq=123 ttl=61 time=1430 ms
64 bytes from aaaa::212:7409:9:909: icmp_seq=124 ttl=61 time=985 ms
64 bytes from aaaa::212:7409:9:909: icmp_seq=125 ttl=61 time=720 ms
64 bytes from aaaa::212:7409:9:909: icmp_seq=126 ttl=61 time=3450 ms
64 bytes from aaaa::212:7409:9:909: icmp_seq=128 ttl=61 time=2294 ms
64 bytes from aaaa::212:7409:9:909: icmp_seq=129 ttl=61 time=878 ms
64 bytes from aaaa::212:7409:9:909: icmp_seq=130 ttl=61 time=3116 ms
64 bytes from aaaa::212:7409:9:909: icmp_seq=131 ttl=61 time=1773 ms
64 bytes from aaaa::212:7409:9:909: icmp_seq=133 ttl=61 time=3678 ms
64 bytes from aaaa::212:7409:9:909: icmp_seq=134 ttl=61 time=2082 ms
64 bytes from aaaa::212:7409:9:909: icmp_seq=135 ttl=61 time=1422 ms
64 bytes from aaaa::212:7409:9:909: icmp_seq=137 ttl=61 time=3422 ms
64 bytes from aaaa::212:7409:9:909: icmp_seq=138 ttl=61 time=1320 ms
64 bytes from aaaa::212:7409:9:909: icmp_seq=139 ttl=61 time=961 ms
64 bytes from aaaa::212:7409:9:909: icmp_seq=141 ttl=61 time=1871 ms
64 bytes from aaaa::212:7409:9:909: icmp_seq=143 ttl=61 time=1020 ms
64 bytes from aaaa::212:7409:9:909: icmp_seq=144 ttl=61 time=2120 ms
64 bytes from aaaa::212:7409:9:909: icmp_seq=146 ttl=61 time=3220 ms
64 bytes from aaaa::212:7409:9:909: icmp_seq=147 ttl=61 time=1357 ms
64 bytes from aaaa::212:7409:9:909: icmp_seq=149 ttl=61 time=1397 ms
64 bytes from aaaa::212:7409:9:909: icmp_seq=153 ttl=61 time=1487 ms
64 bytes from aaaa::212:7409:9:909: icmp_seq=154 ttl=61 time=1461 ms
64 bytes from aaaa::212:7409:9:909: icmp_seq=156 ttl=61 time=1966 ms
64 bytes from aaaa::212:7409:9:909: icmp_seq=157 ttl=61 time=1481 ms
64 bytes from aaaa::212:7409:9:909: icmp_seq=158 ttl=61 time=1230 ms
64 bytes from aaaa::212:7409:9:909: icmp_seq=161 ttl=61 time=1820 ms
64 bytes from aaaa::212:7409:9:909: icmp_seq=163 ttl=61 time=2064 ms
64 bytes from aaaa::212:7409:9:909: icmp_seq=166 ttl=61 time=1541 ms
64 bytes from aaaa::212:7409:9:909: icmp_seq=168 ttl=61 time=1426 ms
64 bytes from aaaa::212:7409:9:909: icmp_seq=170 ttl=61 time=810 ms
64 bytes from aaaa::212:7409:9:909: icmp_seq=172 ttl=61 time=678 ms
64 bytes from aaaa::212:7409:9:909: icmp_seq=173 ttl=61 time=1887 ms
64 bytes from aaaa::212:7409:9:909: icmp_seq=174 ttl=61 time=2865 ms
64 bytes from aaaa::212:7409:9:909: icmp_seq=176 ttl=61 time=1916 ms
64 bytes from aaaa::212:7409:9:909: icmp_seq=178 ttl=61 time=1056 ms
64 bytes from aaaa::212:7409:9:909: icmp_seq=179 ttl=61 time=1764 ms
64 bytes from aaaa::212:7409:9:909: icmp_seq=181 ttl=61 time=649 ms
64 bytes from aaaa::212:7409:9:909: icmp_seq=182 ttl=61 time=1280 ms
64 bytes from aaaa::212:7409:9:909: icmp_seq=183 ttl=61 time=1430 ms
64 bytes from aaaa::212:7409:9:909: icmp_seq=184 ttl=61 time=3115 ms
64 bytes from aaaa::212:7409:9:909: icmp_seq=185 ttl=61 time=3019 ms
64 bytes from aaaa::212:7409:9:909: icmp_seq=187 ttl=61 time=1767 ms
64 bytes from aaaa::212:7409:9:909: icmp_seq=188 ttl=61 time=1359 ms
64 bytes from aaaa::212:7409:9:909: icmp_seq=189 ttl=61 time=1889 ms
64 bytes from aaaa::212:7409:9:909: icmp_seq=191 ttl=61 time=1294 ms
64 bytes from aaaa::212:7409:9:909: icmp_seq=192 ttl=61 time=1631 ms
64 bytes from aaaa::212:7409:9:909: icmp_seq=195 ttl=61 time=1120 ms
64 bytes from aaaa::212:7409:9:909: icmp_seq=196 ttl=61 time=558 ms
64 bytes from aaaa::212:7409:9:909: icmp_seq=198 ttl=61 time=1657 ms

--- aaaa::212:7409:9:909 ping statistics ---
200 packets transmitted, 130 received, 35% packet loss, time 995970ms
rtt min/avg/max/mdev = 558.525/1674.614/6391.182/1015.632 ms, pipe 2
