PING aaaa::212:7405:5:505(aaaa::212:7405:5:505) 56 data bytes
64 bytes from aaaa::212:7405:5:505: icmp_seq=1 ttl=61 time=1154 ms
64 bytes from aaaa::212:7405:5:505: icmp_seq=7 ttl=61 time=2898 ms
64 bytes from aaaa::212:7405:5:505: icmp_seq=9 ttl=61 time=5367 ms
64 bytes from aaaa::212:7405:5:505: icmp_seq=10 ttl=61 time=3071 ms
64 bytes from aaaa::212:7405:5:505: icmp_seq=11 ttl=61 time=2001 ms
64 bytes from aaaa::212:7405:5:505: icmp_seq=14 ttl=61 time=1763 ms
64 bytes from aaaa::212:7405:5:505: icmp_seq=15 ttl=61 time=3078 ms
64 bytes from aaaa::212:7405:5:505: icmp_seq=16 ttl=61 time=654 ms
64 bytes from aaaa::212:7405:5:505: icmp_seq=23 ttl=61 time=1536 ms
64 bytes from aaaa::212:7405:5:505: icmp_seq=24 ttl=61 time=1642 ms
64 bytes from aaaa::212:7405:5:505: icmp_seq=25 ttl=61 time=1181 ms
64 bytes from aaaa::212:7405:5:505: icmp_seq=26 ttl=61 time=2515 ms
64 bytes from aaaa::212:7405:5:505: icmp_seq=27 ttl=61 time=1824 ms
64 bytes from aaaa::212:7405:5:505: icmp_seq=39 ttl=61 time=1231 ms
64 bytes from aaaa::212:7405:5:505: icmp_seq=43 ttl=61 time=998 ms
64 bytes from aaaa::212:7405:5:505: icmp_seq=45 ttl=61 time=1922 ms
64 bytes from aaaa::212:7405:5:505: icmp_seq=46 ttl=61 time=1969 ms
64 bytes from aaaa::212:7405:5:505: icmp_seq=47 ttl=61 time=1165 ms
64 bytes from aaaa::212:7405:5:505: icmp_seq=75 ttl=62 time=2591 ms
64 bytes from aaaa::212:7405:5:505: icmp_seq=76 ttl=62 time=1643 ms
64 bytes from aaaa::212:7405:5:505: icmp_seq=85 ttl=62 time=1487 ms
64 bytes from aaaa::212:7405:5:505: icmp_seq=86 ttl=62 time=1031 ms
64 bytes from aaaa::212:7405:5:505: icmp_seq=87 ttl=62 time=1693 ms
64 bytes from aaaa::212:7405:5:505: icmp_seq=89 ttl=62 time=1861 ms
64 bytes from aaaa::212:7405:5:505: icmp_seq=91 ttl=62 time=2149 ms
64 bytes from aaaa::212:7405:5:505: icmp_seq=92 ttl=62 time=2273 ms
64 bytes from aaaa::212:7405:5:505: icmp_seq=95 ttl=62 time=3793 ms
64 bytes from aaaa::212:7405:5:505: icmp_seq=96 ttl=62 time=781 ms
64 bytes from aaaa::212:7405:5:505: icmp_seq=106 ttl=62 time=476 ms
64 bytes from aaaa::212:7405:5:505: icmp_seq=107 ttl=62 time=2017 ms
64 bytes from aaaa::212:7405:5:505: icmp_seq=110 ttl=62 time=813 ms
64 bytes from aaaa::212:7405:5:505: icmp_seq=112 ttl=62 time=1043 ms
64 bytes from aaaa::212:7405:5:505: icmp_seq=114 ttl=62 time=630 ms
64 bytes from aaaa::212:7405:5:505: icmp_seq=117 ttl=62 time=1523 ms
64 bytes from aaaa::212:7405:5:505: icmp_seq=122 ttl=62 time=1780 ms
64 bytes from aaaa::212:7405:5:505: icmp_seq=126 ttl=62 time=578 ms
64 bytes from aaaa::212:7405:5:505: icmp_seq=127 ttl=62 time=1653 ms
64 bytes from aaaa::212:7405:5:505: icmp_seq=132 ttl=62 time=1842 ms
64 bytes from aaaa::212:7405:5:505: icmp_seq=133 ttl=62 time=1060 ms
64 bytes from aaaa::212:7405:5:505: icmp_seq=134 ttl=62 time=789 ms
64 bytes from aaaa::212:7405:5:505: icmp_seq=135 ttl=62 time=886 ms
64 bytes from aaaa::212:7405:5:505: icmp_seq=136 ttl=62 time=566 ms
64 bytes from aaaa::212:7405:5:505: icmp_seq=138 ttl=62 time=1109 ms
64 bytes from aaaa::212:7405:5:505: icmp_seq=139 ttl=62 time=964 ms
64 bytes from aaaa::212:7405:5:505: icmp_seq=140 ttl=62 time=527 ms
64 bytes from aaaa::212:7405:5:505: icmp_seq=141 ttl=62 time=770 ms
64 bytes from aaaa::212:7405:5:505: icmp_seq=142 ttl=62 time=949 ms
64 bytes from aaaa::212:7405:5:505: icmp_seq=143 ttl=62 time=1305 ms
64 bytes from aaaa::212:7405:5:505: icmp_seq=144 ttl=62 time=941 ms
64 bytes from aaaa::212:7405:5:505: icmp_seq=145 ttl=62 time=4324 ms
64 bytes from aaaa::212:7405:5:505: icmp_seq=147 ttl=62 time=772 ms
64 bytes from aaaa::212:7405:5:505: icmp_seq=148 ttl=62 time=1107 ms
64 bytes from aaaa::212:7405:5:505: icmp_seq=149 ttl=62 time=832 ms
64 bytes from aaaa::212:7405:5:505: icmp_seq=150 ttl=62 time=801 ms
64 bytes from aaaa::212:7405:5:505: icmp_seq=151 ttl=62 time=838 ms
64 bytes from aaaa::212:7405:5:505: icmp_seq=152 ttl=62 time=726 ms
64 bytes from aaaa::212:7405:5:505: icmp_seq=153 ttl=62 time=802 ms
64 bytes from aaaa::212:7405:5:505: icmp_seq=154 ttl=62 time=982 ms
64 bytes from aaaa::212:7405:5:505: icmp_seq=156 ttl=62 time=733 ms
64 bytes from aaaa::212:7405:5:505: icmp_seq=157 ttl=62 time=667 ms
64 bytes from aaaa::212:7405:5:505: icmp_seq=158 ttl=62 time=1098 ms
64 bytes from aaaa::212:7405:5:505: icmp_seq=159 ttl=62 time=1179 ms
64 bytes from aaaa::212:7405:5:505: icmp_seq=161 ttl=62 time=791 ms
64 bytes from aaaa::212:7405:5:505: icmp_seq=162 ttl=62 time=1067 ms
64 bytes from aaaa::212:7405:5:505: icmp_seq=163 ttl=62 time=743 ms
64 bytes from aaaa::212:7405:5:505: icmp_seq=164 ttl=62 time=665 ms
64 bytes from aaaa::212:7405:5:505: icmp_seq=165 ttl=62 time=2093 ms
64 bytes from aaaa::212:7405:5:505: icmp_seq=167 ttl=62 time=854 ms
64 bytes from aaaa::212:7405:5:505: icmp_seq=168 ttl=62 time=819 ms
64 bytes from aaaa::212:7405:5:505: icmp_seq=169 ttl=62 time=838 ms
64 bytes from aaaa::212:7405:5:505: icmp_seq=170 ttl=62 time=2253 ms
64 bytes from aaaa::212:7405:5:505: icmp_seq=171 ttl=62 time=644 ms
64 bytes from aaaa::212:7405:5:505: icmp_seq=172 ttl=62 time=1721 ms
64 bytes from aaaa::212:7405:5:505: icmp_seq=173 ttl=62 time=674 ms
64 bytes from aaaa::212:7405:5:505: icmp_seq=174 ttl=62 time=1289 ms
64 bytes from aaaa::212:7405:5:505: icmp_seq=175 ttl=62 time=739 ms
64 bytes from aaaa::212:7405:5:505: icmp_seq=176 ttl=62 time=1290 ms
64 bytes from aaaa::212:7405:5:505: icmp_seq=178 ttl=62 time=902 ms
64 bytes from aaaa::212:7405:5:505: icmp_seq=179 ttl=62 time=684 ms
64 bytes from aaaa::212:7405:5:505: icmp_seq=180 ttl=62 time=796 ms
64 bytes from aaaa::212:7405:5:505: icmp_seq=181 ttl=62 time=542 ms
64 bytes from aaaa::212:7405:5:505: icmp_seq=182 ttl=62 time=1933 ms
64 bytes from aaaa::212:7405:5:505: icmp_seq=183 ttl=62 time=941 ms
64 bytes from aaaa::212:7405:5:505: icmp_seq=184 ttl=62 time=1547 ms
64 bytes from aaaa::212:7405:5:505: icmp_seq=186 ttl=62 time=1152 ms
64 bytes from aaaa::212:7405:5:505: icmp_seq=187 ttl=62 time=950 ms
64 bytes from aaaa::212:7405:5:505: icmp_seq=188 ttl=62 time=1300 ms
64 bytes from aaaa::212:7405:5:505: icmp_seq=189 ttl=62 time=940 ms
64 bytes from aaaa::212:7405:5:505: icmp_seq=190 ttl=62 time=869 ms
64 bytes from aaaa::212:7405:5:505: icmp_seq=191 ttl=62 time=583 ms
64 bytes from aaaa::212:7405:5:505: icmp_seq=192 ttl=62 time=440 ms
64 bytes from aaaa::212:7405:5:505: icmp_seq=193 ttl=62 time=590 ms
64 bytes from aaaa::212:7405:5:505: icmp_seq=194 ttl=62 time=603 ms
64 bytes from aaaa::212:7405:5:505: icmp_seq=195 ttl=62 time=534 ms
64 bytes from aaaa::212:7405:5:505: icmp_seq=196 ttl=62 time=593 ms
64 bytes from aaaa::212:7405:5:505: icmp_seq=197 ttl=62 time=561 ms
64 bytes from aaaa::212:7405:5:505: icmp_seq=198 ttl=62 time=531 ms
64 bytes from aaaa::212:7405:5:505: icmp_seq=199 ttl=62 time=545 ms
64 bytes from aaaa::212:7405:5:505: icmp_seq=200 ttl=62 time=602 ms

--- aaaa::212:7405:5:505 ping statistics ---
200 packets transmitted, 99 received, 50% packet loss, time 995913ms
rtt min/avg/max/mdev = 440.585/1283.039/5367.950/837.577 ms, pipe 2
