PING aaaa::212:7407:7:707(aaaa::212:7407:7:707) 56 data bytes
64 bytes from aaaa::212:7407:7:707: icmp_seq=5 ttl=61 time=752 ms
64 bytes from aaaa::212:7407:7:707: icmp_seq=6 ttl=61 time=918 ms
64 bytes from aaaa::212:7407:7:707: icmp_seq=8 ttl=61 time=407 ms
64 bytes from aaaa::212:7407:7:707: icmp_seq=9 ttl=61 time=1707 ms
64 bytes from aaaa::212:7407:7:707: icmp_seq=11 ttl=61 time=990 ms
64 bytes from aaaa::212:7407:7:707: icmp_seq=12 ttl=61 time=1828 ms
64 bytes from aaaa::212:7407:7:707: icmp_seq=13 ttl=61 time=724 ms
64 bytes from aaaa::212:7407:7:707: icmp_seq=14 ttl=61 time=778 ms
64 bytes from aaaa::212:7407:7:707: icmp_seq=15 ttl=61 time=2413 ms
64 bytes from aaaa::212:7407:7:707: icmp_seq=18 ttl=61 time=2833 ms
64 bytes from aaaa::212:7407:7:707: icmp_seq=20 ttl=61 time=975 ms
64 bytes from aaaa::212:7407:7:707: icmp_seq=22 ttl=61 time=1951 ms
64 bytes from aaaa::212:7407:7:707: icmp_seq=25 ttl=59 time=2002 ms
64 bytes from aaaa::212:7407:7:707: icmp_seq=26 ttl=59 time=958 ms
64 bytes from aaaa::212:7407:7:707: icmp_seq=28 ttl=59 time=1244 ms
64 bytes from aaaa::212:7407:7:707: icmp_seq=29 ttl=59 time=893 ms
64 bytes from aaaa::212:7407:7:707: icmp_seq=30 ttl=59 time=1380 ms
64 bytes from aaaa::212:7407:7:707: icmp_seq=32 ttl=59 time=1510 ms
64 bytes from aaaa::212:7407:7:707: icmp_seq=36 ttl=61 time=2292 ms
64 bytes from aaaa::212:7407:7:707: icmp_seq=37 ttl=61 time=1771 ms
64 bytes from aaaa::212:7407:7:707: icmp_seq=42 ttl=61 time=635 ms
64 bytes from aaaa::212:7407:7:707: icmp_seq=43 ttl=61 time=1259 ms
64 bytes from aaaa::212:7407:7:707: icmp_seq=44 ttl=61 time=2116 ms
64 bytes from aaaa::212:7407:7:707: icmp_seq=45 ttl=61 time=856 ms
64 bytes from aaaa::212:7407:7:707: icmp_seq=46 ttl=61 time=469 ms
64 bytes from aaaa::212:7407:7:707: icmp_seq=59 ttl=61 time=1026 ms
64 bytes from aaaa::212:7407:7:707: icmp_seq=67 ttl=61 time=2499 ms
64 bytes from aaaa::212:7407:7:707: icmp_seq=69 ttl=61 time=1078 ms
64 bytes from aaaa::212:7407:7:707: icmp_seq=70 ttl=61 time=528 ms
64 bytes from aaaa::212:7407:7:707: icmp_seq=72 ttl=61 time=1033 ms
64 bytes from aaaa::212:7407:7:707: icmp_seq=77 ttl=61 time=1120 ms
64 bytes from aaaa::212:7407:7:707: icmp_seq=78 ttl=61 time=407 ms
64 bytes from aaaa::212:7407:7:707: icmp_seq=79 ttl=61 time=1384 ms
64 bytes from aaaa::212:7407:7:707: icmp_seq=80 ttl=61 time=1729 ms
64 bytes from aaaa::212:7407:7:707: icmp_seq=81 ttl=61 time=1831 ms
64 bytes from aaaa::212:7407:7:707: icmp_seq=82 ttl=61 time=754 ms
64 bytes from aaaa::212:7407:7:707: icmp_seq=83 ttl=61 time=1110 ms
64 bytes from aaaa::212:7407:7:707: icmp_seq=101 ttl=61 time=2554 ms
64 bytes from aaaa::212:7407:7:707: icmp_seq=102 ttl=61 time=646 ms
64 bytes from aaaa::212:7407:7:707: icmp_seq=103 ttl=61 time=797 ms
64 bytes from aaaa::212:7407:7:707: icmp_seq=104 ttl=61 time=592 ms
64 bytes from aaaa::212:7407:7:707: icmp_seq=105 ttl=61 time=1247 ms
64 bytes from aaaa::212:7407:7:707: icmp_seq=108 ttl=61 time=1924 ms
64 bytes from aaaa::212:7407:7:707: icmp_seq=109 ttl=61 time=976 ms
64 bytes from aaaa::212:7407:7:707: icmp_seq=112 ttl=61 time=929 ms
64 bytes from aaaa::212:7407:7:707: icmp_seq=113 ttl=61 time=550 ms
64 bytes from aaaa::212:7407:7:707: icmp_seq=114 ttl=61 time=707 ms
64 bytes from aaaa::212:7407:7:707: icmp_seq=115 ttl=61 time=779 ms
64 bytes from aaaa::212:7407:7:707: icmp_seq=116 ttl=61 time=935 ms
64 bytes from aaaa::212:7407:7:707: icmp_seq=117 ttl=61 time=817 ms
64 bytes from aaaa::212:7407:7:707: icmp_seq=118 ttl=61 time=899 ms
64 bytes from aaaa::212:7407:7:707: icmp_seq=122 ttl=61 time=1593 ms
64 bytes from aaaa::212:7407:7:707: icmp_seq=123 ttl=61 time=712 ms
64 bytes from aaaa::212:7407:7:707: icmp_seq=153 ttl=61 time=899 ms
64 bytes from aaaa::212:7407:7:707: icmp_seq=154 ttl=61 time=711 ms
64 bytes from aaaa::212:7407:7:707: icmp_seq=157 ttl=61 time=852 ms
64 bytes from aaaa::212:7407:7:707: icmp_seq=159 ttl=61 time=789 ms
64 bytes from aaaa::212:7407:7:707: icmp_seq=161 ttl=61 time=3002 ms
64 bytes from aaaa::212:7407:7:707: icmp_seq=164 ttl=61 time=3313 ms
64 bytes from aaaa::212:7407:7:707: icmp_seq=178 ttl=61 time=1331 ms
64 bytes from aaaa::212:7407:7:707: icmp_seq=179 ttl=61 time=3719 ms
64 bytes from aaaa::212:7407:7:707: icmp_seq=181 ttl=61 time=1951 ms
64 bytes from aaaa::212:7407:7:707: icmp_seq=189 ttl=61 time=725 ms

--- aaaa::212:7407:7:707 ping statistics ---
200 packets transmitted, 63 received, 68% packet loss, time 995840ms
rtt min/avg/max/mdev = 407.287/1303.787/3719.994/739.703 ms
