PING aaaa::212:7403:3:303(aaaa::212:7403:3:303) 56 data bytes
64 bytes from aaaa::212:7403:3:303: icmp_seq=3 ttl=63 time=1046 ms
64 bytes from aaaa::212:7403:3:303: icmp_seq=4 ttl=63 time=1774 ms
64 bytes from aaaa::212:7403:3:303: icmp_seq=7 ttl=63 time=2150 ms
64 bytes from aaaa::212:7403:3:303: icmp_seq=10 ttl=63 time=1084 ms
64 bytes from aaaa::212:7403:3:303: icmp_seq=12 ttl=63 time=691 ms
64 bytes from aaaa::212:7403:3:303: icmp_seq=18 ttl=63 time=713 ms
64 bytes from aaaa::212:7403:3:303: icmp_seq=19 ttl=63 time=2896 ms
64 bytes from aaaa::212:7403:3:303: icmp_seq=22 ttl=63 time=1687 ms
64 bytes from aaaa::212:7403:3:303: icmp_seq=28 ttl=63 time=3858 ms
64 bytes from aaaa::212:7403:3:303: icmp_seq=35 ttl=63 time=1640 ms
64 bytes from aaaa::212:7403:3:303: icmp_seq=45 ttl=63 time=3372 ms
64 bytes from aaaa::212:7403:3:303: icmp_seq=47 ttl=63 time=6672 ms
64 bytes from aaaa::212:7403:3:303: icmp_seq=49 ttl=63 time=2312 ms
64 bytes from aaaa::212:7403:3:303: icmp_seq=52 ttl=63 time=4056 ms
64 bytes from aaaa::212:7403:3:303: icmp_seq=59 ttl=63 time=353 ms
64 bytes from aaaa::212:7403:3:303: icmp_seq=62 ttl=63 time=480 ms
64 bytes from aaaa::212:7403:3:303: icmp_seq=63 ttl=63 time=2598 ms
64 bytes from aaaa::212:7403:3:303: icmp_seq=71 ttl=63 time=1590 ms
64 bytes from aaaa::212:7403:3:303: icmp_seq=80 ttl=63 time=2752 ms
64 bytes from aaaa::212:7403:3:303: icmp_seq=124 ttl=63 time=726 ms
64 bytes from aaaa::212:7403:3:303: icmp_seq=125 ttl=63 time=428 ms
64 bytes from aaaa::212:7403:3:303: icmp_seq=127 ttl=63 time=749 ms
64 bytes from aaaa::212:7403:3:303: icmp_seq=133 ttl=63 time=1009 ms
64 bytes from aaaa::212:7403:3:303: icmp_seq=137 ttl=63 time=2524 ms
64 bytes from aaaa::212:7403:3:303: icmp_seq=141 ttl=63 time=1156 ms
64 bytes from aaaa::212:7403:3:303: icmp_seq=145 ttl=63 time=1769 ms
64 bytes from aaaa::212:7403:3:303: icmp_seq=149 ttl=63 time=1940 ms
64 bytes from aaaa::212:7403:3:303: icmp_seq=151 ttl=63 time=432 ms
64 bytes from aaaa::212:7403:3:303: icmp_seq=152 ttl=63 time=2009 ms
64 bytes from aaaa::212:7403:3:303: icmp_seq=156 ttl=63 time=1555 ms
64 bytes from aaaa::212:7403:3:303: icmp_seq=157 ttl=63 time=1186 ms
64 bytes from aaaa::212:7403:3:303: icmp_seq=168 ttl=63 time=283 ms
64 bytes from aaaa::212:7403:3:303: icmp_seq=169 ttl=63 time=837 ms
64 bytes from aaaa::212:7403:3:303: icmp_seq=171 ttl=63 time=2080 ms
64 bytes from aaaa::212:7403:3:303: icmp_seq=172 ttl=63 time=719 ms
64 bytes from aaaa::212:7403:3:303: icmp_seq=173 ttl=63 time=1517 ms
64 bytes from aaaa::212:7403:3:303: icmp_seq=175 ttl=63 time=2228 ms
64 bytes from aaaa::212:7403:3:303: icmp_seq=176 ttl=63 time=804 ms
64 bytes from aaaa::212:7403:3:303: icmp_seq=189 ttl=63 time=2444 ms
64 bytes from aaaa::212:7403:3:303: icmp_seq=191 ttl=63 time=764 ms
64 bytes from aaaa::212:7403:3:303: icmp_seq=192 ttl=63 time=3523 ms
64 bytes from aaaa::212:7403:3:303: icmp_seq=193 ttl=63 time=1137 ms
64 bytes from aaaa::212:7403:3:303: icmp_seq=194 ttl=63 time=1686 ms
64 bytes from aaaa::212:7403:3:303: icmp_seq=195 ttl=63 time=1454 ms
64 bytes from aaaa::212:7403:3:303: icmp_seq=196 ttl=63 time=967 ms
64 bytes from aaaa::212:7403:3:303: icmp_seq=197 ttl=63 time=1416 ms

--- aaaa::212:7403:3:303 ping statistics ---
200 packets transmitted, 46 received, 77% packet loss, time 995467ms
rtt min/avg/max/mdev = 283.441/1719.308/6672.334/1192.806 ms, pipe 2
