PING aaaa::212:7403:3:303(aaaa::212:7403:3:303) 56 data bytes
64 bytes from aaaa::212:7403:3:303: icmp_seq=1 ttl=63 time=630 ms
64 bytes from aaaa::212:7403:3:303: icmp_seq=2 ttl=63 time=908 ms
64 bytes from aaaa::212:7403:3:303: icmp_seq=3 ttl=63 time=170 ms
64 bytes from aaaa::212:7403:3:303: icmp_seq=4 ttl=63 time=1060 ms
64 bytes from aaaa::212:7403:3:303: icmp_seq=5 ttl=63 time=1641 ms
64 bytes from aaaa::212:7403:3:303: icmp_seq=6 ttl=63 time=300 ms
64 bytes from aaaa::212:7403:3:303: icmp_seq=8 ttl=63 time=275 ms
64 bytes from aaaa::212:7403:3:303: icmp_seq=11 ttl=63 time=1925 ms
64 bytes from aaaa::212:7403:3:303: icmp_seq=12 ttl=63 time=438 ms
64 bytes from aaaa::212:7403:3:303: icmp_seq=13 ttl=63 time=587 ms
64 bytes from aaaa::212:7403:3:303: icmp_seq=15 ttl=63 time=160 ms
64 bytes from aaaa::212:7403:3:303: icmp_seq=17 ttl=63 time=842 ms
64 bytes from aaaa::212:7403:3:303: icmp_seq=18 ttl=63 time=546 ms
64 bytes from aaaa::212:7403:3:303: icmp_seq=19 ttl=63 time=493 ms
64 bytes from aaaa::212:7403:3:303: icmp_seq=20 ttl=63 time=489 ms
64 bytes from aaaa::212:7403:3:303: icmp_seq=22 ttl=63 time=405 ms
64 bytes from aaaa::212:7403:3:303: icmp_seq=23 ttl=63 time=585 ms
64 bytes from aaaa::212:7403:3:303: icmp_seq=24 ttl=63 time=148 ms
64 bytes from aaaa::212:7403:3:303: icmp_seq=29 ttl=63 time=1020 ms
64 bytes from aaaa::212:7403:3:303: icmp_seq=30 ttl=63 time=1013 ms
64 bytes from aaaa::212:7403:3:303: icmp_seq=32 ttl=63 time=276 ms
64 bytes from aaaa::212:7403:3:303: icmp_seq=35 ttl=63 time=187 ms
64 bytes from aaaa::212:7403:3:303: icmp_seq=36 ttl=63 time=166 ms
64 bytes from aaaa::212:7403:3:303: icmp_seq=42 ttl=63 time=1360 ms
64 bytes from aaaa::212:7403:3:303: icmp_seq=43 ttl=63 time=148 ms
64 bytes from aaaa::212:7403:3:303: icmp_seq=44 ttl=63 time=617 ms
64 bytes from aaaa::212:7403:3:303: icmp_seq=47 ttl=63 time=681 ms
64 bytes from aaaa::212:7403:3:303: icmp_seq=49 ttl=63 time=340 ms
64 bytes from aaaa::212:7403:3:303: icmp_seq=52 ttl=63 time=1131 ms
64 bytes from aaaa::212:7403:3:303: icmp_seq=54 ttl=63 time=735 ms
64 bytes from aaaa::212:7403:3:303: icmp_seq=56 ttl=63 time=237 ms
64 bytes from aaaa::212:7403:3:303: icmp_seq=57 ttl=63 time=2112 ms
64 bytes from aaaa::212:7403:3:303: icmp_seq=58 ttl=63 time=740 ms
64 bytes from aaaa::212:7403:3:303: icmp_seq=59 ttl=63 time=1950 ms
64 bytes from aaaa::212:7403:3:303: icmp_seq=61 ttl=63 time=1492 ms
64 bytes from aaaa::212:7403:3:303: icmp_seq=68 ttl=63 time=1100 ms
64 bytes from aaaa::212:7403:3:303: icmp_seq=77 ttl=63 time=2350 ms
64 bytes from aaaa::212:7403:3:303: icmp_seq=79 ttl=63 time=367 ms
64 bytes from aaaa::212:7403:3:303: icmp_seq=82 ttl=63 time=216 ms
64 bytes from aaaa::212:7403:3:303: icmp_seq=85 ttl=63 time=257 ms
64 bytes from aaaa::212:7403:3:303: icmp_seq=91 ttl=63 time=3761 ms
64 bytes from aaaa::212:7403:3:303: icmp_seq=93 ttl=63 time=1203 ms
64 bytes from aaaa::212:7403:3:303: icmp_seq=95 ttl=63 time=3259 ms
64 bytes from aaaa::212:7403:3:303: icmp_seq=96 ttl=63 time=578 ms
64 bytes from aaaa::212:7403:3:303: icmp_seq=103 ttl=63 time=2761 ms
64 bytes from aaaa::212:7403:3:303: icmp_seq=105 ttl=63 time=640 ms
64 bytes from aaaa::212:7403:3:303: icmp_seq=106 ttl=63 time=482 ms
64 bytes from aaaa::212:7403:3:303: icmp_seq=117 ttl=63 time=245 ms
64 bytes from aaaa::212:7403:3:303: icmp_seq=118 ttl=63 time=5473 ms
64 bytes from aaaa::212:7403:3:303: icmp_seq=121 ttl=63 time=432 ms
64 bytes from aaaa::212:7403:3:303: icmp_seq=125 ttl=63 time=964 ms
64 bytes from aaaa::212:7403:3:303: icmp_seq=127 ttl=63 time=568 ms
64 bytes from aaaa::212:7403:3:303: icmp_seq=128 ttl=63 time=944 ms
64 bytes from aaaa::212:7403:3:303: icmp_seq=130 ttl=63 time=5629 ms
64 bytes from aaaa::212:7403:3:303: icmp_seq=132 ttl=63 time=1196 ms
64 bytes from aaaa::212:7403:3:303: icmp_seq=134 ttl=63 time=1871 ms
64 bytes from aaaa::212:7403:3:303: icmp_seq=137 ttl=63 time=1776 ms
64 bytes from aaaa::212:7403:3:303: icmp_seq=143 ttl=63 time=2303 ms
64 bytes from aaaa::212:7403:3:303: icmp_seq=145 ttl=63 time=992 ms
64 bytes from aaaa::212:7403:3:303: icmp_seq=152 ttl=63 time=3027 ms
64 bytes from aaaa::212:7403:3:303: icmp_seq=158 ttl=63 time=350 ms
64 bytes from aaaa::212:7403:3:303: icmp_seq=159 ttl=63 time=3461 ms
64 bytes from aaaa::212:7403:3:303: icmp_seq=163 ttl=63 time=3499 ms
64 bytes from aaaa::212:7403:3:303: icmp_seq=167 ttl=63 time=425 ms
64 bytes from aaaa::212:7403:3:303: icmp_seq=171 ttl=63 time=1310 ms
64 bytes from aaaa::212:7403:3:303: icmp_seq=172 ttl=63 time=4016 ms
64 bytes from aaaa::212:7403:3:303: icmp_seq=174 ttl=63 time=1908 ms
64 bytes from aaaa::212:7403:3:303: icmp_seq=177 ttl=63 time=401 ms
64 bytes from aaaa::212:7403:3:303: icmp_seq=181 ttl=63 time=1913 ms
64 bytes from aaaa::212:7403:3:303: icmp_seq=183 ttl=63 time=255 ms
64 bytes from aaaa::212:7403:3:303: icmp_seq=188 ttl=63 time=1510 ms
64 bytes from aaaa::212:7403:3:303: icmp_seq=189 ttl=63 time=2890 ms
64 bytes from aaaa::212:7403:3:303: icmp_seq=192 ttl=63 time=4100 ms
64 bytes from aaaa::212:7403:3:303: icmp_seq=193 ttl=63 time=2597 ms
64 bytes from aaaa::212:7403:3:303: icmp_seq=194 ttl=63 time=2346 ms
64 bytes from aaaa::212:7403:3:303: icmp_seq=195 ttl=63 time=373 ms

--- aaaa::212:7403:3:303 ping statistics ---
200 packets transmitted, 76 received, 62% packet loss, time 995715ms
rtt min/avg/max/mdev = 148.268/1310.407/5629.639/1246.778 ms, pipe 2
