PING aaaa::212:7409:9:909(aaaa::212:7409:9:909) 56 data bytes
64 bytes from aaaa::212:7409:9:909: icmp_seq=1 ttl=61 time=3329 ms
64 bytes from aaaa::212:7409:9:909: icmp_seq=3 ttl=61 time=670 ms
64 bytes from aaaa::212:7409:9:909: icmp_seq=11 ttl=61 time=681 ms
64 bytes from aaaa::212:7409:9:909: icmp_seq=13 ttl=61 time=636 ms
64 bytes from aaaa::212:7409:9:909: icmp_seq=14 ttl=61 time=856 ms
64 bytes from aaaa::212:7409:9:909: icmp_seq=32 ttl=61 time=940 ms
64 bytes from aaaa::212:7409:9:909: icmp_seq=48 ttl=61 time=979 ms
64 bytes from aaaa::212:7409:9:909: icmp_seq=50 ttl=61 time=1332 ms
64 bytes from aaaa::212:7409:9:909: icmp_seq=59 ttl=61 time=3329 ms
64 bytes from aaaa::212:7409:9:909: icmp_seq=75 ttl=61 time=4312 ms
64 bytes from aaaa::212:7409:9:909: icmp_seq=105 ttl=61 time=3988 ms
64 bytes from aaaa::212:7409:9:909: icmp_seq=109 ttl=61 time=2641 ms
64 bytes from aaaa::212:7409:9:909: icmp_seq=131 ttl=61 time=4640 ms
64 bytes from aaaa::212:7409:9:909: icmp_seq=132 ttl=61 time=1650 ms
64 bytes from aaaa::212:7409:9:909: icmp_seq=153 ttl=61 time=11190 ms
64 bytes from aaaa::212:7409:9:909: icmp_seq=172 ttl=61 time=2682 ms
64 bytes from aaaa::212:7409:9:909: icmp_seq=174 ttl=61 time=1269 ms
64 bytes from aaaa::212:7409:9:909: icmp_seq=187 ttl=61 time=3799 ms
64 bytes from aaaa::212:7409:9:909: icmp_seq=191 ttl=61 time=3040 ms

--- aaaa::212:7409:9:909 ping statistics ---
200 packets transmitted, 19 received, 90% packet loss, time 995357ms
rtt min/avg/max/mdev = 636.436/2735.279/11190.149/2396.580 ms, pipe 3
