PING aaaa::212:7404:4:404(aaaa::212:7404:4:404) 56 data bytes
64 bytes from aaaa::212:7404:4:404: icmp_seq=3 ttl=62 time=9943 ms
64 bytes from aaaa::212:7404:4:404: icmp_seq=5 ttl=62 time=644 ms
64 bytes from aaaa::212:7404:4:404: icmp_seq=10 ttl=62 time=1000 ms
64 bytes from aaaa::212:7404:4:404: icmp_seq=13 ttl=62 time=2030 ms
64 bytes from aaaa::212:7404:4:404: icmp_seq=27 ttl=62 time=636 ms
64 bytes from aaaa::212:7404:4:404: icmp_seq=28 ttl=62 time=2070 ms
64 bytes from aaaa::212:7404:4:404: icmp_seq=29 ttl=62 time=1670 ms
64 bytes from aaaa::212:7404:4:404: icmp_seq=30 ttl=62 time=1435 ms
64 bytes from aaaa::212:7404:4:404: icmp_seq=32 ttl=62 time=877 ms
64 bytes from aaaa::212:7404:4:404: icmp_seq=36 ttl=62 time=737 ms
64 bytes from aaaa::212:7404:4:404: icmp_seq=38 ttl=62 time=928 ms
64 bytes from aaaa::212:7404:4:404: icmp_seq=39 ttl=62 time=1060 ms
64 bytes from aaaa::212:7404:4:404: icmp_seq=40 ttl=62 time=679 ms
64 bytes from aaaa::212:7404:4:404: icmp_seq=44 ttl=62 time=401 ms
64 bytes from aaaa::212:7404:4:404: icmp_seq=46 ttl=62 time=497 ms
64 bytes from aaaa::212:7404:4:404: icmp_seq=47 ttl=62 time=2463 ms
64 bytes from aaaa::212:7404:4:404: icmp_seq=48 ttl=62 time=1180 ms
64 bytes from aaaa::212:7404:4:404: icmp_seq=50 ttl=62 time=718 ms
64 bytes from aaaa::212:7404:4:404: icmp_seq=52 ttl=62 time=3003 ms
64 bytes from aaaa::212:7404:4:404: icmp_seq=53 ttl=62 time=835 ms
64 bytes from aaaa::212:7404:4:404: icmp_seq=56 ttl=62 time=2093 ms
64 bytes from aaaa::212:7404:4:404: icmp_seq=59 ttl=62 time=1393 ms
64 bytes from aaaa::212:7404:4:404: icmp_seq=60 ttl=62 time=630 ms
64 bytes from aaaa::212:7404:4:404: icmp_seq=62 ttl=62 time=510 ms
64 bytes from aaaa::212:7404:4:404: icmp_seq=69 ttl=62 time=903 ms
64 bytes from aaaa::212:7404:4:404: icmp_seq=78 ttl=62 time=479 ms
64 bytes from aaaa::212:7404:4:404: icmp_seq=80 ttl=62 time=1559 ms
64 bytes from aaaa::212:7404:4:404: icmp_seq=81 ttl=62 time=2333 ms
64 bytes from aaaa::212:7404:4:404: icmp_seq=82 ttl=62 time=727 ms
64 bytes from aaaa::212:7404:4:404: icmp_seq=85 ttl=62 time=601 ms
64 bytes from aaaa::212:7404:4:404: icmp_seq=89 ttl=62 time=937 ms
64 bytes from aaaa::212:7404:4:404: icmp_seq=99 ttl=62 time=1853 ms
64 bytes from aaaa::212:7404:4:404: icmp_seq=103 ttl=62 time=659 ms
64 bytes from aaaa::212:7404:4:404: icmp_seq=104 ttl=62 time=508 ms
64 bytes from aaaa::212:7404:4:404: icmp_seq=114 ttl=62 time=498 ms
64 bytes from aaaa::212:7404:4:404: icmp_seq=115 ttl=62 time=618 ms
64 bytes from aaaa::212:7404:4:404: icmp_seq=118 ttl=62 time=629 ms
64 bytes from aaaa::212:7404:4:404: icmp_seq=124 ttl=62 time=1185 ms
64 bytes from aaaa::212:7404:4:404: icmp_seq=128 ttl=62 time=1139 ms
64 bytes from aaaa::212:7404:4:404: icmp_seq=129 ttl=62 time=667 ms
64 bytes from aaaa::212:7404:4:404: icmp_seq=131 ttl=62 time=1737 ms
64 bytes from aaaa::212:7404:4:404: icmp_seq=132 ttl=62 time=519 ms
64 bytes from aaaa::212:7404:4:404: icmp_seq=133 ttl=62 time=1932 ms
64 bytes from aaaa::212:7404:4:404: icmp_seq=134 ttl=62 time=610 ms
64 bytes from aaaa::212:7404:4:404: icmp_seq=136 ttl=62 time=1055 ms
64 bytes from aaaa::212:7404:4:404: icmp_seq=137 ttl=62 time=1214 ms
64 bytes from aaaa::212:7404:4:404: icmp_seq=138 ttl=62 time=3812 ms
64 bytes from aaaa::212:7404:4:404: icmp_seq=139 ttl=62 time=3455 ms
64 bytes from aaaa::212:7404:4:404: icmp_seq=141 ttl=62 time=710 ms
64 bytes from aaaa::212:7404:4:404: icmp_seq=142 ttl=62 time=1118 ms
64 bytes from aaaa::212:7404:4:404: icmp_seq=143 ttl=62 time=606 ms
64 bytes from aaaa::212:7404:4:404: icmp_seq=144 ttl=62 time=648 ms
64 bytes from aaaa::212:7404:4:404: icmp_seq=146 ttl=62 time=445 ms
64 bytes from aaaa::212:7404:4:404: icmp_seq=152 ttl=62 time=901 ms
64 bytes from aaaa::212:7404:4:404: icmp_seq=155 ttl=62 time=831 ms
64 bytes from aaaa::212:7404:4:404: icmp_seq=162 ttl=62 time=2588 ms
64 bytes from aaaa::212:7404:4:404: icmp_seq=163 ttl=62 time=725 ms
64 bytes from aaaa::212:7404:4:404: icmp_seq=165 ttl=62 time=3547 ms
64 bytes from aaaa::212:7404:4:404: icmp_seq=168 ttl=62 time=2273 ms
64 bytes from aaaa::212:7404:4:404: icmp_seq=169 ttl=62 time=1559 ms
64 bytes from aaaa::212:7404:4:404: icmp_seq=175 ttl=62 time=1258 ms
64 bytes from aaaa::212:7404:4:404: icmp_seq=179 ttl=62 time=449 ms
64 bytes from aaaa::212:7404:4:404: icmp_seq=181 ttl=62 time=1221 ms
64 bytes from aaaa::212:7404:4:404: icmp_seq=184 ttl=62 time=1758 ms
64 bytes from aaaa::212:7404:4:404: icmp_seq=186 ttl=62 time=606 ms
64 bytes from aaaa::212:7404:4:404: icmp_seq=188 ttl=62 time=532 ms
64 bytes from aaaa::212:7404:4:404: icmp_seq=190 ttl=62 time=1206 ms
64 bytes from aaaa::212:7404:4:404: icmp_seq=191 ttl=62 time=731 ms
64 bytes from aaaa::212:7404:4:404: icmp_seq=193 ttl=62 time=1558 ms
64 bytes from aaaa::212:7404:4:404: icmp_seq=194 ttl=62 time=701 ms
64 bytes from aaaa::212:7404:4:404: icmp_seq=196 ttl=62 time=725 ms
64 bytes from aaaa::212:7404:4:404: icmp_seq=198 ttl=62 time=610 ms
64 bytes from aaaa::212:7404:4:404: icmp_seq=199 ttl=62 time=2305 ms
64 bytes from aaaa::212:7404:4:404: icmp_seq=200 ttl=62 time=542 ms

--- aaaa::212:7404:4:404 ping statistics ---
200 packets transmitted, 74 received, 63% packet loss, time 995613ms
rtt min/avg/max/mdev = 401.916/1314.214/9943.238/1276.360 ms, pipe 2
