PING aaaa::212:7406:6:606(aaaa::212:7406:6:606) 56 data bytes
64 bytes from aaaa::212:7406:6:606: icmp_seq=1 ttl=62 time=1453 ms
64 bytes from aaaa::212:7406:6:606: icmp_seq=2 ttl=62 time=4403 ms
64 bytes from aaaa::212:7406:6:606: icmp_seq=7 ttl=62 time=2519 ms
64 bytes from aaaa::212:7406:6:606: icmp_seq=9 ttl=62 time=2825 ms
64 bytes from aaaa::212:7406:6:606: icmp_seq=14 ttl=62 time=4438 ms
64 bytes from aaaa::212:7406:6:606: icmp_seq=15 ttl=62 time=2358 ms
64 bytes from aaaa::212:7406:6:606: icmp_seq=16 ttl=62 time=2244 ms
64 bytes from aaaa::212:7406:6:606: icmp_seq=17 ttl=62 time=1624 ms
64 bytes from aaaa::212:7406:6:606: icmp_seq=22 ttl=62 time=2950 ms
64 bytes from aaaa::212:7406:6:606: icmp_seq=23 ttl=62 time=877 ms
64 bytes from aaaa::212:7406:6:606: icmp_seq=25 ttl=62 time=1418 ms
64 bytes from aaaa::212:7406:6:606: icmp_seq=32 ttl=62 time=897 ms
64 bytes from aaaa::212:7406:6:606: icmp_seq=33 ttl=62 time=3543 ms
64 bytes from aaaa::212:7406:6:606: icmp_seq=35 ttl=62 time=3410 ms
64 bytes from aaaa::212:7406:6:606: icmp_seq=37 ttl=62 time=2554 ms
64 bytes from aaaa::212:7406:6:606: icmp_seq=45 ttl=62 time=3097 ms
64 bytes from aaaa::212:7406:6:606: icmp_seq=49 ttl=62 time=1604 ms
64 bytes from aaaa::212:7406:6:606: icmp_seq=54 ttl=62 time=2026 ms
64 bytes from aaaa::212:7406:6:606: icmp_seq=59 ttl=62 time=2485 ms
64 bytes from aaaa::212:7406:6:606: icmp_seq=65 ttl=62 time=5186 ms
64 bytes from aaaa::212:7406:6:606: icmp_seq=71 ttl=62 time=1714 ms
64 bytes from aaaa::212:7406:6:606: icmp_seq=172 ttl=61 time=3316 ms
64 bytes from aaaa::212:7406:6:606: icmp_seq=180 ttl=61 time=892 ms
64 bytes from aaaa::212:7406:6:606: icmp_seq=181 ttl=61 time=7977 ms
64 bytes from aaaa::212:7406:6:606: icmp_seq=183 ttl=61 time=587 ms
64 bytes from aaaa::212:7406:6:606: icmp_seq=184 ttl=61 time=499 ms
64 bytes from aaaa::212:7406:6:606: icmp_seq=187 ttl=61 time=2483 ms
64 bytes from aaaa::212:7406:6:606: icmp_seq=189 ttl=61 time=714 ms
64 bytes from aaaa::212:7406:6:606: icmp_seq=190 ttl=61 time=541 ms
64 bytes from aaaa::212:7406:6:606: icmp_seq=191 ttl=61 time=969 ms
64 bytes from aaaa::212:7406:6:606: icmp_seq=192 ttl=61 time=1705 ms
64 bytes from aaaa::212:7406:6:606: icmp_seq=195 ttl=61 time=795 ms
64 bytes from aaaa::212:7406:6:606: icmp_seq=196 ttl=61 time=502 ms
64 bytes from aaaa::212:7406:6:606: icmp_seq=197 ttl=61 time=656 ms
64 bytes from aaaa::212:7406:6:606: icmp_seq=198 ttl=61 time=504 ms
64 bytes from aaaa::212:7406:6:606: icmp_seq=200 ttl=61 time=513 ms

--- aaaa::212:7406:6:606 ping statistics ---
200 packets transmitted, 36 received, 82% packet loss, time 995403ms
rtt min/avg/max/mdev = 499.914/2119.387/7977.057/1590.331 ms, pipe 2
