PING aaaa::212:7407:7:707(aaaa::212:7407:7:707) 56 data bytes
64 bytes from aaaa::212:7407:7:707: icmp_seq=1 ttl=63 time=953 ms
64 bytes from aaaa::212:7407:7:707: icmp_seq=3 ttl=63 time=2887 ms
64 bytes from aaaa::212:7407:7:707: icmp_seq=4 ttl=63 time=340 ms
64 bytes from aaaa::212:7407:7:707: icmp_seq=6 ttl=63 time=420 ms
64 bytes from aaaa::212:7407:7:707: icmp_seq=11 ttl=63 time=294 ms
64 bytes from aaaa::212:7407:7:707: icmp_seq=17 ttl=63 time=325 ms
64 bytes from aaaa::212:7407:7:707: icmp_seq=26 ttl=63 time=456 ms
64 bytes from aaaa::212:7407:7:707: icmp_seq=30 ttl=63 time=269 ms
64 bytes from aaaa::212:7407:7:707: icmp_seq=32 ttl=63 time=207 ms
64 bytes from aaaa::212:7407:7:707: icmp_seq=34 ttl=63 time=1044 ms
64 bytes from aaaa::212:7407:7:707: icmp_seq=36 ttl=63 time=2026 ms
64 bytes from aaaa::212:7407:7:707: icmp_seq=40 ttl=63 time=2955 ms
64 bytes from aaaa::212:7407:7:707: icmp_seq=44 ttl=63 time=2196 ms
64 bytes from aaaa::212:7407:7:707: icmp_seq=47 ttl=63 time=336 ms
64 bytes from aaaa::212:7407:7:707: icmp_seq=55 ttl=63 time=710 ms
64 bytes from aaaa::212:7407:7:707: icmp_seq=57 ttl=63 time=236 ms
64 bytes from aaaa::212:7407:7:707: icmp_seq=59 ttl=63 time=266 ms
64 bytes from aaaa::212:7407:7:707: icmp_seq=61 ttl=63 time=1800 ms
64 bytes from aaaa::212:7407:7:707: icmp_seq=63 ttl=63 time=214 ms
64 bytes from aaaa::212:7407:7:707: icmp_seq=67 ttl=63 time=390 ms
64 bytes from aaaa::212:7407:7:707: icmp_seq=68 ttl=63 time=284 ms
64 bytes from aaaa::212:7407:7:707: icmp_seq=69 ttl=63 time=562 ms
64 bytes from aaaa::212:7407:7:707: icmp_seq=70 ttl=63 time=1140 ms
64 bytes from aaaa::212:7407:7:707: icmp_seq=71 ttl=63 time=283 ms
64 bytes from aaaa::212:7407:7:707: icmp_seq=72 ttl=63 time=329 ms
64 bytes from aaaa::212:7407:7:707: icmp_seq=74 ttl=63 time=1380 ms
64 bytes from aaaa::212:7407:7:707: icmp_seq=75 ttl=63 time=1660 ms
64 bytes from aaaa::212:7407:7:707: icmp_seq=77 ttl=63 time=183 ms
64 bytes from aaaa::212:7407:7:707: icmp_seq=78 ttl=63 time=689 ms
64 bytes from aaaa::212:7407:7:707: icmp_seq=79 ttl=63 time=1908 ms
64 bytes from aaaa::212:7407:7:707: icmp_seq=80 ttl=63 time=284 ms
64 bytes from aaaa::212:7407:7:707: icmp_seq=81 ttl=63 time=256 ms
64 bytes from aaaa::212:7407:7:707: icmp_seq=82 ttl=63 time=180 ms
64 bytes from aaaa::212:7407:7:707: icmp_seq=83 ttl=63 time=222 ms
64 bytes from aaaa::212:7407:7:707: icmp_seq=84 ttl=63 time=597 ms
64 bytes from aaaa::212:7407:7:707: icmp_seq=85 ttl=63 time=305 ms
64 bytes from aaaa::212:7407:7:707: icmp_seq=86 ttl=63 time=405 ms
64 bytes from aaaa::212:7407:7:707: icmp_seq=87 ttl=63 time=291 ms
64 bytes from aaaa::212:7407:7:707: icmp_seq=88 ttl=63 time=171 ms
64 bytes from aaaa::212:7407:7:707: icmp_seq=89 ttl=63 time=220 ms
64 bytes from aaaa::212:7407:7:707: icmp_seq=90 ttl=63 time=233 ms
64 bytes from aaaa::212:7407:7:707: icmp_seq=91 ttl=63 time=281 ms
64 bytes from aaaa::212:7407:7:707: icmp_seq=92 ttl=63 time=585 ms
64 bytes from aaaa::212:7407:7:707: icmp_seq=93 ttl=63 time=895 ms
64 bytes from aaaa::212:7407:7:707: icmp_seq=94 ttl=63 time=351 ms
64 bytes from aaaa::212:7407:7:707: icmp_seq=95 ttl=63 time=218 ms
64 bytes from aaaa::212:7407:7:707: icmp_seq=96 ttl=63 time=1494 ms
64 bytes from aaaa::212:7407:7:707: icmp_seq=98 ttl=63 time=810 ms
64 bytes from aaaa::212:7407:7:707: icmp_seq=100 ttl=63 time=193 ms
64 bytes from aaaa::212:7407:7:707: icmp_seq=101 ttl=63 time=1334 ms
64 bytes from aaaa::212:7407:7:707: icmp_seq=103 ttl=63 time=213 ms
64 bytes from aaaa::212:7407:7:707: icmp_seq=104 ttl=63 time=1676 ms
64 bytes from aaaa::212:7407:7:707: icmp_seq=105 ttl=63 time=1735 ms
64 bytes from aaaa::212:7407:7:707: icmp_seq=106 ttl=63 time=524 ms
64 bytes from aaaa::212:7407:7:707: icmp_seq=107 ttl=63 time=401 ms
64 bytes from aaaa::212:7407:7:707: icmp_seq=108 ttl=63 time=924 ms
64 bytes from aaaa::212:7407:7:707: icmp_seq=109 ttl=63 time=450 ms
64 bytes from aaaa::212:7407:7:707: icmp_seq=110 ttl=63 time=210 ms
64 bytes from aaaa::212:7407:7:707: icmp_seq=111 ttl=63 time=182 ms
64 bytes from aaaa::212:7407:7:707: icmp_seq=112 ttl=63 time=256 ms
64 bytes from aaaa::212:7407:7:707: icmp_seq=113 ttl=63 time=178 ms
64 bytes from aaaa::212:7407:7:707: icmp_seq=114 ttl=63 time=240 ms
64 bytes from aaaa::212:7407:7:707: icmp_seq=115 ttl=63 time=246 ms
64 bytes from aaaa::212:7407:7:707: icmp_seq=116 ttl=63 time=706 ms
64 bytes from aaaa::212:7407:7:707: icmp_seq=117 ttl=63 time=530 ms
64 bytes from aaaa::212:7407:7:707: icmp_seq=118 ttl=63 time=925 ms
64 bytes from aaaa::212:7407:7:707: icmp_seq=119 ttl=63 time=1469 ms
64 bytes from aaaa::212:7407:7:707: icmp_seq=120 ttl=63 time=1193 ms
64 bytes from aaaa::212:7407:7:707: icmp_seq=121 ttl=63 time=278 ms
64 bytes from aaaa::212:7407:7:707: icmp_seq=122 ttl=63 time=1532 ms
64 bytes from aaaa::212:7407:7:707: icmp_seq=123 ttl=63 time=579 ms
64 bytes from aaaa::212:7407:7:707: icmp_seq=124 ttl=63 time=2650 ms
64 bytes from aaaa::212:7407:7:707: icmp_seq=125 ttl=63 time=3238 ms
64 bytes from aaaa::212:7407:7:707: icmp_seq=126 ttl=63 time=197 ms
64 bytes from aaaa::212:7407:7:707: icmp_seq=127 ttl=63 time=299 ms
64 bytes from aaaa::212:7407:7:707: icmp_seq=128 ttl=63 time=1189 ms
64 bytes from aaaa::212:7407:7:707: icmp_seq=129 ttl=63 time=199 ms
64 bytes from aaaa::212:7407:7:707: icmp_seq=130 ttl=63 time=1619 ms
64 bytes from aaaa::212:7407:7:707: icmp_seq=131 ttl=63 time=672 ms
64 bytes from aaaa::212:7407:7:707: icmp_seq=132 ttl=63 time=450 ms
64 bytes from aaaa::212:7407:7:707: icmp_seq=133 ttl=63 time=202 ms
64 bytes from aaaa::212:7407:7:707: icmp_seq=134 ttl=63 time=1939 ms
64 bytes from aaaa::212:7407:7:707: icmp_seq=136 ttl=63 time=1100 ms
64 bytes from aaaa::212:7407:7:707: icmp_seq=137 ttl=63 time=1292 ms
64 bytes from aaaa::212:7407:7:707: icmp_seq=139 ttl=63 time=417 ms
64 bytes from aaaa::212:7407:7:707: icmp_seq=140 ttl=63 time=263 ms
64 bytes from aaaa::212:7407:7:707: icmp_seq=141 ttl=63 time=221 ms
64 bytes from aaaa::212:7407:7:707: icmp_seq=142 ttl=63 time=483 ms
64 bytes from aaaa::212:7407:7:707: icmp_seq=143 ttl=63 time=1324 ms
64 bytes from aaaa::212:7407:7:707: icmp_seq=145 ttl=63 time=1664 ms
64 bytes from aaaa::212:7407:7:707: icmp_seq=146 ttl=63 time=2233 ms
64 bytes from aaaa::212:7407:7:707: icmp_seq=147 ttl=63 time=298 ms
64 bytes from aaaa::212:7407:7:707: icmp_seq=148 ttl=63 time=1257 ms
64 bytes from aaaa::212:7407:7:707: icmp_seq=149 ttl=63 time=221 ms
64 bytes from aaaa::212:7407:7:707: icmp_seq=150 ttl=63 time=2071 ms
64 bytes from aaaa::212:7407:7:707: icmp_seq=152 ttl=63 time=2076 ms
64 bytes from aaaa::212:7407:7:707: icmp_seq=153 ttl=63 time=1305 ms
64 bytes from aaaa::212:7407:7:707: icmp_seq=155 ttl=63 time=243 ms
64 bytes from aaaa::212:7407:7:707: icmp_seq=161 ttl=63 time=573 ms
64 bytes from aaaa::212:7407:7:707: icmp_seq=165 ttl=63 time=661 ms
64 bytes from aaaa::212:7407:7:707: icmp_seq=166 ttl=63 time=366 ms
64 bytes from aaaa::212:7407:7:707: icmp_seq=167 ttl=63 time=958 ms
64 bytes from aaaa::212:7407:7:707: icmp_seq=168 ttl=63 time=999 ms
64 bytes from aaaa::212:7407:7:707: icmp_seq=170 ttl=63 time=195 ms
64 bytes from aaaa::212:7407:7:707: icmp_seq=171 ttl=63 time=312 ms
64 bytes from aaaa::212:7407:7:707: icmp_seq=173 ttl=63 time=1512 ms
64 bytes from aaaa::212:7407:7:707: icmp_seq=174 ttl=63 time=331 ms
64 bytes from aaaa::212:7407:7:707: icmp_seq=175 ttl=63 time=2749 ms
64 bytes from aaaa::212:7407:7:707: icmp_seq=176 ttl=63 time=348 ms
64 bytes from aaaa::212:7407:7:707: icmp_seq=178 ttl=63 time=281 ms
64 bytes from aaaa::212:7407:7:707: icmp_seq=179 ttl=63 time=220 ms
64 bytes from aaaa::212:7407:7:707: icmp_seq=180 ttl=63 time=1652 ms
64 bytes from aaaa::212:7407:7:707: icmp_seq=181 ttl=63 time=4390 ms
64 bytes from aaaa::212:7407:7:707: icmp_seq=182 ttl=63 time=312 ms
64 bytes from aaaa::212:7407:7:707: icmp_seq=183 ttl=63 time=1164 ms
64 bytes from aaaa::212:7407:7:707: icmp_seq=184 ttl=63 time=579 ms
64 bytes from aaaa::212:7407:7:707: icmp_seq=186 ttl=63 time=368 ms
64 bytes from aaaa::212:7407:7:707: icmp_seq=188 ttl=63 time=535 ms
64 bytes from aaaa::212:7407:7:707: icmp_seq=189 ttl=63 time=234 ms
64 bytes from aaaa::212:7407:7:707: icmp_seq=190 ttl=63 time=284 ms
64 bytes from aaaa::212:7407:7:707: icmp_seq=191 ttl=63 time=972 ms
64 bytes from aaaa::212:7407:7:707: icmp_seq=192 ttl=63 time=293 ms
64 bytes from aaaa::212:7407:7:707: icmp_seq=193 ttl=63 time=844 ms
64 bytes from aaaa::212:7407:7:707: icmp_seq=194 ttl=63 time=949 ms
64 bytes from aaaa::212:7407:7:707: icmp_seq=195 ttl=63 time=1694 ms
64 bytes from aaaa::212:7407:7:707: icmp_seq=196 ttl=63 time=517 ms
64 bytes from aaaa::212:7407:7:707: icmp_seq=197 ttl=63 time=217 ms
64 bytes from aaaa::212:7407:7:707: icmp_seq=198 ttl=63 time=418 ms
64 bytes from aaaa::212:7407:7:707: icmp_seq=199 ttl=63 time=1335 ms
64 bytes from aaaa::212:7407:7:707: icmp_seq=200 ttl=63 time=140 ms

--- aaaa::212:7407:7:707 ping statistics ---
200 packets transmitted, 130 received, 35% packet loss, time 996083ms
rtt min/avg/max/mdev = 140.297/816.150/4390.583/766.693 ms
