PING aaaa::212:7419:19:1919(aaaa::212:7419:19:1919) 56 data bytes
64 bytes from aaaa::212:7419:19:1919: icmp_seq=4 ttl=63 time=710 ms
64 bytes from aaaa::212:7419:19:1919: icmp_seq=8 ttl=63 time=1630 ms
64 bytes from aaaa::212:7419:19:1919: icmp_seq=11 ttl=63 time=473 ms
64 bytes from aaaa::212:7419:19:1919: icmp_seq=12 ttl=63 time=898 ms
64 bytes from aaaa::212:7419:19:1919: icmp_seq=16 ttl=63 time=4232 ms
64 bytes from aaaa::212:7419:19:1919: icmp_seq=17 ttl=63 time=2271 ms
64 bytes from aaaa::212:7419:19:1919: icmp_seq=19 ttl=63 time=6387 ms
64 bytes from aaaa::212:7419:19:1919: icmp_seq=20 ttl=63 time=1478 ms
64 bytes from aaaa::212:7419:19:1919: icmp_seq=21 ttl=63 time=770 ms
64 bytes from aaaa::212:7419:19:1919: icmp_seq=22 ttl=63 time=665 ms
64 bytes from aaaa::212:7419:19:1919: icmp_seq=25 ttl=63 time=678 ms
64 bytes from aaaa::212:7419:19:1919: icmp_seq=28 ttl=63 time=520 ms
64 bytes from aaaa::212:7419:19:1919: icmp_seq=29 ttl=63 time=475 ms
64 bytes from aaaa::212:7419:19:1919: icmp_seq=30 ttl=63 time=630 ms
64 bytes from aaaa::212:7419:19:1919: icmp_seq=32 ttl=63 time=689 ms
64 bytes from aaaa::212:7419:19:1919: icmp_seq=37 ttl=63 time=516 ms
64 bytes from aaaa::212:7419:19:1919: icmp_seq=40 ttl=63 time=1033 ms
64 bytes from aaaa::212:7419:19:1919: icmp_seq=41 ttl=63 time=648 ms
64 bytes from aaaa::212:7419:19:1919: icmp_seq=61 ttl=63 time=2464 ms
64 bytes from aaaa::212:7419:19:1919: icmp_seq=62 ttl=63 time=852 ms
64 bytes from aaaa::212:7419:19:1919: icmp_seq=64 ttl=63 time=2822 ms
64 bytes from aaaa::212:7419:19:1919: icmp_seq=65 ttl=63 time=1475 ms
64 bytes from aaaa::212:7419:19:1919: icmp_seq=66 ttl=63 time=579 ms
64 bytes from aaaa::212:7419:19:1919: icmp_seq=86 ttl=63 time=4579 ms
64 bytes from aaaa::212:7419:19:1919: icmp_seq=110 ttl=63 time=1524 ms
64 bytes from aaaa::212:7419:19:1919: icmp_seq=113 ttl=63 time=3220 ms
64 bytes from aaaa::212:7419:19:1919: icmp_seq=120 ttl=63 time=18920 ms

--- aaaa::212:7419:19:1919 ping statistics ---
200 packets transmitted, 27 received, 86% packet loss, time 995946ms
rtt min/avg/max/mdev = 473.081/2264.845/18920.700/3576.291 ms, pipe 4
