   Neighbors
fe80::212:7412:12:1212
fe80::212:7419:19:1919
fe80::212:7413:13:1313
fe80::212:740a:a:a0a
fe80::212:740c:c:c0c
fe80::212:7416:16:1616
fe80::212:7407:7:707
fe80::212:7409:9:909
fe80::212:740e:e:e0e
fe80::212:7405:5:505
fe80::212:740f:f:f0f
fe80::212:7411:11:1111
fe80::212:7414:14:1414
fe80::212:741a:1a:1a1a
fe80::212:7408:8:808
fe80::212:7402:2:202
fe80::212:7418:18:1818
fe80::212:740b:b:b0b

   Routes
aaaa::212:7412:12:1212/128 (via fe80::212:7412:12:1212) 16711407s
aaaa::212:7419:19:1919/128 (via fe80::212:7419:19:1919) 16711402s
aaaa::212:7413:13:1313/128 (via fe80::212:7413:13:1313) 16711404s
aaaa::212:740a:a:a0a/128 (via fe80::212:740a:a:a0a) 16711400s
aaaa::212:740c:c:c0c/128 (via fe80::212:740c:c:c0c) 16711384s
aaaa::212:7416:16:1616/128 (via fe80::212:7416:16:1616) 16711372s
aaaa::212:7409:9:909/128 (via fe80::212:7409:9:909) 16711374s
aaaa::212:7417:17:1717/128 (via fe80::212:7409:9:909) 16711394s
aaaa::212:740e:e:e0e/128 (via fe80::212:740e:e:e0e) 16711366s
aaaa::212:7405:5:505/128 (via fe80::212:7405:5:505) 16711424s
aaaa::212:740f:f:f0f/128 (via fe80::212:740f:f:f0f) 16711365s
aaaa::212:7411:11:1111/128 (via fe80::212:7411:11:1111) 16711365s
aaaa::212:7414:14:1414/128 (via fe80::212:7414:14:1414) 16711361s
aaaa::212:741a:1a:1a1a/128 (via fe80::212:741a:1a:1a1a) 58s
aaaa::212:7408:8:808/128 (via fe80::212:7408:8:808) 16711355s
aaaa::212:7407:7:707/128 (via fe80::212:7408:8:808) 16711408s
aaaa::212:7404:4:404/128 (via fe80::212:7402:2:202) 16711403s
aaaa::212:7402:2:202/128 (via fe80::212:7402:2:202) 16711419s
aaaa::212:7418:18:1818/128 (via fe80::212:7418:18:1818) 16711413s
aaaa::212:740b:b:b0b/128 (via fe80::212:740b:b:b0b) 16711411s
