PING aaaa::212:7418:18:1818(aaaa::212:7418:18:1818) 56 data bytes
64 bytes from aaaa::212:7418:18:1818: icmp_seq=3 ttl=63 time=4488 ms
64 bytes from aaaa::212:7418:18:1818: icmp_seq=10 ttl=63 time=625 ms
64 bytes from aaaa::212:7418:18:1818: icmp_seq=13 ttl=63 time=1762 ms
64 bytes from aaaa::212:7418:18:1818: icmp_seq=15 ttl=63 time=1604 ms
64 bytes from aaaa::212:7418:18:1818: icmp_seq=16 ttl=63 time=1353 ms
64 bytes from aaaa::212:7418:18:1818: icmp_seq=18 ttl=63 time=510 ms
64 bytes from aaaa::212:7418:18:1818: icmp_seq=24 ttl=63 time=1545 ms
64 bytes from aaaa::212:7418:18:1818: icmp_seq=25 ttl=63 time=5140 ms
64 bytes from aaaa::212:7418:18:1818: icmp_seq=29 ttl=63 time=896 ms
64 bytes from aaaa::212:7418:18:1818: icmp_seq=30 ttl=63 time=405 ms
64 bytes from aaaa::212:7418:18:1818: icmp_seq=32 ttl=63 time=677 ms
64 bytes from aaaa::212:7418:18:1818: icmp_seq=33 ttl=63 time=639 ms
64 bytes from aaaa::212:7418:18:1818: icmp_seq=34 ttl=63 time=614 ms
64 bytes from aaaa::212:7418:18:1818: icmp_seq=37 ttl=63 time=726 ms
64 bytes from aaaa::212:7418:18:1818: icmp_seq=39 ttl=63 time=609 ms
64 bytes from aaaa::212:7418:18:1818: icmp_seq=42 ttl=63 time=586 ms
64 bytes from aaaa::212:7418:18:1818: icmp_seq=61 ttl=63 time=2998 ms
64 bytes from aaaa::212:7418:18:1818: icmp_seq=65 ttl=63 time=2709 ms
64 bytes from aaaa::212:7418:18:1818: icmp_seq=67 ttl=63 time=789 ms
64 bytes from aaaa::212:7418:18:1818: icmp_seq=68 ttl=63 time=413 ms
64 bytes from aaaa::212:7418:18:1818: icmp_seq=70 ttl=63 time=1773 ms
64 bytes from aaaa::212:7418:18:1818: icmp_seq=74 ttl=63 time=3317 ms
64 bytes from aaaa::212:7418:18:1818: icmp_seq=75 ttl=63 time=1505 ms
64 bytes from aaaa::212:7418:18:1818: icmp_seq=76 ttl=63 time=1076 ms
64 bytes from aaaa::212:7418:18:1818: icmp_seq=83 ttl=63 time=2307 ms
64 bytes from aaaa::212:7418:18:1818: icmp_seq=84 ttl=63 time=1889 ms
64 bytes from aaaa::212:7418:18:1818: icmp_seq=86 ttl=63 time=752 ms
64 bytes from aaaa::212:7418:18:1818: icmp_seq=88 ttl=63 time=1789 ms
64 bytes from aaaa::212:7418:18:1818: icmp_seq=89 ttl=63 time=702 ms
64 bytes from aaaa::212:7418:18:1818: icmp_seq=92 ttl=63 time=1017 ms
64 bytes from aaaa::212:7418:18:1818: icmp_seq=93 ttl=63 time=1031 ms
64 bytes from aaaa::212:7418:18:1818: icmp_seq=94 ttl=63 time=999 ms
64 bytes from aaaa::212:7418:18:1818: icmp_seq=108 ttl=63 time=1702 ms
64 bytes from aaaa::212:7418:18:1818: icmp_seq=109 ttl=63 time=794 ms
64 bytes from aaaa::212:7418:18:1818: icmp_seq=110 ttl=63 time=2148 ms
64 bytes from aaaa::212:7418:18:1818: icmp_seq=111 ttl=63 time=5352 ms
64 bytes from aaaa::212:7418:18:1818: icmp_seq=112 ttl=63 time=3282 ms
64 bytes from aaaa::212:7418:18:1818: icmp_seq=113 ttl=63 time=24844 ms
64 bytes from aaaa::212:7418:18:1818: icmp_seq=120 ttl=63 time=7599 ms
64 bytes from aaaa::212:7418:18:1818: icmp_seq=124 ttl=63 time=2569 ms
64 bytes from aaaa::212:7418:18:1818: icmp_seq=125 ttl=63 time=17982 ms
64 bytes from aaaa::212:7418:18:1818: icmp_seq=131 ttl=63 time=900 ms
64 bytes from aaaa::212:7418:18:1818: icmp_seq=133 ttl=63 time=5602 ms
64 bytes from aaaa::212:7418:18:1818: icmp_seq=135 ttl=63 time=4185 ms
64 bytes from aaaa::212:7418:18:1818: icmp_seq=139 ttl=63 time=3125 ms
64 bytes from aaaa::212:7418:18:1818: icmp_seq=140 ttl=63 time=766 ms
64 bytes from aaaa::212:7418:18:1818: icmp_seq=141 ttl=63 time=488 ms
64 bytes from aaaa::212:7418:18:1818: icmp_seq=142 ttl=63 time=1007 ms
64 bytes from aaaa::212:7418:18:1818: icmp_seq=143 ttl=63 time=580 ms
64 bytes from aaaa::212:7418:18:1818: icmp_seq=144 ttl=63 time=512 ms
64 bytes from aaaa::212:7418:18:1818: icmp_seq=145 ttl=63 time=479 ms
64 bytes from aaaa::212:7418:18:1818: icmp_seq=146 ttl=63 time=1201 ms
64 bytes from aaaa::212:7418:18:1818: icmp_seq=148 ttl=63 time=1111 ms
64 bytes from aaaa::212:7418:18:1818: icmp_seq=150 ttl=63 time=1203 ms
64 bytes from aaaa::212:7418:18:1818: icmp_seq=151 ttl=63 time=616 ms
64 bytes from aaaa::212:7418:18:1818: icmp_seq=153 ttl=63 time=1692 ms
64 bytes from aaaa::212:7418:18:1818: icmp_seq=154 ttl=63 time=728 ms
64 bytes from aaaa::212:7418:18:1818: icmp_seq=155 ttl=63 time=428 ms
64 bytes from aaaa::212:7418:18:1818: icmp_seq=156 ttl=63 time=3821 ms
64 bytes from aaaa::212:7418:18:1818: icmp_seq=158 ttl=63 time=588 ms
64 bytes from aaaa::212:7418:18:1818: icmp_seq=165 ttl=63 time=2293 ms
64 bytes from aaaa::212:7418:18:1818: icmp_seq=166 ttl=63 time=867 ms
64 bytes from aaaa::212:7418:18:1818: icmp_seq=168 ttl=63 time=1991 ms
64 bytes from aaaa::212:7418:18:1818: icmp_seq=170 ttl=63 time=7508 ms
64 bytes from aaaa::212:7418:18:1818: icmp_seq=173 ttl=63 time=637 ms
64 bytes from aaaa::212:7418:18:1818: icmp_seq=175 ttl=63 time=2529 ms
64 bytes from aaaa::212:7418:18:1818: icmp_seq=176 ttl=63 time=2825 ms
64 bytes from aaaa::212:7418:18:1818: icmp_seq=177 ttl=63 time=308 ms
64 bytes from aaaa::212:7418:18:1818: icmp_seq=178 ttl=63 time=18491 ms
64 bytes from aaaa::212:7418:18:1818: icmp_seq=179 ttl=63 time=13569 ms
64 bytes from aaaa::212:7418:18:1818: icmp_seq=182 ttl=63 time=559 ms
64 bytes from aaaa::212:7418:18:1818: icmp_seq=183 ttl=63 time=1291 ms
64 bytes from aaaa::212:7418:18:1818: icmp_seq=184 ttl=63 time=856 ms
64 bytes from aaaa::212:7418:18:1818: icmp_seq=185 ttl=63 time=479 ms
64 bytes from aaaa::212:7418:18:1818: icmp_seq=186 ttl=63 time=1432 ms
64 bytes from aaaa::212:7418:18:1818: icmp_seq=187 ttl=63 time=858 ms
64 bytes from aaaa::212:7418:18:1818: icmp_seq=188 ttl=63 time=681 ms
64 bytes from aaaa::212:7418:18:1818: icmp_seq=189 ttl=63 time=1615 ms
64 bytes from aaaa::212:7418:18:1818: icmp_seq=190 ttl=63 time=2314 ms
64 bytes from aaaa::212:7418:18:1818: icmp_seq=191 ttl=63 time=1491 ms
64 bytes from aaaa::212:7418:18:1818: icmp_seq=193 ttl=63 time=855 ms
64 bytes from aaaa::212:7418:18:1818: icmp_seq=194 ttl=63 time=290 ms
64 bytes from aaaa::212:7418:18:1818: icmp_seq=196 ttl=63 time=7860 ms
64 bytes from aaaa::212:7418:18:1818: icmp_seq=199 ttl=63 time=850 ms
64 bytes from aaaa::212:7418:18:1818: icmp_seq=200 ttl=63 time=1199 ms

--- aaaa::212:7418:18:1818 ping statistics ---
200 packets transmitted, 85 received, 57% packet loss, time 996202ms
rtt min/avg/max/mdev = 290.087/2543.998/24844.377/4040.428 ms, pipe 5
