   Neighbors
fe80::212:741a:1a:1a1a
fe80::212:740e:e:e0e
fe80::212:7412:12:1212
fe80::212:7408:8:808
fe80::212:7409:9:909
fe80::212:7418:18:1818
fe80::212:740c:c:c0c
fe80::212:740b:b:b0b
fe80::212:740f:f:f0f
fe80::212:7419:19:1919
fe80::212:7411:11:1111
fe80::212:7405:5:505
fe80::212:7407:7:707
fe80::212:7402:2:202
fe80::212:7414:14:1414
fe80::212:7413:13:1313
fe80::212:740a:a:a0a
fe80::212:7416:16:1616

   Routes
aaaa::212:741a:1a:1a1a/128 (via fe80::212:741a:1a:1a1a) 16711405s
aaaa::212:740e:e:e0e/128 (via fe80::212:740e:e:e0e) 16711403s
aaaa::212:7410:10:1010/128 (via fe80::212:740e:e:e0e) 16711411s
aaaa::212:7412:12:1212/128 (via fe80::212:7412:12:1212) 16711404s
aaaa::212:7415:15:1515/128 (via fe80::212:7412:12:1212) 16711414s
aaaa::212:7408:8:808/128 (via fe80::212:7408:8:808) 16711403s
aaaa::212:7407:7:707/128 (via fe80::212:7408:8:808) 16711411s
aaaa::212:7409:9:909/128 (via fe80::212:7409:9:909) 16711398s
aaaa::212:7404:4:404/128 (via fe80::212:7409:9:909) 16711411s
aaaa::212:7418:18:1818/128 (via fe80::212:7418:18:1818) 16711401s
aaaa::212:740c:c:c0c/128 (via fe80::212:740c:c:c0c) 16711399s
aaaa::212:740b:b:b0b/128 (via fe80::212:740b:b:b0b) 16711399s
aaaa::212:7419:19:1919/128 (via fe80::212:7419:19:1919) 16711397s
aaaa::212:7417:17:1717/128 (via fe80::212:7411:11:1111) 16711423s
aaaa::212:7406:6:606/128 (via fe80::212:7405:5:505) 16711421s
aaaa::212:7403:3:303/128 (via fe80::212:7402:2:202) 16711419s
