PING aaaa::212:7403:3:303(aaaa::212:7403:3:303) 56 data bytes
64 bytes from aaaa::212:7403:3:303: icmp_seq=1 ttl=62 time=3256 ms
64 bytes from aaaa::212:7403:3:303: icmp_seq=3 ttl=62 time=1711 ms
64 bytes from aaaa::212:7403:3:303: icmp_seq=5 ttl=62 time=3140 ms
64 bytes from aaaa::212:7403:3:303: icmp_seq=11 ttl=62 time=4386 ms
64 bytes from aaaa::212:7403:3:303: icmp_seq=13 ttl=62 time=2424 ms
64 bytes from aaaa::212:7403:3:303: icmp_seq=17 ttl=62 time=2240 ms
64 bytes from aaaa::212:7403:3:303: icmp_seq=18 ttl=62 time=4420 ms
64 bytes from aaaa::212:7403:3:303: icmp_seq=20 ttl=62 time=3333 ms
64 bytes from aaaa::212:7403:3:303: icmp_seq=21 ttl=62 time=2320 ms
64 bytes from aaaa::212:7403:3:303: icmp_seq=27 ttl=62 time=3321 ms
64 bytes from aaaa::212:7403:3:303: icmp_seq=28 ttl=62 time=4549 ms
64 bytes from aaaa::212:7403:3:303: icmp_seq=29 ttl=62 time=3117 ms
64 bytes from aaaa::212:7403:3:303: icmp_seq=30 ttl=62 time=1230 ms
64 bytes from aaaa::212:7403:3:303: icmp_seq=31 ttl=62 time=2654 ms
64 bytes from aaaa::212:7403:3:303: icmp_seq=34 ttl=62 time=1252 ms
64 bytes from aaaa::212:7403:3:303: icmp_seq=36 ttl=62 time=3438 ms
64 bytes from aaaa::212:7403:3:303: icmp_seq=37 ttl=62 time=702 ms
64 bytes from aaaa::212:7403:3:303: icmp_seq=38 ttl=62 time=2219 ms
64 bytes from aaaa::212:7403:3:303: icmp_seq=39 ttl=62 time=1420 ms
64 bytes from aaaa::212:7403:3:303: icmp_seq=44 ttl=62 time=1821 ms
64 bytes from aaaa::212:7403:3:303: icmp_seq=46 ttl=62 time=1438 ms
64 bytes from aaaa::212:7403:3:303: icmp_seq=47 ttl=62 time=42519 ms
64 bytes from aaaa::212:7403:3:303: icmp_seq=60 ttl=62 time=23787 ms
64 bytes from aaaa::212:7403:3:303: icmp_seq=67 ttl=62 time=14598 ms
64 bytes from aaaa::212:7403:3:303: icmp_seq=70 ttl=62 time=6324 ms
64 bytes from aaaa::212:7403:3:303: icmp_seq=72 ttl=62 time=2032 ms
64 bytes from aaaa::212:7403:3:303: icmp_seq=73 ttl=62 time=4779 ms
64 bytes from aaaa::212:7403:3:303: icmp_seq=74 ttl=62 time=2883 ms
64 bytes from aaaa::212:7403:3:303: icmp_seq=82 ttl=62 time=8347 ms
64 bytes from aaaa::212:7403:3:303: icmp_seq=83 ttl=62 time=9933 ms
64 bytes from aaaa::212:7403:3:303: icmp_seq=85 ttl=62 time=2794 ms
64 bytes from aaaa::212:7403:3:303: icmp_seq=87 ttl=62 time=6893 ms
64 bytes from aaaa::212:7403:3:303: icmp_seq=89 ttl=62 time=2970 ms
64 bytes from aaaa::212:7403:3:303: icmp_seq=90 ttl=62 time=4765 ms
64 bytes from aaaa::212:7403:3:303: icmp_seq=91 ttl=62 time=3949 ms
64 bytes from aaaa::212:7403:3:303: icmp_seq=92 ttl=62 time=1201 ms
64 bytes from aaaa::212:7403:3:303: icmp_seq=96 ttl=62 time=1084 ms
64 bytes from aaaa::212:7403:3:303: icmp_seq=98 ttl=62 time=1828 ms
64 bytes from aaaa::212:7403:3:303: icmp_seq=115 ttl=62 time=5350 ms
64 bytes from aaaa::212:7403:3:303: icmp_seq=116 ttl=62 time=4064 ms
64 bytes from aaaa::212:7403:3:303: icmp_seq=117 ttl=62 time=10261 ms

--- aaaa::212:7403:3:303 ping statistics ---
200 packets transmitted, 41 received, 79% packet loss, time 995946ms
rtt min/avg/max/mdev = 702.260/5238.358/42519.496/7207.969 ms, pipe 9
