PING aaaa::212:740e:e:e0e(aaaa::212:740e:e:e0e) 56 data bytes
64 bytes from aaaa::212:740e:e:e0e: icmp_seq=1 ttl=63 time=469 ms
64 bytes from aaaa::212:740e:e:e0e: icmp_seq=6 ttl=63 time=2109 ms
64 bytes from aaaa::212:740e:e:e0e: icmp_seq=13 ttl=63 time=727 ms
64 bytes from aaaa::212:740e:e:e0e: icmp_seq=27 ttl=63 time=603 ms
64 bytes from aaaa::212:740e:e:e0e: icmp_seq=30 ttl=63 time=936 ms
64 bytes from aaaa::212:740e:e:e0e: icmp_seq=35 ttl=63 time=542 ms
64 bytes from aaaa::212:740e:e:e0e: icmp_seq=37 ttl=63 time=1319 ms
64 bytes from aaaa::212:740e:e:e0e: icmp_seq=42 ttl=63 time=883 ms
64 bytes from aaaa::212:740e:e:e0e: icmp_seq=44 ttl=63 time=1153 ms
64 bytes from aaaa::212:740e:e:e0e: icmp_seq=51 ttl=63 time=19719 ms
64 bytes from aaaa::212:740e:e:e0e: icmp_seq=72 ttl=63 time=2479 ms
64 bytes from aaaa::212:740e:e:e0e: icmp_seq=112 ttl=63 time=1377 ms
64 bytes from aaaa::212:740e:e:e0e: icmp_seq=113 ttl=63 time=571 ms
64 bytes from aaaa::212:740e:e:e0e: icmp_seq=117 ttl=63 time=2250 ms
64 bytes from aaaa::212:740e:e:e0e: icmp_seq=130 ttl=63 time=12383 ms
64 bytes from aaaa::212:740e:e:e0e: icmp_seq=131 ttl=63 time=7430 ms
64 bytes from aaaa::212:740e:e:e0e: icmp_seq=133 ttl=63 time=1202 ms
64 bytes from aaaa::212:740e:e:e0e: icmp_seq=135 ttl=63 time=2891 ms
64 bytes from aaaa::212:740e:e:e0e: icmp_seq=136 ttl=63 time=3726 ms
64 bytes from aaaa::212:740e:e:e0e: icmp_seq=138 ttl=63 time=1773 ms
64 bytes from aaaa::212:740e:e:e0e: icmp_seq=142 ttl=63 time=2430 ms
64 bytes from aaaa::212:740e:e:e0e: icmp_seq=144 ttl=63 time=1823 ms
64 bytes from aaaa::212:740e:e:e0e: icmp_seq=145 ttl=63 time=1388 ms
64 bytes from aaaa::212:740e:e:e0e: icmp_seq=148 ttl=63 time=816 ms
64 bytes from aaaa::212:740e:e:e0e: icmp_seq=149 ttl=63 time=2924 ms
64 bytes from aaaa::212:740e:e:e0e: icmp_seq=150 ttl=63 time=1176 ms
64 bytes from aaaa::212:740e:e:e0e: icmp_seq=151 ttl=63 time=2354 ms
64 bytes from aaaa::212:740e:e:e0e: icmp_seq=153 ttl=63 time=713 ms
64 bytes from aaaa::212:740e:e:e0e: icmp_seq=155 ttl=63 time=1000 ms
64 bytes from aaaa::212:740e:e:e0e: icmp_seq=156 ttl=63 time=1471 ms
64 bytes from aaaa::212:740e:e:e0e: icmp_seq=159 ttl=63 time=1246 ms
64 bytes from aaaa::212:740e:e:e0e: icmp_seq=160 ttl=63 time=637 ms
64 bytes from aaaa::212:740e:e:e0e: icmp_seq=161 ttl=63 time=31505 ms
64 bytes from aaaa::212:740e:e:e0e: icmp_seq=176 ttl=63 time=2183 ms
64 bytes from aaaa::212:740e:e:e0e: icmp_seq=178 ttl=63 time=2152 ms
64 bytes from aaaa::212:740e:e:e0e: icmp_seq=186 ttl=63 time=1039 ms
64 bytes from aaaa::212:740e:e:e0e: icmp_seq=188 ttl=63 time=434 ms
64 bytes from aaaa::212:740e:e:e0e: icmp_seq=191 ttl=63 time=2593 ms
64 bytes from aaaa::212:740e:e:e0e: icmp_seq=193 ttl=63 time=1536 ms
64 bytes from aaaa::212:740e:e:e0e: icmp_seq=194 ttl=63 time=931 ms
64 bytes from aaaa::212:740e:e:e0e: icmp_seq=198 ttl=63 time=2766 ms

--- aaaa::212:740e:e:e0e ping statistics ---
200 packets transmitted, 41 received, 79% packet loss, time 995984ms
rtt min/avg/max/mdev = 434.596/3114.132/31505.844/5640.684 ms, pipe 7
